{"/Users/giheonjang/Documents/MVP/GainDeuk_front/src/components/cards/SignalCard.tsx": {"path":"/Users/giheonjang/Documents/MVP/GainDeuk_front/src/components/cards/SignalCard.tsx","statementMap":{"0":{"start":{"line":1,"column":0},"end":{"line":1,"column":58}},"1":{"start":{"line":2,"column":0},"end":{"line":2,"column":48}},"2":{"start":{"line":3,"column":0},"end":{"line":3,"column":39}},"3":{"start":{"line":4,"column":0},"end":{"line":4,"column":57}},"4":{"start":{"line":14,"column":22},"end":{"line":87,"column":2}},"5":{"start":{"line":25,"column":21},"end":{"line":25,"column":62}},"6":{"start":{"line":29,"column":4},"end":{"line":55,"column":5}},"7":{"start":{"line":31,"column":8},"end":{"line":34,"column":10}},"8":{"start":{"line":36,"column":8},"end":{"line":39,"column":10}},"9":{"start":{"line":41,"column":8},"end":{"line":44,"column":10}},"10":{"start":{"line":46,"column":8},"end":{"line":49,"column":10}},"11":{"start":{"line":51,"column":8},"end":{"line":54,"column":10}},"12":{"start":{"line":63,"column":6},"end":{"line":80,"column":7}},"13":{"start":{"line":65,"column":10},"end":{"line":67,"column":12}},"14":{"start":{"line":69,"column":10},"end":{"line":71,"column":12}},"15":{"start":{"line":73,"column":10},"end":{"line":75,"column":12}},"16":{"start":{"line":77,"column":10},"end":{"line":79,"column":12}},"17":{"start":{"line":89,"column":19},"end":{"line":94,"column":2}},"18":{"start":{"line":96,"column":17},"end":{"line":100,"column":2}},"19":{"start":{"line":102,"column":17},"end":{"line":113,"column":2}},"20":{"start":{"line":115,"column":20},"end":{"line":118,"column":2}},"21":{"start":{"line":120,"column":17},"end":{"line":126,"column":2}},"22":{"start":{"line":128,"column":19},"end":{"line":132,"column":2}},"23":{"start":{"line":134,"column":23},"end":{"line":138,"column":2}},"24":{"start":{"line":140,"column":19},"end":{"line":144,"column":2}},"25":{"start":{"line":146,"column":19},"end":{"line":155,"column":2}},"26":{"start":{"line":150,"column":4},"end":{"line":150,"column":55}},"27":{"start":{"line":150,"column":27},"end":{"line":150,"column":55}},"28":{"start":{"line":151,"column":4},"end":{"line":151,"column":52}},"29":{"start":{"line":151,"column":27},"end":{"line":151,"column":52}},"30":{"start":{"line":152,"column":4},"end":{"line":152,"column":55}},"31":{"start":{"line":152,"column":27},"end":{"line":152,"column":55}},"32":{"start":{"line":153,"column":4},"end":{"line":153,"column":30}},"33":{"start":{"line":157,"column":20},"end":{"line":159,"column":2}},"34":{"start":{"line":161,"column":30},"end":{"line":166,"column":2}},"35":{"start":{"line":168,"column":20},"end":{"line":205,"column":2}},"36":{"start":{"line":176,"column":4},"end":{"line":203,"column":5}},"37":{"start":{"line":179,"column":8},"end":{"line":183,"column":10}},"38":{"start":{"line":186,"column":8},"end":{"line":190,"column":10}},"39":{"start":{"line":192,"column":8},"end":{"line":196,"column":10}},"40":{"start":{"line":198,"column":8},"end":{"line":202,"column":10}},"41":{"start":{"line":207,"column":24},"end":{"line":233,"column":2}},"42":{"start":{"line":215,"column":4},"end":{"line":231,"column":5}},"43":{"start":{"line":217,"column":8},"end":{"line":220,"column":10}},"44":{"start":{"line":222,"column":8},"end":{"line":225,"column":10}},"45":{"start":{"line":227,"column":8},"end":{"line":230,"column":10}},"46":{"start":{"line":235,"column":23},"end":{"line":243,"column":2}},"47":{"start":{"line":245,"column":19},"end":{"line":251,"column":2}},"48":{"start":{"line":253,"column":18},"end":{"line":256,"column":2}},"49":{"start":{"line":258,"column":21},"end":{"line":262,"column":2}},"50":{"start":{"line":264,"column":20},"end":{"line":268,"column":2}},"51":{"start":{"line":265,"column":20},"end":{"line":265,"column":80}},"52":{"start":{"line":270,"column":17},"end":{"line":274,"column":2}},"53":{"start":{"line":276,"column":18},"end":{"line":280,"column":2}},"54":{"start":{"line":282,"column":18},"end":{"line":286,"column":2}},"55":{"start":{"line":288,"column":26},"end":{"line":320,"column":2}},"56":{"start":{"line":322,"column":21},"end":{"line":328,"column":2}},"57":{"start":{"line":325,"column":20},"end":{"line":325,"column":31}},"58":{"start":{"line":326,"column":21},"end":{"line":326,"column":33}},"59":{"start":{"line":330,"column":46},"end":{"line":432,"column":2}},"60":{"start":{"line":336,"column":22},"end":{"line":340,"column":34}},"61":{"start":{"line":337,"column":4},"end":{"line":339,"column":5}},"62":{"start":{"line":338,"column":6},"end":{"line":338,"column":22}},"63":{"start":{"line":342,"column":27},"end":{"line":344,"column":null}},"64":{"start":{"line":343,"column":4},"end":{"line":343,"column":45}},"65":{"start":{"line":347,"column":32},"end":{"line":349,"column":null}},"66":{"start":{"line":348,"column":4},"end":{"line":348,"column":50}},"67":{"start":{"line":352,"column":23},"end":{"line":355,"column":9}},"68":{"start":{"line":352,"column":38},"end":{"line":355,"column":4}},"69":{"start":{"line":357,"column":25},"end":{"line":359,"column":9}},"70":{"start":{"line":357,"column":40},"end":{"line":359,"column":4}},"71":{"start":{"line":361,"column":2},"end":{"line":370,"column":3}},"72":{"start":{"line":362,"column":4},"end":{"line":369,"column":6}},"73":{"start":{"line":372,"column":2},"end":{"line":431,"column":4}},"74":{"start":{"line":434,"column":0},"end":{"line":434,"column":38}},"75":{"start":{"line":436,"column":0},"end":{"line":436,"column":26}}},"fnMap":{"0":{"name":"(anonymous_9)","decl":{"start":{"line":25,"column":12},"end":{"line":25,"column":17}},"loc":{"start":{"line":25,"column":21},"end":{"line":25,"column":62}}},"1":{"name":"(anonymous_10)","decl":{"start":{"line":28,"column":4},"end":{"line":28,"column":9}},"loc":{"start":{"line":28,"column":12},"end":{"line":56,"column":3}}},"2":{"name":"(anonymous_11)","decl":{"start":{"line":62,"column":6},"end":{"line":62,"column":11}},"loc":{"start":{"line":62,"column":14},"end":{"line":81,"column":5}}},"3":{"name":"(anonymous_12)","decl":{"start":{"line":149,"column":11},"end":{"line":149,"column":16}},"loc":{"start":{"line":149,"column":19},"end":{"line":154,"column":3}}},"4":{"name":"(anonymous_13)","decl":{"start":{"line":175,"column":4},"end":{"line":175,"column":9}},"loc":{"start":{"line":175,"column":12},"end":{"line":204,"column":3}}},"5":{"name":"(anonymous_14)","decl":{"start":{"line":214,"column":4},"end":{"line":214,"column":9}},"loc":{"start":{"line":214,"column":12},"end":{"line":232,"column":3}}},"6":{"name":"(anonymous_15)","decl":{"start":{"line":265,"column":11},"end":{"line":265,"column":16}},"loc":{"start":{"line":265,"column":20},"end":{"line":265,"column":80}}},"7":{"name":"(anonymous_16)","decl":{"start":{"line":325,"column":11},"end":{"line":325,"column":16}},"loc":{"start":{"line":325,"column":20},"end":{"line":325,"column":31}}},"8":{"name":"(anonymous_17)","decl":{"start":{"line":326,"column":12},"end":{"line":326,"column":17}},"loc":{"start":{"line":326,"column":21},"end":{"line":326,"column":33}}},"9":{"name":"(anonymous_18)","decl":{"start":{"line":330,"column":51},"end":{"line":330,"column":52}},"loc":{"start":{"line":335,"column":5},"end":{"line":432,"column":1}}},"10":{"name":"(anonymous_19)","decl":{"start":{"line":336,"column":34},"end":{"line":336,"column":37}},"loc":{"start":{"line":336,"column":39},"end":{"line":340,"column":3}}},"11":{"name":"(anonymous_20)","decl":{"start":{"line":342,"column":35},"end":{"line":342,"column":38}},"loc":{"start":{"line":343,"column":4},"end":{"line":343,"column":45}}},"12":{"name":"(anonymous_21)","decl":{"start":{"line":347,"column":40},"end":{"line":347,"column":43}},"loc":{"start":{"line":348,"column":4},"end":{"line":348,"column":50}}},"13":{"name":"(anonymous_22)","decl":{"start":{"line":352,"column":31},"end":{"line":352,"column":34}},"loc":{"start":{"line":352,"column":38},"end":{"line":355,"column":4}}},"14":{"name":"(anonymous_23)","decl":{"start":{"line":357,"column":33},"end":{"line":357,"column":36}},"loc":{"start":{"line":357,"column":40},"end":{"line":359,"column":4}}}},"branchMap":{"0":{"loc":{"start":{"line":25,"column":21},"end":{"line":25,"column":62}},"type":"cond-expr","locations":[{"start":{"line":25,"column":41},"end":{"line":25,"column":50}},{"start":{"line":25,"column":53},"end":{"line":25,"column":62}}]},"1":{"loc":{"start":{"line":29,"column":4},"end":{"line":55,"column":5}},"type":"switch","locations":[{"start":{"line":30,"column":6},"end":{"line":34,"column":10}},{"start":{"line":35,"column":6},"end":{"line":39,"column":10}},{"start":{"line":40,"column":6},"end":{"line":44,"column":10}},{"start":{"line":45,"column":6},"end":{"line":49,"column":10}},{"start":{"line":50,"column":6},"end":{"line":54,"column":10}}]},"2":{"loc":{"start":{"line":63,"column":6},"end":{"line":80,"column":7}},"type":"switch","locations":[{"start":{"line":64,"column":8},"end":{"line":67,"column":12}},{"start":{"line":68,"column":8},"end":{"line":71,"column":12}},{"start":{"line":72,"column":8},"end":{"line":75,"column":12}},{"start":{"line":76,"column":8},"end":{"line":79,"column":12}}]},"3":{"loc":{"start":{"line":150,"column":4},"end":{"line":150,"column":55}},"type":"if","locations":[{"start":{"line":150,"column":4},"end":{"line":150,"column":55}},{"start":{},"end":{}}]},"4":{"loc":{"start":{"line":151,"column":4},"end":{"line":151,"column":52}},"type":"if","locations":[{"start":{"line":151,"column":4},"end":{"line":151,"column":52}},{"start":{},"end":{}}]},"5":{"loc":{"start":{"line":152,"column":4},"end":{"line":152,"column":55}},"type":"if","locations":[{"start":{"line":152,"column":4},"end":{"line":152,"column":55}},{"start":{},"end":{}}]},"6":{"loc":{"start":{"line":176,"column":4},"end":{"line":203,"column":5}},"type":"switch","locations":[{"start":{"line":177,"column":6},"end":{"line":177,"column":24}},{"start":{"line":178,"column":6},"end":{"line":183,"column":10}},{"start":{"line":184,"column":6},"end":{"line":184,"column":25}},{"start":{"line":185,"column":6},"end":{"line":190,"column":10}},{"start":{"line":191,"column":6},"end":{"line":196,"column":10}},{"start":{"line":197,"column":6},"end":{"line":202,"column":10}}]},"7":{"loc":{"start":{"line":215,"column":4},"end":{"line":231,"column":5}},"type":"switch","locations":[{"start":{"line":216,"column":6},"end":{"line":220,"column":10}},{"start":{"line":221,"column":6},"end":{"line":225,"column":10}},{"start":{"line":226,"column":6},"end":{"line":230,"column":10}}]},"8":{"loc":{"start":{"line":265,"column":20},"end":{"line":265,"column":80}},"type":"cond-expr","locations":[{"start":{"line":265,"column":39},"end":{"line":265,"column":59}},{"start":{"line":265,"column":62},"end":{"line":265,"column":80}}]},"9":{"loc":{"start":{"line":334,"column":2},"end":{"line":334,"column":19}},"type":"default-arg","locations":[{"start":{"line":334,"column":14},"end":{"line":334,"column":19}}]},"10":{"loc":{"start":{"line":337,"column":4},"end":{"line":339,"column":5}},"type":"if","locations":[{"start":{"line":337,"column":4},"end":{"line":339,"column":5}},{"start":{},"end":{}}]},"11":{"loc":{"start":{"line":337,"column":8},"end":{"line":337,"column":29}},"type":"binary-expr","locations":[{"start":{"line":337,"column":8},"end":{"line":337,"column":15}},{"start":{"line":337,"column":19},"end":{"line":337,"column":29}}]},"12":{"loc":{"start":{"line":361,"column":2},"end":{"line":370,"column":3}},"type":"if","locations":[{"start":{"line":361,"column":2},"end":{"line":370,"column":3}},{"start":{},"end":{}}]},"13":{"loc":{"start":{"line":421,"column":13},"end":{"line":421,"column":41}},"type":"cond-expr","locations":[{"start":{"line":421,"column":32},"end":{"line":421,"column":35}},{"start":{"line":421,"column":38},"end":{"line":421,"column":41}}]}},"s":{"0":0,"1":0,"2":0,"3":0,"4":0,"5":0,"6":0,"7":0,"8":0,"9":0,"10":0,"11":0,"12":0,"13":0,"14":0,"15":0,"16":0,"17":0,"18":0,"19":0,"20":0,"21":0,"22":0,"23":0,"24":0,"25":0,"26":0,"27":0,"28":0,"29":0,"30":0,"31":0,"32":0,"33":0,"34":0,"35":0,"36":0,"37":0,"38":0,"39":0,"40":0,"41":0,"42":0,"43":0,"44":0,"45":0,"46":0,"47":0,"48":0,"49":0,"50":0,"51":0,"52":0,"53":0,"54":0,"55":0,"56":0,"57":0,"58":0,"59":0,"60":0,"61":0,"62":0,"63":0,"64":0,"65":0,"66":0,"67":0,"68":0,"69":0,"70":0,"71":0,"72":0,"73":0,"74":0,"75":0},"f":{"0":0,"1":0,"2":0,"3":0,"4":0,"5":0,"6":0,"7":0,"8":0,"9":0,"10":0,"11":0,"12":0,"13":0,"14":0},"b":{"0":[0,0],"1":[0,0,0,0,0],"2":[0,0,0,0],"3":[0,0],"4":[0,0],"5":[0,0],"6":[0,0,0,0,0,0],"7":[0,0,0],"8":[0,0],"9":[0],"10":[0,0],"11":[0,0],"12":[0,0],"13":[0,0]}}
,"/Users/giheonjang/Documents/MVP/GainDeuk_front/src/components/cards/index.ts": {"path":"/Users/giheonjang/Documents/MVP/GainDeuk_front/src/components/cards/index.ts","statementMap":{"0":{"start":{"line":1,"column":0},"end":{"line":1,"column":9}},"1":{"start":{"line":1,"column":9},"end":{"line":1,"column":30}}},"fnMap":{"0":{"name":"(anonymous_1)","decl":{"start":{"line":1,"column":9},"end":{"line":1,"column":16}},"loc":{"start":{"line":1,"column":9},"end":{"line":1,"column":30}}}},"branchMap":{},"s":{"0":0,"1":0},"f":{"0":0},"b":{}}
,"/Users/giheonjang/Documents/MVP/GainDeuk_front/src/components/charts/index.ts": {"path":"/Users/giheonjang/Documents/MVP/GainDeuk_front/src/components/charts/index.ts","statementMap":{"0":{"start":{"line":1,"column":0},"end":{"line":1,"column":9}},"1":{"start":{"line":1,"column":9},"end":{"line":1,"column":30}}},"fnMap":{"0":{"name":"(anonymous_1)","decl":{"start":{"line":1,"column":9},"end":{"line":1,"column":16}},"loc":{"start":{"line":1,"column":9},"end":{"line":1,"column":30}}}},"branchMap":{},"s":{"0":0,"1":0},"f":{"0":0},"b":{}}
,"/Users/giheonjang/Documents/MVP/GainDeuk_front/src/components/common/Accordion.tsx": {"path":"/Users/giheonjang/Documents/MVP/GainDeuk_front/src/components/common/Accordion.tsx","statementMap":{"0":{"start":{"line":1,"column":0},"end":{"line":1,"column":40}},"1":{"start":{"line":2,"column":0},"end":{"line":2,"column":48}},"2":{"start":{"line":3,"column":0},"end":{"line":3,"column":56}},"3":{"start":{"line":4,"column":0},"end":{"line":4,"column":43}},"4":{"start":{"line":31,"column":27},"end":{"line":56,"column":2}},"5":{"start":{"line":37,"column":4},"end":{"line":54,"column":5}},"6":{"start":{"line":39,"column":8},"end":{"line":43,"column":10}},"7":{"start":{"line":45,"column":8},"end":{"line":49,"column":10}},"8":{"start":{"line":51,"column":8},"end":{"line":53,"column":10}},"9":{"start":{"line":58,"column":31},"end":{"line":87,"column":2}},"10":{"start":{"line":66,"column":22},"end":{"line":66,"column":46}},"11":{"start":{"line":69,"column":4},"end":{"line":85,"column":5}},"12":{"start":{"line":71,"column":8},"end":{"line":79,"column":10}},"13":{"start":{"line":81,"column":8},"end":{"line":84,"column":10}},"14":{"start":{"line":89,"column":24},"end":{"line":129,"column":2}},"15":{"start":{"line":99,"column":21},"end":{"line":99,"column":63}},"16":{"start":{"line":108,"column":4},"end":{"line":119,"column":5}},"17":{"start":{"line":110,"column":8},"end":{"line":113,"column":10}},"18":{"start":{"line":115,"column":8},"end":{"line":118,"column":10}},"19":{"start":{"line":126,"column":13},"end":{"line":128,"column":null}},"20":{"start":{"line":131,"column":23},"end":{"line":151,"column":2}},"21":{"start":{"line":136,"column":4},"end":{"line":149,"column":5}},"22":{"start":{"line":138,"column":8},"end":{"line":140,"column":10}},"23":{"start":{"line":142,"column":8},"end":{"line":144,"column":10}},"24":{"start":{"line":146,"column":8},"end":{"line":148,"column":10}},"25":{"start":{"line":153,"column":22},"end":{"line":159,"column":2}},"26":{"start":{"line":161,"column":25},"end":{"line":177,"column":2}},"27":{"start":{"line":166,"column":4},"end":{"line":175,"column":5}},"28":{"start":{"line":168,"column":8},"end":{"line":170,"column":10}},"29":{"start":{"line":172,"column":8},"end":{"line":174,"column":10}},"30":{"start":{"line":179,"column":30},"end":{"line":195,"column":2}},"31":{"start":{"line":184,"column":4},"end":{"line":193,"column":5}},"32":{"start":{"line":186,"column":8},"end":{"line":188,"column":10}},"33":{"start":{"line":190,"column":8},"end":{"line":192,"column":10}},"34":{"start":{"line":197,"column":61},"end":{"line":253,"column":1}},"35":{"start":{"line":205,"column":2},"end":{"line":252,"column":4}},"36":{"start":{"line":255,"column":44},"end":{"line":291,"column":1}},"37":{"start":{"line":263,"column":36},"end":{"line":263,"column":72}},"38":{"start":{"line":265,"column":23},"end":{"line":275,"column":3}},"39":{"start":{"line":266,"column":4},"end":{"line":274,"column":7}},"40":{"start":{"line":267,"column":6},"end":{"line":273,"column":7}},"41":{"start":{"line":268,"column":8},"end":{"line":270,"column":30}},"42":{"start":{"line":269,"column":30},"end":{"line":269,"column":43}},"43":{"start":{"line":272,"column":8},"end":{"line":272,"column":53}},"44":{"start":{"line":277,"column":2},"end":{"line":290,"column":4}},"45":{"start":{"line":280,"column":8},"end":{"line":281,"column":null}},"46":{"start":{"line":284,"column":26},"end":{"line":284,"column":65}},"47":{"start":{"line":293,"column":0},"end":{"line":293,"column":25}}},"fnMap":{"0":{"name":"(anonymous_9)","decl":{"start":{"line":36,"column":4},"end":{"line":36,"column":9}},"loc":{"start":{"line":36,"column":12},"end":{"line":55,"column":3}}},"1":{"name":"(anonymous_10)","decl":{"start":{"line":66,"column":13},"end":{"line":66,"column":18}},"loc":{"start":{"line":66,"column":22},"end":{"line":66,"column":46}}},"2":{"name":"(anonymous_11)","decl":{"start":{"line":68,"column":4},"end":{"line":68,"column":9}},"loc":{"start":{"line":68,"column":12},"end":{"line":86,"column":3}}},"3":{"name":"(anonymous_12)","decl":{"start":{"line":99,"column":12},"end":{"line":99,"column":17}},"loc":{"start":{"line":99,"column":21},"end":{"line":99,"column":63}}},"4":{"name":"(anonymous_13)","decl":{"start":{"line":107,"column":4},"end":{"line":107,"column":9}},"loc":{"start":{"line":107,"column":12},"end":{"line":120,"column":3}}},"5":{"name":"(anonymous_14)","decl":{"start":{"line":126,"column":4},"end":{"line":126,"column":9}},"loc":{"start":{"line":126,"column":13},"end":{"line":128,"column":null}}},"6":{"name":"(anonymous_15)","decl":{"start":{"line":135,"column":4},"end":{"line":135,"column":9}},"loc":{"start":{"line":135,"column":12},"end":{"line":150,"column":3}}},"7":{"name":"(anonymous_16)","decl":{"start":{"line":165,"column":4},"end":{"line":165,"column":9}},"loc":{"start":{"line":165,"column":12},"end":{"line":176,"column":3}}},"8":{"name":"(anonymous_17)","decl":{"start":{"line":183,"column":4},"end":{"line":183,"column":9}},"loc":{"start":{"line":183,"column":12},"end":{"line":194,"column":3}}},"9":{"name":"(anonymous_18)","decl":{"start":{"line":197,"column":61},"end":{"line":197,"column":62}},"loc":{"start":{"line":204,"column":5},"end":{"line":253,"column":1}}},"10":{"name":"(anonymous_19)","decl":{"start":{"line":255,"column":44},"end":{"line":255,"column":45}},"loc":{"start":{"line":262,"column":5},"end":{"line":291,"column":1}}},"11":{"name":"(anonymous_20)","decl":{"start":{"line":265,"column":23},"end":{"line":265,"column":24}},"loc":{"start":{"line":265,"column":42},"end":{"line":275,"column":3}}},"12":{"name":"(anonymous_21)","decl":{"start":{"line":266,"column":17},"end":{"line":266,"column":21}},"loc":{"start":{"line":266,"column":24},"end":{"line":274,"column":5}}},"13":{"name":"(anonymous_22)","decl":{"start":{"line":269,"column":24},"end":{"line":269,"column":26}},"loc":{"start":{"line":269,"column":30},"end":{"line":269,"column":43}}},"14":{"name":"(anonymous_23)","decl":{"start":{"line":279,"column":17},"end":{"line":279,"column":18}},"loc":{"start":{"line":280,"column":8},"end":{"line":281,"column":null}}},"15":{"name":"(anonymous_24)","decl":{"start":{"line":284,"column":20},"end":{"line":284,"column":23}},"loc":{"start":{"line":284,"column":26},"end":{"line":284,"column":65}}}},"branchMap":{"0":{"loc":{"start":{"line":37,"column":4},"end":{"line":54,"column":5}},"type":"switch","locations":[{"start":{"line":38,"column":6},"end":{"line":43,"column":10}},{"start":{"line":44,"column":6},"end":{"line":49,"column":10}},{"start":{"line":50,"column":6},"end":{"line":53,"column":10}}]},"1":{"loc":{"start":{"line":66,"column":22},"end":{"line":66,"column":46}},"type":"cond-expr","locations":[{"start":{"line":66,"column":39},"end":{"line":66,"column":42}},{"start":{"line":66,"column":45},"end":{"line":66,"column":46}}]},"2":{"loc":{"start":{"line":69,"column":4},"end":{"line":85,"column":5}},"type":"switch","locations":[{"start":{"line":70,"column":6},"end":{"line":79,"column":10}},{"start":{"line":80,"column":6},"end":{"line":84,"column":10}}]},"3":{"loc":{"start":{"line":99,"column":21},"end":{"line":99,"column":63}},"type":"cond-expr","locations":[{"start":{"line":99,"column":38},"end":{"line":99,"column":51}},{"start":{"line":99,"column":54},"end":{"line":99,"column":63}}]},"4":{"loc":{"start":{"line":108,"column":4},"end":{"line":119,"column":5}},"type":"switch","locations":[{"start":{"line":109,"column":6},"end":{"line":113,"column":10}},{"start":{"line":114,"column":6},"end":{"line":118,"column":10}}]},"5":{"loc":{"start":{"line":126,"column":13},"end":{"line":128,"column":null}},"type":"binary-expr","locations":[{"start":{"line":126,"column":13},"end":{"line":126,"column":25}},{"start":{"line":126,"column":29},"end":{"line":128,"column":null}}]},"6":{"loc":{"start":{"line":136,"column":4},"end":{"line":149,"column":5}},"type":"switch","locations":[{"start":{"line":137,"column":6},"end":{"line":140,"column":10}},{"start":{"line":141,"column":6},"end":{"line":144,"column":10}},{"start":{"line":145,"column":6},"end":{"line":148,"column":10}}]},"7":{"loc":{"start":{"line":166,"column":4},"end":{"line":175,"column":5}},"type":"switch","locations":[{"start":{"line":167,"column":6},"end":{"line":170,"column":10}},{"start":{"line":171,"column":6},"end":{"line":174,"column":10}}]},"8":{"loc":{"start":{"line":184,"column":4},"end":{"line":193,"column":5}},"type":"switch","locations":[{"start":{"line":185,"column":6},"end":{"line":188,"column":10}},{"start":{"line":189,"column":6},"end":{"line":192,"column":10}}]},"9":{"loc":{"start":{"line":201,"column":2},"end":{"line":201,"column":21}},"type":"default-arg","locations":[{"start":{"line":201,"column":12},"end":{"line":201,"column":21}}]},"10":{"loc":{"start":{"line":202,"column":2},"end":{"line":202,"column":13}},"type":"default-arg","locations":[{"start":{"line":202,"column":9},"end":{"line":202,"column":13}}]},"11":{"loc":{"start":{"line":226,"column":29},"end":{"line":226,"column":45}},"type":"cond-expr","locations":[{"start":{"line":226,"column":38},"end":{"line":226,"column":41}},{"start":{"line":226,"column":44},"end":{"line":226,"column":45}}]},"12":{"loc":{"start":{"line":234,"column":9},"end":{"line":248,"column":null}},"type":"binary-expr","locations":[{"start":{"line":234,"column":9},"end":{"line":234,"column":15}},{"start":{"line":235,"column":10},"end":{"line":247,"column":null}}]},"13":{"loc":{"start":{"line":257,"column":2},"end":{"line":257,"column":23}},"type":"default-arg","locations":[{"start":{"line":257,"column":18},"end":{"line":257,"column":23}}]},"14":{"loc":{"start":{"line":258,"column":2},"end":{"line":258,"column":23}},"type":"default-arg","locations":[{"start":{"line":258,"column":21},"end":{"line":258,"column":23}}]},"15":{"loc":{"start":{"line":259,"column":2},"end":{"line":259,"column":21}},"type":"default-arg","locations":[{"start":{"line":259,"column":12},"end":{"line":259,"column":21}}]},"16":{"loc":{"start":{"line":260,"column":2},"end":{"line":260,"column":13}},"type":"default-arg","locations":[{"start":{"line":260,"column":9},"end":{"line":260,"column":13}}]},"17":{"loc":{"start":{"line":267,"column":6},"end":{"line":273,"column":7}},"type":"if","locations":[{"start":{"line":267,"column":6},"end":{"line":273,"column":7}},{"start":{"line":271,"column":13},"end":{"line":273,"column":7}}]},"18":{"loc":{"start":{"line":268,"column":15},"end":{"line":270,"column":29}},"type":"cond-expr","locations":[{"start":{"line":269,"column":12},"end":{"line":269,"column":44}},{"start":{"line":270,"column":12},"end":{"line":270,"column":29}}]},"19":{"loc":{"start":{"line":272,"column":15},"end":{"line":272,"column":52}},"type":"cond-expr","locations":[{"start":{"line":272,"column":39},"end":{"line":272,"column":41}},{"start":{"line":272,"column":44},"end":{"line":272,"column":52}}]},"20":{"loc":{"start":{"line":284,"column":26},"end":{"line":284,"column":65}},"type":"binary-expr","locations":[{"start":{"line":284,"column":26},"end":{"line":284,"column":40}},{"start":{"line":284,"column":44},"end":{"line":284,"column":65}}]}},"s":{"0":0,"1":0,"2":0,"3":0,"4":0,"5":0,"6":0,"7":0,"8":0,"9":0,"10":0,"11":0,"12":0,"13":0,"14":0,"15":0,"16":0,"17":0,"18":0,"19":0,"20":0,"21":0,"22":0,"23":0,"24":0,"25":0,"26":0,"27":0,"28":0,"29":0,"30":0,"31":0,"32":0,"33":0,"34":0,"35":0,"36":0,"37":0,"38":0,"39":0,"40":0,"41":0,"42":0,"43":0,"44":0,"45":0,"46":0,"47":0},"f":{"0":0,"1":0,"2":0,"3":0,"4":0,"5":0,"6":0,"7":0,"8":0,"9":0,"10":0,"11":0,"12":0,"13":0,"14":0,"15":0},"b":{"0":[0,0,0],"1":[0,0],"2":[0,0],"3":[0,0],"4":[0,0],"5":[0,0],"6":[0,0,0],"7":[0,0],"8":[0,0],"9":[0],"10":[0],"11":[0,0],"12":[0,0],"13":[0],"14":[0],"15":[0],"16":[0],"17":[0,0],"18":[0,0],"19":[0,0],"20":[0,0]}}
,"/Users/giheonjang/Documents/MVP/GainDeuk_front/src/components/common/AnimatedLoader.tsx": {"path":"/Users/giheonjang/Documents/MVP/GainDeuk_front/src/components/common/AnimatedLoader.tsx","statementMap":{"0":{"start":{"line":2,"column":0},"end":{"line":2,"column":39}},"1":{"start":{"line":3,"column":0},"end":{"line":3,"column":39}},"2":{"start":{"line":4,"column":0},"end":{"line":4,"column":43}},"3":{"start":{"line":5,"column":0},"end":{"line":5,"column":64}},"4":{"start":{"line":15,"column":24},"end":{"line":42,"column":2}},"5":{"start":{"line":22,"column":13},"end":{"line":30,"column":null}},"6":{"start":{"line":33,"column":4},"end":{"line":40,"column":5}},"7":{"start":{"line":35,"column":8},"end":{"line":35,"column":38}},"8":{"start":{"line":37,"column":8},"end":{"line":37,"column":37}},"9":{"start":{"line":39,"column":8},"end":{"line":39,"column":34}},"10":{"start":{"line":44,"column":19},"end":{"line":48,"column":2}},"11":{"start":{"line":45,"column":20},"end":{"line":45,"column":52}},"12":{"start":{"line":50,"column":25},"end":{"line":61,"column":2}},"13":{"start":{"line":52,"column":4},"end":{"line":59,"column":5}},"14":{"start":{"line":54,"column":8},"end":{"line":54,"column":44}},"15":{"start":{"line":56,"column":8},"end":{"line":56,"column":44}},"16":{"start":{"line":58,"column":8},"end":{"line":58,"column":44}},"17":{"start":{"line":63,"column":22},"end":{"line":67,"column":2}},"18":{"start":{"line":69,"column":12},"end":{"line":83,"column":2}},"19":{"start":{"line":70,"column":31},"end":{"line":70,"column":66}},"20":{"start":{"line":74,"column":4},"end":{"line":81,"column":5}},"21":{"start":{"line":76,"column":8},"end":{"line":76,"column":42}},"22":{"start":{"line":78,"column":8},"end":{"line":78,"column":44}},"23":{"start":{"line":80,"column":8},"end":{"line":80,"column":42}},"24":{"start":{"line":85,"column":23},"end":{"line":99,"column":2}},"25":{"start":{"line":86,"column":31},"end":{"line":86,"column":66}},"26":{"start":{"line":90,"column":4},"end":{"line":97,"column":5}},"27":{"start":{"line":92,"column":8},"end":{"line":92,"column":44}},"28":{"start":{"line":94,"column":8},"end":{"line":94,"column":44}},"29":{"start":{"line":96,"column":8},"end":{"line":96,"column":44}},"30":{"start":{"line":101,"column":22},"end":{"line":106,"column":2}},"31":{"start":{"line":108,"column":12},"end":{"line":112,"column":2}},"32":{"start":{"line":109,"column":31},"end":{"line":109,"column":66}},"33":{"start":{"line":114,"column":22},"end":{"line":119,"column":2}},"34":{"start":{"line":121,"column":54},"end":{"line":260,"column":1}},"35":{"start":{"line":128,"column":24},"end":{"line":128,"column":42}},"36":{"start":{"line":130,"column":23},"end":{"line":248,"column":3}},"37":{"start":{"line":131,"column":4},"end":{"line":137,"column":5}},"38":{"start":{"line":132,"column":6},"end":{"line":136,"column":8}},"39":{"start":{"line":139,"column":4},"end":{"line":247,"column":5}},"40":{"start":{"line":141,"column":8},"end":{"line":159,"column":10}},"41":{"start":{"line":162,"column":8},"end":{"line":182,"column":10}},"42":{"start":{"line":165,"column":14},"end":{"line":166,"column":null}},"43":{"start":{"line":185,"column":8},"end":{"line":199,"column":10}},"44":{"start":{"line":202,"column":8},"end":{"line":221,"column":10}},"45":{"start":{"line":205,"column":14},"end":{"line":206,"column":null}},"46":{"start":{"line":224,"column":8},"end":{"line":243,"column":10}},"47":{"start":{"line":227,"column":14},"end":{"line":228,"column":null}},"48":{"start":{"line":246,"column":8},"end":{"line":246,"column":20}},"49":{"start":{"line":250,"column":2},"end":{"line":259,"column":4}},"50":{"start":{"line":262,"column":0},"end":{"line":262,"column":30}}},"fnMap":{"0":{"name":"(anonymous_1)","decl":{"start":{"line":22,"column":4},"end":{"line":22,"column":9}},"loc":{"start":{"line":22,"column":13},"end":{"line":30,"column":null}}},"1":{"name":"(anonymous_2)","decl":{"start":{"line":32,"column":4},"end":{"line":32,"column":9}},"loc":{"start":{"line":32,"column":12},"end":{"line":41,"column":3}}},"2":{"name":"(anonymous_3)","decl":{"start":{"line":45,"column":11},"end":{"line":45,"column":16}},"loc":{"start":{"line":45,"column":20},"end":{"line":45,"column":52}}},"3":{"name":"(anonymous_4)","decl":{"start":{"line":51,"column":4},"end":{"line":51,"column":9}},"loc":{"start":{"line":51,"column":12},"end":{"line":60,"column":3}}},"4":{"name":"(anonymous_5)","decl":{"start":{"line":70,"column":22},"end":{"line":70,"column":27}},"loc":{"start":{"line":70,"column":31},"end":{"line":70,"column":66}}},"5":{"name":"(anonymous_6)","decl":{"start":{"line":73,"column":4},"end":{"line":73,"column":9}},"loc":{"start":{"line":73,"column":12},"end":{"line":82,"column":3}}},"6":{"name":"(anonymous_7)","decl":{"start":{"line":86,"column":22},"end":{"line":86,"column":27}},"loc":{"start":{"line":86,"column":31},"end":{"line":86,"column":66}}},"7":{"name":"(anonymous_8)","decl":{"start":{"line":89,"column":4},"end":{"line":89,"column":9}},"loc":{"start":{"line":89,"column":12},"end":{"line":98,"column":3}}},"8":{"name":"(anonymous_9)","decl":{"start":{"line":109,"column":22},"end":{"line":109,"column":27}},"loc":{"start":{"line":109,"column":31},"end":{"line":109,"column":66}}},"9":{"name":"(anonymous_10)","decl":{"start":{"line":121,"column":54},"end":{"line":121,"column":55}},"loc":{"start":{"line":127,"column":5},"end":{"line":260,"column":1}}},"10":{"name":"(anonymous_11)","decl":{"start":{"line":130,"column":23},"end":{"line":130,"column":26}},"loc":{"start":{"line":130,"column":28},"end":{"line":248,"column":3}}},"11":{"name":"(anonymous_12)","decl":{"start":{"line":164,"column":27},"end":{"line":164,"column":28}},"loc":{"start":{"line":165,"column":14},"end":{"line":166,"column":null}}},"12":{"name":"(anonymous_13)","decl":{"start":{"line":204,"column":33},"end":{"line":204,"column":34}},"loc":{"start":{"line":205,"column":14},"end":{"line":206,"column":null}}},"13":{"name":"(anonymous_14)","decl":{"start":{"line":226,"column":36},"end":{"line":226,"column":37}},"loc":{"start":{"line":227,"column":14},"end":{"line":228,"column":null}}}},"branchMap":{"0":{"loc":{"start":{"line":22,"column":13},"end":{"line":30,"column":null}},"type":"binary-expr","locations":[{"start":{"line":22,"column":13},"end":{"line":22,"column":29}},{"start":{"line":22,"column":33},"end":{"line":30,"column":null}}]},"1":{"loc":{"start":{"line":33,"column":4},"end":{"line":40,"column":5}},"type":"switch","locations":[{"start":{"line":34,"column":6},"end":{"line":35,"column":38}},{"start":{"line":36,"column":6},"end":{"line":37,"column":37}},{"start":{"line":38,"column":6},"end":{"line":39,"column":34}}]},"2":{"loc":{"start":{"line":45,"column":20},"end":{"line":45,"column":52}},"type":"binary-expr","locations":[{"start":{"line":45,"column":20},"end":{"line":45,"column":31}},{"start":{"line":45,"column":35},"end":{"line":45,"column":52}}]},"3":{"loc":{"start":{"line":52,"column":4},"end":{"line":59,"column":5}},"type":"switch","locations":[{"start":{"line":53,"column":6},"end":{"line":54,"column":44}},{"start":{"line":55,"column":6},"end":{"line":56,"column":44}},{"start":{"line":57,"column":6},"end":{"line":58,"column":44}}]},"4":{"loc":{"start":{"line":70,"column":31},"end":{"line":70,"column":66}},"type":"binary-expr","locations":[{"start":{"line":70,"column":31},"end":{"line":70,"column":42}},{"start":{"line":70,"column":46},"end":{"line":70,"column":66}}]},"5":{"loc":{"start":{"line":74,"column":4},"end":{"line":81,"column":5}},"type":"switch","locations":[{"start":{"line":75,"column":6},"end":{"line":76,"column":42}},{"start":{"line":77,"column":6},"end":{"line":78,"column":44}},{"start":{"line":79,"column":6},"end":{"line":80,"column":42}}]},"6":{"loc":{"start":{"line":86,"column":31},"end":{"line":86,"column":66}},"type":"binary-expr","locations":[{"start":{"line":86,"column":31},"end":{"line":86,"column":42}},{"start":{"line":86,"column":46},"end":{"line":86,"column":66}}]},"7":{"loc":{"start":{"line":90,"column":4},"end":{"line":97,"column":5}},"type":"switch","locations":[{"start":{"line":91,"column":6},"end":{"line":92,"column":44}},{"start":{"line":93,"column":6},"end":{"line":94,"column":44}},{"start":{"line":95,"column":6},"end":{"line":96,"column":44}}]},"8":{"loc":{"start":{"line":109,"column":31},"end":{"line":109,"column":66}},"type":"binary-expr","locations":[{"start":{"line":109,"column":31},"end":{"line":109,"column":42}},{"start":{"line":109,"column":46},"end":{"line":109,"column":66}}]},"9":{"loc":{"start":{"line":122,"column":2},"end":{"line":122,"column":13}},"type":"default-arg","locations":[{"start":{"line":122,"column":9},"end":{"line":122,"column":13}}]},"10":{"loc":{"start":{"line":123,"column":2},"end":{"line":123,"column":21}},"type":"default-arg","locations":[{"start":{"line":123,"column":12},"end":{"line":123,"column":21}}]},"11":{"loc":{"start":{"line":126,"column":2},"end":{"line":126,"column":20}},"type":"default-arg","locations":[{"start":{"line":126,"column":15},"end":{"line":126,"column":20}}]},"12":{"loc":{"start":{"line":131,"column":4},"end":{"line":137,"column":5}},"type":"if","locations":[{"start":{"line":131,"column":4},"end":{"line":137,"column":5}},{"start":{},"end":{}}]},"13":{"loc":{"start":{"line":134,"column":11},"end":{"line":134,"column":28}},"type":"binary-expr","locations":[{"start":{"line":134,"column":11},"end":{"line":134,"column":15}},{"start":{"line":134,"column":19},"end":{"line":134,"column":28}}]},"14":{"loc":{"start":{"line":139,"column":4},"end":{"line":247,"column":5}},"type":"switch","locations":[{"start":{"line":140,"column":6},"end":{"line":159,"column":10}},{"start":{"line":161,"column":6},"end":{"line":182,"column":10}},{"start":{"line":184,"column":6},"end":{"line":199,"column":10}},{"start":{"line":201,"column":6},"end":{"line":221,"column":10}},{"start":{"line":223,"column":6},"end":{"line":243,"column":10}},{"start":{"line":245,"column":6},"end":{"line":246,"column":20}}]},"15":{"loc":{"start":{"line":147,"column":37},"end":{"line":147,"column":66}},"type":"binary-expr","locations":[{"start":{"line":147,"column":37},"end":{"line":147,"column":42}},{"start":{"line":147,"column":46},"end":{"line":147,"column":66}}]},"16":{"loc":{"start":{"line":148,"column":40},"end":{"line":148,"column":69}},"type":"binary-expr","locations":[{"start":{"line":148,"column":40},"end":{"line":148,"column":45}},{"start":{"line":148,"column":49},"end":{"line":148,"column":69}}]},"17":{"loc":{"start":{"line":253,"column":7},"end":{"line":256,"column":null}},"type":"binary-expr","locations":[{"start":{"line":253,"column":7},"end":{"line":253,"column":11}},{"start":{"line":254,"column":8},"end":{"line":255,"column":null}}]}},"s":{"0":0,"1":0,"2":0,"3":0,"4":0,"5":0,"6":0,"7":0,"8":0,"9":0,"10":0,"11":0,"12":0,"13":0,"14":0,"15":0,"16":0,"17":0,"18":0,"19":0,"20":0,"21":0,"22":0,"23":0,"24":0,"25":0,"26":0,"27":0,"28":0,"29":0,"30":0,"31":0,"32":0,"33":0,"34":0,"35":0,"36":0,"37":0,"38":0,"39":0,"40":0,"41":0,"42":0,"43":0,"44":0,"45":0,"46":0,"47":0,"48":0,"49":0,"50":0},"f":{"0":0,"1":0,"2":0,"3":0,"4":0,"5":0,"6":0,"7":0,"8":0,"9":0,"10":0,"11":0,"12":0,"13":0},"b":{"0":[0,0],"1":[0,0,0],"2":[0,0],"3":[0,0,0],"4":[0,0],"5":[0,0,0],"6":[0,0],"7":[0,0,0],"8":[0,0],"9":[0],"10":[0],"11":[0],"12":[0,0],"13":[0,0],"14":[0,0,0,0,0,0],"15":[0,0],"16":[0,0],"17":[0,0]}}
,"/Users/giheonjang/Documents/MVP/GainDeuk_front/src/components/common/Button.tsx": {"path":"/Users/giheonjang/Documents/MVP/GainDeuk_front/src/components/common/Button.tsx","statementMap":{"0":{"start":{"line":2,"column":0},"end":{"line":2,"column":48}},"1":{"start":{"line":3,"column":0},"end":{"line":3,"column":43}},"2":{"start":{"line":4,"column":0},"end":{"line":4,"column":40}},"3":{"start":{"line":18,"column":19},"end":{"line":140,"column":2}},"4":{"start":{"line":52,"column":13},"end":{"line":54,"column":null}},"5":{"start":{"line":58,"column":4},"end":{"line":77,"column":5}},"6":{"start":{"line":60,"column":8},"end":{"line":64,"column":10}},"7":{"start":{"line":66,"column":8},"end":{"line":70,"column":10}},"8":{"start":{"line":72,"column":8},"end":{"line":76,"column":10}},"9":{"start":{"line":82,"column":4},"end":{"line":138,"column":5}},"10":{"start":{"line":84,"column":8},"end":{"line":97,"column":10}},"11":{"start":{"line":99,"column":8},"end":{"line":107,"column":10}},"12":{"start":{"line":109,"column":8},"end":{"line":118,"column":10}},"13":{"start":{"line":120,"column":8},"end":{"line":128,"column":10}},"14":{"start":{"line":130,"column":8},"end":{"line":137,"column":10}},"15":{"start":{"line":142,"column":23},"end":{"line":154,"column":2}},"16":{"start":{"line":156,"column":38},"end":{"line":209,"column":1}},"17":{"start":{"line":170,"column":22},"end":{"line":178,"column":4}},"18":{"start":{"line":181,"column":4},"end":{"line":195,"column":null}},"19":{"start":{"line":200,"column":2},"end":{"line":202,"column":3}},"20":{"start":{"line":201,"column":4},"end":{"line":201,"column":25}},"21":{"start":{"line":204,"column":2},"end":{"line":208,"column":4}},"22":{"start":{"line":211,"column":0},"end":{"line":211,"column":22}}},"fnMap":{"0":{"name":"(anonymous_10)","decl":{"start":{"line":52,"column":4},"end":{"line":52,"column":9}},"loc":{"start":{"line":52,"column":13},"end":{"line":54,"column":null}}},"1":{"name":"(anonymous_11)","decl":{"start":{"line":57,"column":4},"end":{"line":57,"column":9}},"loc":{"start":{"line":57,"column":12},"end":{"line":78,"column":3}}},"2":{"name":"(anonymous_12)","decl":{"start":{"line":81,"column":4},"end":{"line":81,"column":9}},"loc":{"start":{"line":81,"column":12},"end":{"line":139,"column":3}}},"3":{"name":"(anonymous_13)","decl":{"start":{"line":156,"column":38},"end":{"line":156,"column":39}},"loc":{"start":{"line":169,"column":5},"end":{"line":209,"column":1}}}},"branchMap":{"0":{"loc":{"start":{"line":52,"column":13},"end":{"line":54,"column":null}},"type":"binary-expr","locations":[{"start":{"line":52,"column":13},"end":{"line":52,"column":28}},{"start":{"line":52,"column":32},"end":{"line":54,"column":null}}]},"1":{"loc":{"start":{"line":58,"column":4},"end":{"line":77,"column":5}},"type":"switch","locations":[{"start":{"line":59,"column":6},"end":{"line":64,"column":10}},{"start":{"line":65,"column":6},"end":{"line":70,"column":10}},{"start":{"line":71,"column":6},"end":{"line":76,"column":10}}]},"2":{"loc":{"start":{"line":82,"column":4},"end":{"line":138,"column":5}},"type":"switch","locations":[{"start":{"line":83,"column":6},"end":{"line":97,"column":10}},{"start":{"line":98,"column":6},"end":{"line":107,"column":10}},{"start":{"line":108,"column":6},"end":{"line":118,"column":10}},{"start":{"line":119,"column":6},"end":{"line":128,"column":10}},{"start":{"line":129,"column":6},"end":{"line":137,"column":10}}]},"3":{"loc":{"start":{"line":157,"column":2},"end":{"line":157,"column":21}},"type":"default-arg","locations":[{"start":{"line":157,"column":12},"end":{"line":157,"column":21}}]},"4":{"loc":{"start":{"line":158,"column":2},"end":{"line":158,"column":13}},"type":"default-arg","locations":[{"start":{"line":158,"column":9},"end":{"line":158,"column":13}}]},"5":{"loc":{"start":{"line":159,"column":2},"end":{"line":159,"column":19}},"type":"default-arg","locations":[{"start":{"line":159,"column":14},"end":{"line":159,"column":19}}]},"6":{"loc":{"start":{"line":160,"column":2},"end":{"line":160,"column":17}},"type":"default-arg","locations":[{"start":{"line":160,"column":12},"end":{"line":160,"column":17}}]},"7":{"loc":{"start":{"line":163,"column":2},"end":{"line":163,"column":25}},"type":"default-arg","locations":[{"start":{"line":163,"column":16},"end":{"line":163,"column":25}}]},"8":{"loc":{"start":{"line":164,"column":2},"end":{"line":164,"column":18}},"type":"default-arg","locations":[{"start":{"line":164,"column":13},"end":{"line":164,"column":18}}]},"9":{"loc":{"start":{"line":165,"column":2},"end":{"line":165,"column":22}},"type":"default-arg","locations":[{"start":{"line":165,"column":16},"end":{"line":165,"column":22}}]},"10":{"loc":{"start":{"line":166,"column":2},"end":{"line":166,"column":27}},"type":"default-arg","locations":[{"start":{"line":166,"column":19},"end":{"line":166,"column":27}}]},"11":{"loc":{"start":{"line":174,"column":14},"end":{"line":174,"column":33}},"type":"binary-expr","locations":[{"start":{"line":174,"column":14},"end":{"line":174,"column":22}},{"start":{"line":174,"column":26},"end":{"line":174,"column":33}}]},"12":{"loc":{"start":{"line":176,"column":18},"end":{"line":176,"column":50}},"type":"cond-expr","locations":[{"start":{"line":176,"column":29},"end":{"line":176,"column":38}},{"start":{"line":176,"column":41},"end":{"line":176,"column":50}}]},"13":{"loc":{"start":{"line":182,"column":7},"end":{"line":186,"column":null}},"type":"binary-expr","locations":[{"start":{"line":182,"column":7},"end":{"line":182,"column":14}},{"start":{"line":183,"column":8},"end":{"line":185,"column":null}}]},"14":{"loc":{"start":{"line":188,"column":7},"end":{"line":194,"column":null}},"type":"cond-expr","locations":[{"start":{"line":189,"column":8},"end":{"line":191,"column":null}},{"start":{"line":194,"column":8},"end":{"line":194,"column":16}}]},"15":{"loc":{"start":{"line":188,"column":7},"end":{"line":188,"column":27}},"type":"binary-expr","locations":[{"start":{"line":188,"column":7},"end":{"line":188,"column":15}},{"start":{"line":188,"column":19},"end":{"line":188,"column":27}}]},"16":{"loc":{"start":{"line":200,"column":2},"end":{"line":202,"column":3}},"type":"if","locations":[{"start":{"line":200,"column":2},"end":{"line":202,"column":3}},{"start":{},"end":{}}]},"17":{"loc":{"start":{"line":200,"column":6},"end":{"line":200,"column":25}},"type":"binary-expr","locations":[{"start":{"line":200,"column":6},"end":{"line":200,"column":13}},{"start":{"line":200,"column":17},"end":{"line":200,"column":25}}]}},"s":{"0":0,"1":0,"2":0,"3":0,"4":0,"5":0,"6":0,"7":0,"8":0,"9":0,"10":0,"11":0,"12":0,"13":0,"14":0,"15":0,"16":0,"17":0,"18":0,"19":0,"20":0,"21":0,"22":0},"f":{"0":0,"1":0,"2":0,"3":0},"b":{"0":[0,0],"1":[0,0,0],"2":[0,0,0,0,0],"3":[0],"4":[0],"5":[0],"6":[0],"7":[0],"8":[0],"9":[0],"10":[0],"11":[0,0],"12":[0,0],"13":[0,0],"14":[0,0],"15":[0,0],"16":[0,0],"17":[0,0]}}
,"/Users/giheonjang/Documents/MVP/GainDeuk_front/src/components/common/Card.tsx": {"path":"/Users/giheonjang/Documents/MVP/GainDeuk_front/src/components/common/Card.tsx","statementMap":{"0":{"start":{"line":2,"column":0},"end":{"line":2,"column":48}},"1":{"start":{"line":3,"column":0},"end":{"line":3,"column":39}},"2":{"start":{"line":4,"column":0},"end":{"line":4,"column":43}},"3":{"start":{"line":17,"column":22},"end":{"line":81,"column":2}},"4":{"start":{"line":29,"column":4},"end":{"line":42,"column":5}},"5":{"start":{"line":31,"column":8},"end":{"line":33,"column":10}},"6":{"start":{"line":35,"column":8},"end":{"line":37,"column":10}},"7":{"start":{"line":39,"column":8},"end":{"line":41,"column":10}},"8":{"start":{"line":46,"column":4},"end":{"line":68,"column":5}},"9":{"start":{"line":48,"column":8},"end":{"line":52,"column":10}},"10":{"start":{"line":54,"column":8},"end":{"line":57,"column":10}},"11":{"start":{"line":59,"column":8},"end":{"line":62,"column":10}},"12":{"start":{"line":64,"column":8},"end":{"line":67,"column":10}},"13":{"start":{"line":71,"column":13},"end":{"line":73,"column":null}},"14":{"start":{"line":75,"column":13},"end":{"line":80,"column":null}},"15":{"start":{"line":83,"column":19},"end":{"line":98,"column":2}},"16":{"start":{"line":87,"column":4},"end":{"line":96,"column":5}},"17":{"start":{"line":89,"column":8},"end":{"line":91,"column":10}},"18":{"start":{"line":93,"column":8},"end":{"line":95,"column":10}},"19":{"start":{"line":100,"column":18},"end":{"line":121,"column":2}},"20":{"start":{"line":106,"column":4},"end":{"line":119,"column":5}},"21":{"start":{"line":108,"column":8},"end":{"line":110,"column":10}},"22":{"start":{"line":112,"column":8},"end":{"line":114,"column":10}},"23":{"start":{"line":116,"column":8},"end":{"line":118,"column":10}},"24":{"start":{"line":123,"column":21},"end":{"line":143,"column":2}},"25":{"start":{"line":128,"column":4},"end":{"line":141,"column":5}},"26":{"start":{"line":130,"column":8},"end":{"line":132,"column":10}},"27":{"start":{"line":134,"column":8},"end":{"line":136,"column":10}},"28":{"start":{"line":138,"column":8},"end":{"line":140,"column":10}},"29":{"start":{"line":145,"column":20},"end":{"line":164,"column":2}},"30":{"start":{"line":149,"column":4},"end":{"line":162,"column":5}},"31":{"start":{"line":151,"column":8},"end":{"line":153,"column":10}},"32":{"start":{"line":155,"column":8},"end":{"line":157,"column":10}},"33":{"start":{"line":159,"column":8},"end":{"line":161,"column":10}},"34":{"start":{"line":166,"column":19},"end":{"line":184,"column":2}},"35":{"start":{"line":173,"column":4},"end":{"line":182,"column":5}},"36":{"start":{"line":175,"column":8},"end":{"line":177,"column":10}},"37":{"start":{"line":179,"column":8},"end":{"line":181,"column":10}},"38":{"start":{"line":186,"column":20},"end":{"line":190,"column":2}},"39":{"start":{"line":199,"column":4},"end":{"line":233,"column":1}},"40":{"start":{"line":209,"column":23},"end":{"line":213,"column":4}},"41":{"start":{"line":215,"column":2},"end":{"line":232,"column":4}},"42":{"start":{"line":236,"column":0},"end":{"line":236,"column":25}},"43":{"start":{"line":237,"column":0},"end":{"line":237,"column":23}},"44":{"start":{"line":238,"column":0},"end":{"line":238,"column":29}},"45":{"start":{"line":239,"column":0},"end":{"line":239,"column":27}},"46":{"start":{"line":240,"column":0},"end":{"line":240,"column":25}},"47":{"start":{"line":241,"column":0},"end":{"line":241,"column":27}},"48":{"start":{"line":243,"column":0},"end":{"line":243,"column":20}}},"fnMap":{"0":{"name":"(anonymous_9)","decl":{"start":{"line":28,"column":4},"end":{"line":28,"column":9}},"loc":{"start":{"line":28,"column":12},"end":{"line":43,"column":3}}},"1":{"name":"(anonymous_10)","decl":{"start":{"line":45,"column":4},"end":{"line":45,"column":9}},"loc":{"start":{"line":45,"column":12},"end":{"line":69,"column":3}}},"2":{"name":"(anonymous_11)","decl":{"start":{"line":71,"column":4},"end":{"line":71,"column":9}},"loc":{"start":{"line":71,"column":13},"end":{"line":73,"column":null}}},"3":{"name":"(anonymous_12)","decl":{"start":{"line":75,"column":4},"end":{"line":75,"column":9}},"loc":{"start":{"line":75,"column":13},"end":{"line":80,"column":null}}},"4":{"name":"(anonymous_13)","decl":{"start":{"line":86,"column":4},"end":{"line":86,"column":9}},"loc":{"start":{"line":86,"column":12},"end":{"line":97,"column":3}}},"5":{"name":"(anonymous_14)","decl":{"start":{"line":105,"column":4},"end":{"line":105,"column":9}},"loc":{"start":{"line":105,"column":12},"end":{"line":120,"column":3}}},"6":{"name":"(anonymous_15)","decl":{"start":{"line":127,"column":4},"end":{"line":127,"column":9}},"loc":{"start":{"line":127,"column":12},"end":{"line":142,"column":3}}},"7":{"name":"(anonymous_16)","decl":{"start":{"line":148,"column":4},"end":{"line":148,"column":9}},"loc":{"start":{"line":148,"column":12},"end":{"line":163,"column":3}}},"8":{"name":"(anonymous_17)","decl":{"start":{"line":172,"column":4},"end":{"line":172,"column":9}},"loc":{"start":{"line":172,"column":12},"end":{"line":183,"column":3}}},"9":{"name":"(anonymous_18)","decl":{"start":{"line":199,"column":4},"end":{"line":199,"column":5}},"loc":{"start":{"line":208,"column":5},"end":{"line":233,"column":1}}}},"branchMap":{"0":{"loc":{"start":{"line":29,"column":4},"end":{"line":42,"column":5}},"type":"switch","locations":[{"start":{"line":30,"column":6},"end":{"line":33,"column":10}},{"start":{"line":34,"column":6},"end":{"line":37,"column":10}},{"start":{"line":38,"column":6},"end":{"line":41,"column":10}}]},"1":{"loc":{"start":{"line":46,"column":4},"end":{"line":68,"column":5}},"type":"switch","locations":[{"start":{"line":47,"column":6},"end":{"line":52,"column":10}},{"start":{"line":53,"column":6},"end":{"line":57,"column":10}},{"start":{"line":58,"column":6},"end":{"line":62,"column":10}},{"start":{"line":63,"column":6},"end":{"line":67,"column":10}}]},"2":{"loc":{"start":{"line":71,"column":13},"end":{"line":73,"column":null}},"type":"binary-expr","locations":[{"start":{"line":71,"column":13},"end":{"line":71,"column":28}},{"start":{"line":71,"column":32},"end":{"line":73,"column":null}}]},"3":{"loc":{"start":{"line":75,"column":13},"end":{"line":80,"column":null}},"type":"binary-expr","locations":[{"start":{"line":75,"column":13},"end":{"line":75,"column":28}},{"start":{"line":75,"column":32},"end":{"line":80,"column":null}}]},"4":{"loc":{"start":{"line":87,"column":4},"end":{"line":96,"column":5}},"type":"switch","locations":[{"start":{"line":88,"column":6},"end":{"line":91,"column":10}},{"start":{"line":92,"column":6},"end":{"line":95,"column":10}}]},"5":{"loc":{"start":{"line":106,"column":4},"end":{"line":119,"column":5}},"type":"switch","locations":[{"start":{"line":107,"column":6},"end":{"line":110,"column":10}},{"start":{"line":111,"column":6},"end":{"line":114,"column":10}},{"start":{"line":115,"column":6},"end":{"line":118,"column":10}}]},"6":{"loc":{"start":{"line":128,"column":4},"end":{"line":141,"column":5}},"type":"switch","locations":[{"start":{"line":129,"column":6},"end":{"line":132,"column":10}},{"start":{"line":133,"column":6},"end":{"line":136,"column":10}},{"start":{"line":137,"column":6},"end":{"line":140,"column":10}}]},"7":{"loc":{"start":{"line":149,"column":4},"end":{"line":162,"column":5}},"type":"switch","locations":[{"start":{"line":150,"column":6},"end":{"line":153,"column":10}},{"start":{"line":154,"column":6},"end":{"line":157,"column":10}},{"start":{"line":158,"column":6},"end":{"line":161,"column":10}}]},"8":{"loc":{"start":{"line":173,"column":4},"end":{"line":182,"column":5}},"type":"switch","locations":[{"start":{"line":174,"column":6},"end":{"line":177,"column":10}},{"start":{"line":178,"column":6},"end":{"line":181,"column":10}}]},"9":{"loc":{"start":{"line":201,"column":2},"end":{"line":201,"column":21}},"type":"default-arg","locations":[{"start":{"line":201,"column":12},"end":{"line":201,"column":21}}]},"10":{"loc":{"start":{"line":202,"column":2},"end":{"line":202,"column":13}},"type":"default-arg","locations":[{"start":{"line":202,"column":9},"end":{"line":202,"column":13}}]},"11":{"loc":{"start":{"line":203,"column":2},"end":{"line":203,"column":19}},"type":"default-arg","locations":[{"start":{"line":203,"column":14},"end":{"line":203,"column":19}}]},"12":{"loc":{"start":{"line":204,"column":2},"end":{"line":204,"column":19}},"type":"default-arg","locations":[{"start":{"line":204,"column":14},"end":{"line":204,"column":19}}]},"13":{"loc":{"start":{"line":211,"column":11},"end":{"line":211,"column":53}},"type":"cond-expr","locations":[{"start":{"line":211,"column":23},"end":{"line":211,"column":38}},{"start":{"line":211,"column":41},"end":{"line":211,"column":53}}]},"14":{"loc":{"start":{"line":212,"column":9},"end":{"line":212,"column":51}},"type":"cond-expr","locations":[{"start":{"line":212,"column":21},"end":{"line":212,"column":36}},{"start":{"line":212,"column":39},"end":{"line":212,"column":51}}]}},"s":{"0":0,"1":0,"2":0,"3":0,"4":0,"5":0,"6":0,"7":0,"8":0,"9":0,"10":0,"11":0,"12":0,"13":0,"14":0,"15":0,"16":0,"17":0,"18":0,"19":0,"20":0,"21":0,"22":0,"23":0,"24":0,"25":0,"26":0,"27":0,"28":0,"29":0,"30":0,"31":0,"32":0,"33":0,"34":0,"35":0,"36":0,"37":0,"38":0,"39":0,"40":0,"41":0,"42":0,"43":0,"44":0,"45":0,"46":0,"47":0,"48":0},"f":{"0":0,"1":0,"2":0,"3":0,"4":0,"5":0,"6":0,"7":0,"8":0,"9":0},"b":{"0":[0,0,0],"1":[0,0,0,0],"2":[0,0],"3":[0,0],"4":[0,0],"5":[0,0,0],"6":[0,0,0],"7":[0,0,0],"8":[0,0],"9":[0],"10":[0],"11":[0],"12":[0],"13":[0,0],"14":[0,0]}}
,"/Users/giheonjang/Documents/MVP/GainDeuk_front/src/components/common/Checkbox.tsx": {"path":"/Users/giheonjang/Documents/MVP/GainDeuk_front/src/components/common/Checkbox.tsx","statementMap":{"0":{"start":{"line":1,"column":0},"end":{"line":1,"column":42}},"1":{"start":{"line":2,"column":0},"end":{"line":2,"column":48}},"2":{"start":{"line":3,"column":0},"end":{"line":3,"column":43}},"3":{"start":{"line":15,"column":26},"end":{"line":20,"column":2}},"4":{"start":{"line":19,"column":20},"end":{"line":19,"column":53}},"5":{"start":{"line":22,"column":24},"end":{"line":28,"column":2}},"6":{"start":{"line":26,"column":21},"end":{"line":26,"column":63}},"7":{"start":{"line":27,"column":22},"end":{"line":27,"column":46}},"8":{"start":{"line":30,"column":20},"end":{"line":35,"column":2}},"9":{"start":{"line":37,"column":20},"end":{"line":91,"column":2}},"10":{"start":{"line":48,"column":31},"end":{"line":48,"column":88}},"11":{"start":{"line":54,"column":4},"end":{"line":70,"column":5}},"12":{"start":{"line":56,"column":8},"end":{"line":59,"column":10}},"13":{"start":{"line":61,"column":8},"end":{"line":64,"column":10}},"14":{"start":{"line":66,"column":8},"end":{"line":69,"column":10}},"15":{"start":{"line":74,"column":4},"end":{"line":79,"column":5}},"16":{"start":{"line":75,"column":6},"end":{"line":78,"column":8}},"17":{"start":{"line":81,"column":4},"end":{"line":85,"column":5}},"18":{"start":{"line":82,"column":6},"end":{"line":84,"column":8}},"19":{"start":{"line":89,"column":29},"end":{"line":89,"column":87}},"20":{"start":{"line":93,"column":18},"end":{"line":116,"column":2}},"21":{"start":{"line":98,"column":4},"end":{"line":114,"column":5}},"22":{"start":{"line":100,"column":8},"end":{"line":103,"column":10}},"23":{"start":{"line":105,"column":8},"end":{"line":108,"column":10}},"24":{"start":{"line":110,"column":8},"end":{"line":113,"column":10}},"25":{"start":{"line":118,"column":26},"end":{"line":141,"column":2}},"26":{"start":{"line":123,"column":4},"end":{"line":139,"column":5}},"27":{"start":{"line":125,"column":8},"end":{"line":128,"column":10}},"28":{"start":{"line":130,"column":8},"end":{"line":133,"column":10}},"29":{"start":{"line":135,"column":8},"end":{"line":138,"column":10}},"30":{"start":{"line":143,"column":18},"end":{"line":164,"column":2}},"31":{"start":{"line":149,"column":4},"end":{"line":162,"column":5}},"32":{"start":{"line":151,"column":8},"end":{"line":153,"column":10}},"33":{"start":{"line":155,"column":8},"end":{"line":157,"column":10}},"34":{"start":{"line":159,"column":8},"end":{"line":161,"column":10}},"35":{"start":{"line":166,"column":19},"end":{"line":170,"column":2}},"36":{"start":{"line":168,"column":20},"end":{"line":168,"column":84}},"37":{"start":{"line":172,"column":17},"end":{"line":224,"column":2}},"38":{"start":{"line":184,"column":19},"end":{"line":184,"column":33}},"39":{"start":{"line":186,"column":2},"end":{"line":223,"column":4}},"40":{"start":{"line":226,"column":0},"end":{"line":226,"column":34}},"41":{"start":{"line":228,"column":0},"end":{"line":228,"column":24}}},"fnMap":{"0":{"name":"(anonymous_9)","decl":{"start":{"line":19,"column":11},"end":{"line":19,"column":16}},"loc":{"start":{"line":19,"column":20},"end":{"line":19,"column":53}}},"1":{"name":"(anonymous_10)","decl":{"start":{"line":26,"column":12},"end":{"line":26,"column":17}},"loc":{"start":{"line":26,"column":21},"end":{"line":26,"column":63}}},"2":{"name":"(anonymous_11)","decl":{"start":{"line":27,"column":13},"end":{"line":27,"column":18}},"loc":{"start":{"line":27,"column":22},"end":{"line":27,"column":46}}},"3":{"name":"(anonymous_12)","decl":{"start":{"line":48,"column":22},"end":{"line":48,"column":27}},"loc":{"start":{"line":48,"column":31},"end":{"line":48,"column":88}}},"4":{"name":"(anonymous_13)","decl":{"start":{"line":53,"column":4},"end":{"line":53,"column":9}},"loc":{"start":{"line":53,"column":12},"end":{"line":71,"column":3}}},"5":{"name":"(anonymous_14)","decl":{"start":{"line":73,"column":4},"end":{"line":73,"column":9}},"loc":{"start":{"line":73,"column":12},"end":{"line":86,"column":3}}},"6":{"name":"(anonymous_15)","decl":{"start":{"line":89,"column":20},"end":{"line":89,"column":25}},"loc":{"start":{"line":89,"column":29},"end":{"line":89,"column":87}}},"7":{"name":"(anonymous_16)","decl":{"start":{"line":97,"column":4},"end":{"line":97,"column":9}},"loc":{"start":{"line":97,"column":12},"end":{"line":115,"column":3}}},"8":{"name":"(anonymous_17)","decl":{"start":{"line":122,"column":4},"end":{"line":122,"column":9}},"loc":{"start":{"line":122,"column":12},"end":{"line":140,"column":3}}},"9":{"name":"(anonymous_18)","decl":{"start":{"line":148,"column":4},"end":{"line":148,"column":9}},"loc":{"start":{"line":148,"column":12},"end":{"line":163,"column":3}}},"10":{"name":"(anonymous_19)","decl":{"start":{"line":168,"column":11},"end":{"line":168,"column":16}},"loc":{"start":{"line":168,"column":20},"end":{"line":168,"column":84}}},"11":{"name":"(anonymous_20)","decl":{"start":{"line":172,"column":61},"end":{"line":172,"column":62}},"loc":{"start":{"line":183,"column":10},"end":{"line":224,"column":1}}}},"branchMap":{"0":{"loc":{"start":{"line":19,"column":20},"end":{"line":19,"column":53}},"type":"cond-expr","locations":[{"start":{"line":19,"column":38},"end":{"line":19,"column":44}},{"start":{"line":19,"column":47},"end":{"line":19,"column":53}}]},"1":{"loc":{"start":{"line":26,"column":21},"end":{"line":26,"column":63}},"type":"cond-expr","locations":[{"start":{"line":26,"column":38},"end":{"line":26,"column":51}},{"start":{"line":26,"column":54},"end":{"line":26,"column":63}}]},"2":{"loc":{"start":{"line":27,"column":22},"end":{"line":27,"column":46}},"type":"cond-expr","locations":[{"start":{"line":27,"column":39},"end":{"line":27,"column":42}},{"start":{"line":27,"column":45},"end":{"line":27,"column":46}}]},"3":{"loc":{"start":{"line":48,"column":31},"end":{"line":48,"column":88}},"type":"cond-expr","locations":[{"start":{"line":48,"column":48},"end":{"line":48,"column":66}},{"start":{"line":48,"column":69},"end":{"line":48,"column":88}}]},"4":{"loc":{"start":{"line":54,"column":4},"end":{"line":70,"column":5}},"type":"switch","locations":[{"start":{"line":55,"column":6},"end":{"line":59,"column":10}},{"start":{"line":60,"column":6},"end":{"line":64,"column":10}},{"start":{"line":65,"column":6},"end":{"line":69,"column":10}}]},"5":{"loc":{"start":{"line":74,"column":4},"end":{"line":79,"column":5}},"type":"if","locations":[{"start":{"line":74,"column":4},"end":{"line":79,"column":5}},{"start":{},"end":{}}]},"6":{"loc":{"start":{"line":74,"column":8},"end":{"line":74,"column":44}},"type":"binary-expr","locations":[{"start":{"line":74,"column":8},"end":{"line":74,"column":21}},{"start":{"line":74,"column":25},"end":{"line":74,"column":44}}]},"7":{"loc":{"start":{"line":81,"column":4},"end":{"line":85,"column":5}},"type":"if","locations":[{"start":{"line":81,"column":4},"end":{"line":85,"column":5}},{"start":{},"end":{}}]},"8":{"loc":{"start":{"line":89,"column":29},"end":{"line":89,"column":87}},"type":"cond-expr","locations":[{"start":{"line":89,"column":46},"end":{"line":89,"column":64}},{"start":{"line":89,"column":67},"end":{"line":89,"column":87}}]},"9":{"loc":{"start":{"line":98,"column":4},"end":{"line":114,"column":5}},"type":"switch","locations":[{"start":{"line":99,"column":6},"end":{"line":103,"column":10}},{"start":{"line":104,"column":6},"end":{"line":108,"column":10}},{"start":{"line":109,"column":6},"end":{"line":113,"column":10}}]},"10":{"loc":{"start":{"line":123,"column":4},"end":{"line":139,"column":5}},"type":"switch","locations":[{"start":{"line":124,"column":6},"end":{"line":128,"column":10}},{"start":{"line":129,"column":6},"end":{"line":133,"column":10}},{"start":{"line":134,"column":6},"end":{"line":138,"column":10}}]},"11":{"loc":{"start":{"line":149,"column":4},"end":{"line":162,"column":5}},"type":"switch","locations":[{"start":{"line":150,"column":6},"end":{"line":153,"column":10}},{"start":{"line":154,"column":6},"end":{"line":157,"column":10}},{"start":{"line":158,"column":6},"end":{"line":161,"column":10}}]},"12":{"loc":{"start":{"line":168,"column":20},"end":{"line":168,"column":84}},"type":"cond-expr","locations":[{"start":{"line":168,"column":37},"end":{"line":168,"column":55}},{"start":{"line":168,"column":58},"end":{"line":168,"column":84}}]},"13":{"loc":{"start":{"line":176,"column":2},"end":{"line":176,"column":13}},"type":"default-arg","locations":[{"start":{"line":176,"column":9},"end":{"line":176,"column":13}}]},"14":{"loc":{"start":{"line":177,"column":2},"end":{"line":177,"column":21}},"type":"default-arg","locations":[{"start":{"line":177,"column":12},"end":{"line":177,"column":21}}]},"15":{"loc":{"start":{"line":178,"column":2},"end":{"line":178,"column":19}},"type":"default-arg","locations":[{"start":{"line":178,"column":14},"end":{"line":178,"column":19}}]},"16":{"loc":{"start":{"line":179,"column":2},"end":{"line":179,"column":23}},"type":"default-arg","locations":[{"start":{"line":179,"column":18},"end":{"line":179,"column":23}}]},"17":{"loc":{"start":{"line":202,"column":11},"end":{"line":213,"column":18}},"type":"cond-expr","locations":[{"start":{"line":203,"column":12},"end":{"line":203,"column":45}},{"start":{"line":204,"column":14},"end":{"line":213,"column":18}}]},"18":{"loc":{"start":{"line":204,"column":14},"end":{"line":213,"column":18}},"type":"cond-expr","locations":[{"start":{"line":205,"column":12},"end":{"line":211,"column":null}},{"start":{"line":213,"column":14},"end":{"line":213,"column":18}}]},"19":{"loc":{"start":{"line":215,"column":9},"end":{"line":215,"column":60}},"type":"binary-expr","locations":[{"start":{"line":215,"column":9},"end":{"line":215,"column":14}},{"start":{"line":215,"column":18},"end":{"line":215,"column":60}}]},"20":{"loc":{"start":{"line":217,"column":7},"end":{"line":220,"column":null}},"type":"binary-expr","locations":[{"start":{"line":217,"column":8},"end":{"line":217,"column":13}},{"start":{"line":217,"column":17},"end":{"line":217,"column":27}},{"start":{"line":218,"column":8},"end":{"line":219,"column":null}}]},"21":{"loc":{"start":{"line":219,"column":11},"end":{"line":219,"column":30}},"type":"binary-expr","locations":[{"start":{"line":219,"column":11},"end":{"line":219,"column":16}},{"start":{"line":219,"column":20},"end":{"line":219,"column":30}}]}},"s":{"0":0,"1":0,"2":0,"3":0,"4":0,"5":0,"6":0,"7":0,"8":0,"9":0,"10":0,"11":0,"12":0,"13":0,"14":0,"15":0,"16":0,"17":0,"18":0,"19":0,"20":0,"21":0,"22":0,"23":0,"24":0,"25":0,"26":0,"27":0,"28":0,"29":0,"30":0,"31":0,"32":0,"33":0,"34":0,"35":0,"36":0,"37":0,"38":0,"39":0,"40":0,"41":0},"f":{"0":0,"1":0,"2":0,"3":0,"4":0,"5":0,"6":0,"7":0,"8":0,"9":0,"10":0,"11":0},"b":{"0":[0,0],"1":[0,0],"2":[0,0],"3":[0,0],"4":[0,0,0],"5":[0,0],"6":[0,0],"7":[0,0],"8":[0,0],"9":[0,0,0],"10":[0,0,0],"11":[0,0,0],"12":[0,0],"13":[0],"14":[0],"15":[0],"16":[0],"17":[0,0],"18":[0,0],"19":[0,0],"20":[0,0,0],"21":[0,0]}}
,"/Users/giheonjang/Documents/MVP/GainDeuk_front/src/components/common/ConnectionStatus.tsx": {"path":"/Users/giheonjang/Documents/MVP/GainDeuk_front/src/components/common/ConnectionStatus.tsx","statementMap":{"0":{"start":{"line":2,"column":0},"end":{"line":2,"column":54}},"1":{"start":{"line":3,"column":0},"end":{"line":3,"column":62}},"2":{"start":{"line":4,"column":0},"end":{"line":4,"column":43}},"3":{"start":{"line":6,"column":14},"end":{"line":10,"column":2}},"4":{"start":{"line":12,"column":24},"end":{"line":20,"column":2}},"5":{"start":{"line":22,"column":18},"end":{"line":43,"column":2}},"6":{"start":{"line":27,"column":4},"end":{"line":37,"column":5}},"7":{"start":{"line":29,"column":8},"end":{"line":29,"column":36}},"8":{"start":{"line":31,"column":8},"end":{"line":31,"column":36}},"9":{"start":{"line":34,"column":8},"end":{"line":34,"column":34}},"10":{"start":{"line":36,"column":8},"end":{"line":36,"column":42}},"11":{"start":{"line":40,"column":13},"end":{"line":42,"column":null}},"12":{"start":{"line":45,"column":19},"end":{"line":59,"column":2}},"13":{"start":{"line":47,"column":4},"end":{"line":57,"column":5}},"14":{"start":{"line":49,"column":8},"end":{"line":49,"column":36}},"15":{"start":{"line":51,"column":8},"end":{"line":51,"column":36}},"16":{"start":{"line":54,"column":8},"end":{"line":54,"column":34}},"17":{"start":{"line":56,"column":8},"end":{"line":56,"column":42}},"18":{"start":{"line":61,"column":22},"end":{"line":74,"column":1}},"19":{"start":{"line":62,"column":2},"end":{"line":73,"column":3}},"20":{"start":{"line":64,"column":6},"end":{"line":64,"column":23}},"21":{"start":{"line":66,"column":6},"end":{"line":66,"column":23}},"22":{"start":{"line":68,"column":6},"end":{"line":68,"column":21}},"23":{"start":{"line":70,"column":6},"end":{"line":70,"column":23}},"24":{"start":{"line":72,"column":6},"end":{"line":72,"column":22}},"25":{"start":{"line":81,"column":58},"end":{"line":97,"column":1}},"26":{"start":{"line":85,"column":43},"end":{"line":85,"column":63}},"27":{"start":{"line":87,"column":2},"end":{"line":96,"column":4}},"28":{"start":{"line":99,"column":0},"end":{"line":99,"column":32}}},"fnMap":{"0":{"name":"(anonymous_9)","decl":{"start":{"line":26,"column":22},"end":{"line":26,"column":27}},"loc":{"start":{"line":26,"column":30},"end":{"line":38,"column":3}}},"1":{"name":"(anonymous_10)","decl":{"start":{"line":40,"column":4},"end":{"line":40,"column":9}},"loc":{"start":{"line":40,"column":13},"end":{"line":42,"column":null}}},"2":{"name":"(anonymous_11)","decl":{"start":{"line":46,"column":11},"end":{"line":46,"column":16}},"loc":{"start":{"line":46,"column":19},"end":{"line":58,"column":3}}},"3":{"name":"(anonymous_12)","decl":{"start":{"line":61,"column":22},"end":{"line":61,"column":23}},"loc":{"start":{"line":61,"column":49},"end":{"line":74,"column":1}}},"4":{"name":"(anonymous_13)","decl":{"start":{"line":81,"column":58},"end":{"line":81,"column":59}},"loc":{"start":{"line":84,"column":5},"end":{"line":97,"column":1}}}},"branchMap":{"0":{"loc":{"start":{"line":27,"column":4},"end":{"line":37,"column":5}},"type":"switch","locations":[{"start":{"line":28,"column":6},"end":{"line":29,"column":36}},{"start":{"line":30,"column":6},"end":{"line":31,"column":36}},{"start":{"line":32,"column":6},"end":{"line":32,"column":20}},{"start":{"line":33,"column":6},"end":{"line":34,"column":34}},{"start":{"line":35,"column":6},"end":{"line":36,"column":42}}]},"1":{"loc":{"start":{"line":40,"column":13},"end":{"line":42,"column":null}},"type":"binary-expr","locations":[{"start":{"line":40,"column":13},"end":{"line":40,"column":43}},{"start":{"line":40,"column":47},"end":{"line":42,"column":null}}]},"2":{"loc":{"start":{"line":47,"column":4},"end":{"line":57,"column":5}},"type":"switch","locations":[{"start":{"line":48,"column":6},"end":{"line":49,"column":36}},{"start":{"line":50,"column":6},"end":{"line":51,"column":36}},{"start":{"line":52,"column":6},"end":{"line":52,"column":20}},{"start":{"line":53,"column":6},"end":{"line":54,"column":34}},{"start":{"line":55,"column":6},"end":{"line":56,"column":42}}]},"3":{"loc":{"start":{"line":62,"column":2},"end":{"line":73,"column":3}},"type":"switch","locations":[{"start":{"line":63,"column":4},"end":{"line":64,"column":23}},{"start":{"line":65,"column":4},"end":{"line":66,"column":23}},{"start":{"line":67,"column":4},"end":{"line":68,"column":21}},{"start":{"line":69,"column":4},"end":{"line":70,"column":23}},{"start":{"line":71,"column":4},"end":{"line":72,"column":22}}]},"4":{"loc":{"start":{"line":82,"column":2},"end":{"line":82,"column":17}},"type":"default-arg","locations":[{"start":{"line":82,"column":13},"end":{"line":82,"column":17}}]},"5":{"loc":{"start":{"line":90,"column":7},"end":{"line":93,"column":null}},"type":"binary-expr","locations":[{"start":{"line":90,"column":7},"end":{"line":90,"column":15}},{"start":{"line":91,"column":8},"end":{"line":92,"column":null}}]}},"s":{"0":0,"1":0,"2":0,"3":0,"4":0,"5":0,"6":0,"7":0,"8":0,"9":0,"10":0,"11":0,"12":0,"13":0,"14":0,"15":0,"16":0,"17":0,"18":0,"19":0,"20":0,"21":0,"22":0,"23":0,"24":0,"25":0,"26":0,"27":0,"28":0},"f":{"0":0,"1":0,"2":0,"3":0,"4":0},"b":{"0":[0,0,0,0,0],"1":[0,0],"2":[0,0,0,0,0],"3":[0,0,0,0,0],"4":[0],"5":[0,0]}}
,"/Users/giheonjang/Documents/MVP/GainDeuk_front/src/components/common/Dialog.tsx": {"path":"/Users/giheonjang/Documents/MVP/GainDeuk_front/src/components/common/Dialog.tsx","statementMap":{"0":{"start":{"line":2,"column":0},"end":{"line":2,"column":39}},"1":{"start":{"line":4,"column":0},"end":{"line":4,"column":43}},"2":{"start":{"line":5,"column":0},"end":{"line":5,"column":28}},"3":{"start":{"line":26,"column":24},"end":{"line":30,"column":2}},"4":{"start":{"line":32,"column":19},"end":{"line":71,"column":2}},"5":{"start":{"line":43,"column":4},"end":{"line":69,"column":5}},"6":{"start":{"line":45,"column":8},"end":{"line":48,"column":10}},"7":{"start":{"line":50,"column":8},"end":{"line":53,"column":10}},"8":{"start":{"line":55,"column":8},"end":{"line":58,"column":10}},"9":{"start":{"line":60,"column":8},"end":{"line":63,"column":10}},"10":{"start":{"line":65,"column":8},"end":{"line":68,"column":10}},"11":{"start":{"line":73,"column":20},"end":{"line":79,"column":2}},"12":{"start":{"line":81,"column":22},"end":{"line":87,"column":2}},"13":{"start":{"line":89,"column":22},"end":{"line":94,"column":2}},"14":{"start":{"line":98,"column":4},"end":{"line":168,"column":1}},"15":{"start":{"line":111,"column":18},"end":{"line":124,"column":3}},"16":{"start":{"line":112,"column":4},"end":{"line":123,"column":5}},"17":{"start":{"line":114,"column":8},"end":{"line":114,"column":20}},"18":{"start":{"line":116,"column":8},"end":{"line":116,"column":19}},"19":{"start":{"line":118,"column":8},"end":{"line":118,"column":19}},"20":{"start":{"line":120,"column":8},"end":{"line":120,"column":20}},"21":{"start":{"line":122,"column":8},"end":{"line":122,"column":20}},"22":{"start":{"line":126,"column":23},"end":{"line":135,"column":3}},"23":{"start":{"line":127,"column":4},"end":{"line":134,"column":5}},"24":{"start":{"line":129,"column":8},"end":{"line":129,"column":20}},"25":{"start":{"line":131,"column":8},"end":{"line":131,"column":20}},"26":{"start":{"line":133,"column":8},"end":{"line":133,"column":20}},"27":{"start":{"line":137,"column":2},"end":{"line":167,"column":4}},"28":{"start":{"line":171,"column":61},"end":{"line":177,"column":1}},"29":{"start":{"line":172,"column":2},"end":{"line":176,"column":4}},"30":{"start":{"line":179,"column":0},"end":{"line":179,"column":40}},"31":{"start":{"line":181,"column":0},"end":{"line":181,"column":22}}},"fnMap":{"0":{"name":"(anonymous_1)","decl":{"start":{"line":42,"column":4},"end":{"line":42,"column":9}},"loc":{"start":{"line":42,"column":12},"end":{"line":70,"column":3}}},"1":{"name":"(anonymous_2)","decl":{"start":{"line":98,"column":4},"end":{"line":98,"column":5}},"loc":{"start":{"line":110,"column":5},"end":{"line":168,"column":1}}},"2":{"name":"(anonymous_3)","decl":{"start":{"line":111,"column":18},"end":{"line":111,"column":21}},"loc":{"start":{"line":111,"column":23},"end":{"line":124,"column":3}}},"3":{"name":"(anonymous_4)","decl":{"start":{"line":126,"column":23},"end":{"line":126,"column":26}},"loc":{"start":{"line":126,"column":28},"end":{"line":135,"column":3}}},"4":{"name":"(anonymous_5)","decl":{"start":{"line":171,"column":61},"end":{"line":171,"column":62}},"loc":{"start":{"line":171,"column":89},"end":{"line":177,"column":1}}}},"branchMap":{"0":{"loc":{"start":{"line":43,"column":4},"end":{"line":69,"column":5}},"type":"switch","locations":[{"start":{"line":44,"column":6},"end":{"line":48,"column":10}},{"start":{"line":49,"column":6},"end":{"line":53,"column":10}},{"start":{"line":54,"column":6},"end":{"line":58,"column":10}},{"start":{"line":59,"column":6},"end":{"line":63,"column":10}},{"start":{"line":64,"column":6},"end":{"line":68,"column":10}}]},"1":{"loc":{"start":{"line":104,"column":2},"end":{"line":104,"column":21}},"type":"default-arg","locations":[{"start":{"line":104,"column":12},"end":{"line":104,"column":21}}]},"2":{"loc":{"start":{"line":105,"column":2},"end":{"line":105,"column":13}},"type":"default-arg","locations":[{"start":{"line":105,"column":9},"end":{"line":105,"column":13}}]},"3":{"loc":{"start":{"line":106,"column":2},"end":{"line":106,"column":25}},"type":"default-arg","locations":[{"start":{"line":106,"column":20},"end":{"line":106,"column":25}}]},"4":{"loc":{"start":{"line":107,"column":2},"end":{"line":107,"column":28}},"type":"default-arg","locations":[{"start":{"line":107,"column":24},"end":{"line":107,"column":28}}]},"5":{"loc":{"start":{"line":108,"column":2},"end":{"line":108,"column":22}},"type":"default-arg","locations":[{"start":{"line":108,"column":18},"end":{"line":108,"column":22}}]},"6":{"loc":{"start":{"line":112,"column":4},"end":{"line":123,"column":5}},"type":"switch","locations":[{"start":{"line":113,"column":6},"end":{"line":114,"column":20}},{"start":{"line":115,"column":6},"end":{"line":116,"column":19}},{"start":{"line":117,"column":6},"end":{"line":118,"column":19}},{"start":{"line":119,"column":6},"end":{"line":120,"column":20}},{"start":{"line":121,"column":6},"end":{"line":122,"column":20}}]},"7":{"loc":{"start":{"line":127,"column":4},"end":{"line":134,"column":5}},"type":"switch","locations":[{"start":{"line":128,"column":6},"end":{"line":129,"column":20}},{"start":{"line":130,"column":6},"end":{"line":131,"column":20}},{"start":{"line":132,"column":6},"end":{"line":133,"column":20}}]},"8":{"loc":{"start":{"line":152,"column":9},"end":{"line":155,"column":null}},"type":"binary-expr","locations":[{"start":{"line":152,"column":9},"end":{"line":152,"column":14}},{"start":{"line":153,"column":10},"end":{"line":154,"column":null}}]},"9":{"loc":{"start":{"line":158,"column":9},"end":{"line":161,"column":null}},"type":"binary-expr","locations":[{"start":{"line":158,"column":9},"end":{"line":158,"column":16}},{"start":{"line":159,"column":10},"end":{"line":160,"column":null}}]}},"s":{"0":0,"1":0,"2":0,"3":0,"4":0,"5":0,"6":0,"7":0,"8":0,"9":0,"10":0,"11":0,"12":0,"13":0,"14":0,"15":0,"16":0,"17":0,"18":0,"19":0,"20":0,"21":0,"22":0,"23":0,"24":0,"25":0,"26":0,"27":0,"28":0,"29":0,"30":0,"31":0},"f":{"0":0,"1":0,"2":0,"3":0,"4":0},"b":{"0":[0,0,0,0,0],"1":[0],"2":[0],"3":[0],"4":[0],"5":[0],"6":[0,0,0,0,0],"7":[0,0,0],"8":[0,0],"9":[0,0]}}
,"/Users/giheonjang/Documents/MVP/GainDeuk_front/src/components/common/ErrorBoundary.tsx": {"path":"/Users/giheonjang/Documents/MVP/GainDeuk_front/src/components/common/ErrorBoundary.tsx","statementMap":{"0":{"start":{"line":1,"column":0},"end":{"line":1,"column":63}},"1":{"start":{"line":2,"column":0},"end":{"line":2,"column":39}},"2":{"start":{"line":3,"column":0},"end":{"line":3,"column":43}},"3":{"start":{"line":4,"column":0},"end":{"line":4,"column":33}},"4":{"start":{"line":21,"column":23},"end":{"line":33,"column":2}},"5":{"start":{"line":35,"column":18},"end":{"line":39,"column":2}},"6":{"start":{"line":41,"column":19},"end":{"line":46,"column":2}},"7":{"start":{"line":48,"column":21},"end":{"line":54,"column":2}},"8":{"start":{"line":56,"column":21},"end":{"line":61,"column":2}},"9":{"start":{"line":63,"column":21},"end":{"line":72,"column":2}},"10":{"start":{"line":74,"column":19},"end":{"line":84,"column":2}},"11":{"start":{"line":86,"column":16},"end":{"line":91,"column":2}},"12":{"start":{"line":93,"column":22},"end":{"line":99,"column":2}},"13":{"start":{"line":105,"column":4},"end":{"line":105,"column":17}},"14":{"start":{"line":102,"column":10},"end":{"line":102,"column":47}},"15":{"start":{"line":176,"column":10},"end":{"line":198,"column":4}},"16":{"start":{"line":179,"column":24},"end":{"line":188,"column":6}},"17":{"start":{"line":197,"column":4},"end":{"line":197,"column":55}},"18":{"start":{"line":200,"column":10},"end":{"line":207,"column":4}},"19":{"start":{"line":201,"column":4},"end":{"line":206,"column":7}},"20":{"start":{"line":209,"column":10},"end":{"line":211,"column":4}},"21":{"start":{"line":210,"column":4},"end":{"line":210,"column":30}},"22":{"start":{"line":213,"column":10},"end":{"line":215,"column":4}},"23":{"start":{"line":214,"column":4},"end":{"line":214,"column":29}},"24":{"start":{"line":217,"column":10},"end":{"line":240,"column":4}},"25":{"start":{"line":218,"column":31},"end":{"line":218,"column":41}},"26":{"start":{"line":221,"column":24},"end":{"line":226,"column":6}},"27":{"start":{"line":228,"column":23},"end":{"line":228,"column":121}},"28":{"start":{"line":230,"column":4},"end":{"line":239,"column":5}},"29":{"start":{"line":231,"column":6},"end":{"line":236,"column":9}},"30":{"start":{"line":232,"column":8},"end":{"line":232,"column":52}},"31":{"start":{"line":235,"column":8},"end":{"line":235,"column":55}},"32":{"start":{"line":238,"column":6},"end":{"line":238,"column":53}},"33":{"start":{"line":106,"column":4},"end":{"line":111,"column":6}},"34":{"start":{"line":115,"column":4},"end":{"line":119,"column":6}},"35":{"start":{"line":123,"column":24},"end":{"line":123,"column":34}},"36":{"start":{"line":124,"column":24},"end":{"line":124,"column":34}},"37":{"start":{"line":126,"column":4},"end":{"line":129,"column":7}},"38":{"start":{"line":132,"column":4},"end":{"line":138,"column":5}},"39":{"start":{"line":133,"column":6},"end":{"line":133,"column":54}},"40":{"start":{"line":134,"column":6},"end":{"line":134,"column":37}},"41":{"start":{"line":135,"column":6},"end":{"line":135,"column":46}},"42":{"start":{"line":136,"column":6},"end":{"line":136,"column":42}},"43":{"start":{"line":137,"column":6},"end":{"line":137,"column":25}},"44":{"start":{"line":141,"column":4},"end":{"line":143,"column":5}},"45":{"start":{"line":142,"column":6},"end":{"line":142,"column":41}},"46":{"start":{"line":146,"column":4},"end":{"line":148,"column":5}},"47":{"start":{"line":147,"column":6},"end":{"line":147,"column":56}},"48":{"start":{"line":152,"column":46},"end":{"line":152,"column":56}},"49":{"start":{"line":153,"column":25},"end":{"line":153,"column":35}},"50":{"start":{"line":155,"column":4},"end":{"line":167,"column":5}},"51":{"start":{"line":156,"column":6},"end":{"line":166,"column":7}},"52":{"start":{"line":157,"column":35},"end":{"line":158,"column":null}},"53":{"start":{"line":158,"column":26},"end":{"line":158,"column":62}},"54":{"start":{"line":160,"column":8},"end":{"line":162,"column":9}},"55":{"start":{"line":161,"column":10},"end":{"line":161,"column":36}},"56":{"start":{"line":165,"column":8},"end":{"line":165,"column":34}},"57":{"start":{"line":171,"column":4},"end":{"line":173,"column":5}},"58":{"start":{"line":172,"column":6},"end":{"line":172,"column":40}},"59":{"start":{"line":243,"column":52},"end":{"line":243,"column":62}
[...]
olumn":16},"end":{"line":98,"column":17}},"loc":{"start":{"line":98,"column":44},"end":{"line":101,"column":7}}},"2":{"name":"(anonymous_2)","decl":{"start":{"line":103,"column":19},"end":{"line":103,"column":22}},"loc":{"start":{"line":103,"column":24},"end":{"line":108,"column":7}}},"3":{"name":"(anonymous_3)","decl":{"start":{"line":111,"column":22},"end":{"line":111,"column":23}},"loc":{"start":{"line":111,"column":40},"end":{"line":113,"column":7}}},"4":{"name":"(anonymous_4)","decl":{"start":{"line":115,"column":21},"end":{"line":115,"column":24}},"loc":{"start":{"line":115,"column":26},"end":{"line":118,"column":7}}},"5":{"name":"(anonymous_5)","decl":{"start":{"line":121,"column":25},"end":{"line":121,"column":26}},"loc":{"start":{"line":121,"column":43},"end":{"line":123,"column":7}}},"6":{"name":"(anonymous_6)","decl":{"start":{"line":125,"column":24},"end":{"line":125,"column":27}},"loc":{"start":{"line":125,"column":29},"end":{"line":128,"column":7}}},"7":{"name":"(anonymous_7)","decl":{"start":{"line":131,"column":23},"end":{"line":131,"column":24}},"loc":{"start":{"line":131,"column":40},"end":{"line":142,"column":7}}},"8":{"name":"(anonymous_8)","decl":{"start":{"line":139,"column":12},"end":{"line":139,"column":13}},"loc":{"start":{"line":139,"column":24},"end":{"line":141,"column":10}}},"9":{"name":"(anonymous_9)","decl":{"start":{"line":144,"column":26},"end":{"line":144,"column":27}},"loc":{"start":{"line":144,"column":41},"end":{"line":148,"column":7}}},"10":{"name":"(anonymous_10)","decl":{"start":{"line":145,"column":12},"end":{"line":145,"column":13}},"loc":{"start":{"line":145,"column":24},"end":{"line":147,"column":10}}},"11":{"name":"(anonymous_11)","decl":{"start":{"line":146,"column":52},"end":{"line":146,"column":53}},"loc":{"start":{"line":146,"column":57},"end":{"line":146,"column":68}}},"12":{"name":"(anonymous_12)","decl":{"start":{"line":150,"column":30},"end":{"line":150,"column":31}},"loc":{"start":{"line":150,"column":45},"end":{"line":156,"column":7}}},"13":{"name":"(anonymous_13)","decl":{"start":{"line":151,"column":12},"end":{"line":151,"column":13}},"loc":{"start":{"line":151,"column":24},"end":{"line":155,"column":10}}},"14":{"name":"(anonymous_14)","decl":{"start":{"line":152,"column":49},"end":{"line":152,"column":50}},"loc":{"start":{"line":153,"column":12},"end":{"line":153,"column":50}}},"15":{"name":"(anonymous_15)","decl":{"start":{"line":158,"column":34},"end":{"line":158,"column":37}},"loc":{"start":{"line":158,"column":39},"end":{"line":162,"column":7}}},"16":{"name":"(anonymous_16)","decl":{"start":{"line":159,"column":12},"end":{"line":159,"column":13}},"loc":{"start":{"line":159,"column":24},"end":{"line":161,"column":10}}},"17":{"name":"(anonymous_17)","decl":{"start":{"line":160,"column":49},"end":{"line":160,"column":50}},"loc":{"start":{"line":160,"column":55},"end":{"line":160,"column":75}}},"18":{"name":"(anonymous_18)","decl":{"start":{"line":164,"column":26},"end":{"line":164,"column":29}},"loc":{"start":{"line":164,"column":31},"end":{"line":166,"column":7}}},"19":{"name":"(anonymous_19)","decl":{"start":{"line":169,"column":24},"end":{"line":169,"column":25}},"loc":{"start":{"line":169,"column":45},"end":{"line":173,"column":7}}},"20":{"name":"(anonymous_20)","decl":{"start":{"line":170,"column":12},"end":{"line":170,"column":13}},"loc":{"start":{"line":170,"column":24},"end":{"line":172,"column":10}}},"21":{"name":"(anonymous_21)","decl":{"start":{"line":175,"column":22},"end":{"line":175,"column":23}},"loc":{"start":{"line":175,"column":43},"end":{"line":179,"column":7}}},"22":{"name":"(anonymous_22)","decl":{"start":{"line":176,"column":12},"end":{"line":176,"column":13}},"loc":{"start":{"line":176,"column":24},"end":{"line":178,"column":10}}},"23":{"name":"(anonymous_23)","decl":{"start":{"line":181,"column":27},"end":{"line":181,"column":28}},"loc":{"start":{"line":181,"column":48},"end":{"line":185,"column":7}}},"24":{"name":"(anonymous_24)","decl":{"start":{"line":182,"column":12},"end":{"line":182,"column":13}},"loc":{"start":{"line":182,"column":24},"end":{"line":184,"column":10}}},"25":{"name":"(anonymous_25)","decl":{"start":{"line":188,"column":17},"end":{"line":188,"column":18}},"loc":{"start":{"line":188,"column":37},"end":{"line":192,"column":7}}},"26":{"name":"(anonymous_26)","decl":{"start":{"line":189,"column":12},"end":{"line":189,"column":13}},"loc":{"start":{"line":189,"column":24},"end":{"line":191,"column":10}}},"27":{"name":"(anonymous_27)","decl":{"start":{"line":194,"column":18},"end":{"line":194,"column":19}},"loc":{"start":{"line":194,"column":38},"end":{"line":198,"column":7}}},"28":{"name":"(anonymous_28)","decl":{"start":{"line":195,"column":12},"end":{"line":195,"column":13}},"loc":{"start":{"line":195,"column":24},"end":{"line":197,"column":10}}},"29":{"name":"(anonymous_29)","decl":{"start":{"line":200,"column":19},"end":{"line":200,"column":20}},"loc":{"start":{"line":200,"column":39},"end":{"line":204,"column":7}}},"30":{"name":"(anonymous_30)","decl":{"start":{"line":201,"column":12},"end":{"line":201,"column":13}},"loc":{"start":{"line":201,"column":24},"end":{"line":203,"column":10}}},"31":{"name":"(anonymous_31)","decl":{"start":{"line":206,"column":22},"end":{"line":206,"column":25}},"loc":{"start":{"line":206,"column":27},"end":{"line":208,"column":7}}},"32":{"name":"(anonymous_32)","decl":{"start":{"line":211,"column":16},"end":{"line":211,"column":17}},"loc":{"start":{"line":211,"column":26},"end":{"line":226,"column":7}}},"33":{"name":"(anonymous_33)","decl":{"start":{"line":217,"column":12},"end":{"line":217,"column":13}},"loc":{"start":{"line":217,"column":24},"end":{"line":219,"column":10}}},"34":{"name":"(anonymous_34)","decl":{"start":{"line":223,"column":19},"end":{"line":223,"column":22}},"loc":{"start":{"line":223,"column":24},"end":{"line":225,"column":9}}},"35":{"name":"(anonymous_35)","decl":{"start":{"line":228,"column":19},"end":{"line":228,"column":20}},"loc":{"start":{"line":228,"column":34},"end":{"line":232,"column":7}}},"36":{"name":"(anonymous_36)","decl":{"start":{"line":229,"column":12},"end":{"line":229,"column":13}},"loc":{"start":{"line":229,"column":24},"end":{"line":231,"column":10}}},"37":{"name":"(anonymous_37)","decl":{"start":{"line":230,"column":38},"end":{"line":230,"column":39}},"loc":{"start":{"line":230,"column":43},"end":{"line":230,"column":54}}},"38":{"name":"(anonymous_38)","decl":{"start":{"line":234,"column":19},"end":{"line":234,"column":22}},"loc":{"start":{"line":234,"column":24},"end":{"line":236,"column":7}}},"39":{"name":"(anonymous_39)","decl":{"start":{"line":240,"column":18},"end":{"line":240,"column":19}},"loc":{"start":{"line":240,"column":30},"end":{"line":243,"column":8}}}},"branchMap":{"0":{"loc":{"start":{"line":105,"column":25},"end":{"line":105,"column":61}},"type":"cond-expr","locations":[{"start":{"line":105,"column":45},"end":{"line":105,"column":51}},{"start":{"line":105,"column":54},"end":{"line":105,"column":61}}]},"1":{"loc":{"start":{"line":153,"column":12},"end":{"line":153,"column":50}},"type":"cond-expr","locations":[{"start":{"line":153,"column":26},"end":{"line":153,"column":46}},{"start":{"line":153,"column":49},"end":{"line":153,"column":50}}]},"2":{"loc":{"start":{"line":222,"column":25},"end":{"line":222,"column":47}},"type":"binary-expr","locations":[{"start":{"line":222,"column":25},"end":{"line":222,"column":39}},{"start":{"line":222,"column":43},"end":{"line":222,"column":47}}]}},"s":{"0":0,"1":0,"2":0,"3":0,"4":0,"5":0,"6":0,"7":0,"8":0,"9":0,"10":0,"11":0,"12":0,"13":0,"14":0,"15":0,"16":0,"17":0,"18":0,"19":0,"20":0,"21":0,"22":0,"23":0,"24":0,"25":0,"26":0,"27":0,"28":0,"29":0,"30":0,"31":0,"32":0,"33":0,"34":0,"35":0,"36":0,"37":0,"38":0,"39":0,"40":0,"41":0,"42":0,"43":0,"44":0,"45":0,"46":0,"47":0,"48":0,"49":0,"50":0,"51":0,"52":0},"f":{"0":0,"1":0,"2":0,"3":0,"4":0,"5":0,"6":0,"7":0,"8":0,"9":0,"10":0,"11":0,"12":0,"13":0,"14":0,"15":0,"16":0,"17":0,"18":0,"19":0,"20":0,"21":0,"22":0,"23":0,"24":0,"25":0,"26":0,"27":0,"28":0,"29":0,"30":0,"31":0,"32":0,"33":0,"34":0,"35":0,"36":0,"37":0,"38":0,"39":0},"b":{"0":[0,0],"1":[0,0],"2":[0,0]}}
,"/Users/giheonjang/Documents/MVP/GainDeuk_front/src/styles/GlobalStyles.ts": {"path":"/Users/giheonjang/Documents/MVP/GainDeuk_front/src/styles/GlobalStyles.ts","statementMap":{"0":{"start":{"line":1,"column":0},"end":{"line":1,"column":54}},"1":{"start":{"line":2,"column":0},"end":{"line":2,"column":32}},"2":{"start":{"line":4,"column":13},"end":{"line":259,"column":2}}},"fnMap":{},"branchMap":{},"s":{"0":0,"1":0,"2":0},"f":{},"b":{}}
,"/Users/giheonjang/Documents/MVP/GainDeuk_front/src/styles/theme.ts": {"path":"/Users/giheonjang/Documents/MVP/GainDeuk_front/src/styles/theme.ts","statementMap":{"0":{"start":{"line":3,"column":13},"end":{"line":34,"column":2}},"1":{"start":{"line":36,"column":13},"end":{"line":40,"column":2}},"2":{"start":{"line":42,"column":13},"end":{"line":48,"column":2}}},"fnMap":{},"branchMap":{},"s":{"0":0,"1":0,"2":0},"f":{},"b":{}}
,"/Users/giheonjang/Documents/MVP/GainDeuk_front/src/utils/accessibilityTest.ts": {"path":"/Users/giheonjang/Documents/MVP/GainDeuk_front/src/utils/accessibilityTest.ts","statementMap":{"0":{"start":{"line":2,"column":13},"end":{"line":161,"column":2}},"1":{"start":{"line":5,"column":19},"end":{"line":5,"column":51}},"2":{"start":{"line":6,"column":29},"end":{"line":6,"column":31}},"3":{"start":{"line":8,"column":4},"end":{"line":12,"column":7}},"4":{"start":{"line":9,"column":6},"end":{"line":11,"column":7}},"5":{"start":{"line":10,"column":8},"end":{"line":10,"column":62}},"6":{"start":{"line":14,"column":4},"end":{"line":17,"column":6}},"7":{"start":{"line":22,"column":21},"end":{"line":22,"column":72}},"8":{"start":{"line":23,"column":29},"end":{"line":23,"column":31}},"9":{"start":{"line":24,"column":24},"end":{"line":24,"column":25}},"10":{"start":{"line":26,"column":4},"end":{"line":38,"column":7}},"11":{"start":{"line":27,"column":27},"end":{"line":27,"column":62}},"12":{"start":{"line":29,"column":6},"end":{"line":31,"column":7}},"13":{"start":{"line":30,"column":8},"end":{"line":30,"column":49}},"14":{"start":{"line":33,"column":6},"end":{"line":35,"column":7}},"15":{"start":{"line":34,"column":8},"end":{"line":34,"column":81}},"16":{"start":{"line":37,"column":6},"end":{"line":37,"column":35}},"17":{"start":{"line":40,"column":4},"end":{"line":43,"column":6}},"18":{"start":{"line":48,"column":32},"end":{"line":49,"column":null}},"19":{"start":{"line":51,"column":29},"end":{"line":51,"column":31}},"20":{"start":{"line":53,"column":4},"end":{"line":62,"column":7}},"21":{"start":{"line":54,"column":23},"end":{"line":57,"column":66}},"22":{"start":{"line":59,"column":6},"end":{"line":61,"column":7}},"23":{"start":{"line":60,"column":8},"end":{"line":60,"column":84}},"24":{"start":{"line":64,"column":4},"end":{"line":67,"column":6}},"25":{"start":{"line":72,"column":29},"end":{"line":72,"column":31}},"26":{"start":{"line":73,"column":21},"end":{"line":73,"column":51}},"27":{"start":{"line":75,"column":4},"end":{"line":92,"column":7}},"28":{"start":{"line":76,"column":21},"end":{"line":76,"column":53}},"29":{"start":{"line":77,"column":20},"end":{"line":77,"column":32}},"30":{"start":{"line":78,"column":30},"end":{"line":78,"column":52}},"31":{"start":{"line":81,"column":6},"end":{"line":91,"column":7}},"32":{"start":{"line":85,"column":26},"end":{"line":85,"column":66}},"33":{"start":{"line":86,"column":24},"end":{"line":86,"column":74}},"34":{"start":{"line":88,"column":8},"end":{"line":90,"column":9}},"35":{"start":{"line":89,"column":10},"end":{"line":89,"column":83}},"36":{"start":{"line":94,"column":4},"end":{"line":97,"column":6}},"37":{"start":{"line":102,"column":29},"end":{"line":102,"column":31}},"38":{"start":{"line":103,"column":30},"end":{"line":104,"column":null}},"39":{"start":{"line":107,"column":4},"end":{"line":112,"column":7}},"40":{"start":{"line":108,"column":23},"end":{"line":108,"column":55}},"41":{"start":{"line":109,"column":6},"end":{"line":111,"column":7}},"42":{"start":{"line":110,"column":8},"end":{"line":110,"column":79}},"43":{"start":{"line":114,"column":4},"end":{"line":117,"column":6}},"44":{"start":{"line":122,"column":22},"end":{"line":122,"column":63}},"45":{"start":{"line":123,"column":29},"end":{"line":123,"column":31}},"46":{"start":{"line":125,"column":4},"end":{"line":127,"column":5}},"47":{"start":{"line":126,"column":6},"end":{"line":126,"column":41}},"48":{"start":{"line":129,"column":4},"end":{"line":132,"column":6}},"49":{"start":{"line":137,"column":20},"end":{"line":144,"column":6}},"50":{"start":{"line":146,"column":24},"end":{"line":146,"column":101}},"51":{"start":{"line":146,"column":71},"end":{"line":146,"column":97}},"52":{"start":{"line":147,"column":24},"end":{"line":147,"column":85}},"53":{"start":{"line":147,"column":64},"end":{"line":147,"column":77}},"54":{"start":{"line":148,"column":23},"end":{"line":148,"column":50}},"55":{"start":{"line":150,"column":4},"end":{"line":159,"column":6}},"56":{"start":{"line":164,"column":0},"end":{"line":167,"column":1}},"57":{"start":{"line":165,"column":3},"end":{"line":165,"column":56}},"58":{"start":{"line":166,"column":2},"end":{"line":166,"column":108}}},"fnMap":{"0":{"name":"(anonymous_0)","decl":{"start":{"line":4,"column":21},"end":{"line":4,"column":63}},"loc":{"start":{"line":4,"column":65},"end":{"line":18,"column":3}}},"1":{"name":"(anonymous_1)","decl":{"start":{"line":8,"column":19},"end":{"line":8,"column":20}},"loc":{"start":{"line":8,"column":34},"end":{"line":12,"column":5}}},"2":{"name":"(anonymous_2)","decl":{"start":{"line":21,"column":25},"end":{"line":21,"column":67}},"loc":{"start":{"line":21,"column":69},"end":{"line":44,"column":3}}},"3":{"name":"(anonymous_3)","decl":{"start":{"line":26,"column":21},"end":{"line":26,"column":22}},"loc":{"start":{"line":26,"column":40},"end":{"line":38,"column":5}}},"4":{"name":"(anonymous_4)","decl":{"start":{"line":47,"column":19},"end":{"line":47,"column":61}},"loc":{"start":{"line":47,"column":63},"end":{"line":68,"column":3}}},"5":{"name":"(anonymous_5)","decl":{"start":{"line":53,"column":32},"end":{"line":53,"column":33}},"loc":{"start":{"line":53,"column":51},"end":{"line":62,"column":5}}},"6":{"name":"(anonymous_6)","decl":{"start":{"line":71,"column":22},"end":{"line":71,"column":64}},"loc":{"start":{"line":71,"column":66},"end":{"line":98,"column":3}}},"7":{"name":"(anonymous_7)","decl":{"start":{"line":75,"column":21},"end":{"line":75,"column":22}},"loc":{"start":{"line":75,"column":33},"end":{"line":92,"column":5}}},"8":{"name":"(anonymous_8)","decl":{"start":{"line":101,"column":27},"end":{"line":101,"column":69}},"loc":{"start":{"line":101,"column":71},"end":{"line":118,"column":3}}},"9":{"name":"(anonymous_9)","decl":{"start":{"line":107,"column":30},"end":{"line":107,"column":31}},"loc":{"start":{"line":107,"column":49},"end":{"line":112,"column":5}}},"10":{"name":"(anonymous_10)","decl":{"start":{"line":121,"column":18},"end":{"line":121,"column":60}},"loc":{"start":{"line":121,"column":62},"end":{"line":133,"column":3}}},"11":{"name":"(anonymous_11)","decl":{"start":{"line":136,"column":15},"end":{"line":136,"column":18}},"loc":{"start":{"line":136,"column":20},"end":{"line":160,"column":3}}},"12":{"name":"(anonymous_12)","decl":{"start":{"line":146,"column":54},"end":{"line":146,"column":55}},"loc":{"start":{"line":146,"column":71},"end":{"line":146,"column":97}}},"13":{"name":"(anonymous_13)","decl":{"start":{"line":147,"column":54},"end":{"line":147,"column":60}},"loc":{"start":{"line":147,"column":64},"end":{"line":147,"column":77}}}},"branchMap":{"0":{"loc":{"start":{"line":9,"column":6},"end":{"line":11,"column":7}},"type":"if","locations":[{"start":{"line":9,"column":6},"end":{"line":11,"column":7}},{"start":{},"end":{}}]},"1":{"loc":{"start":{"line":9,"column":10},"end":{"line":9,"column":53}},"type":"binary-expr","locations":[{"start":{"line":9,"column":10},"end":{"line":9,"column":18}},{"start":{"line":9,"column":22},"end":{"line":9,"column":53}}]},"2":{"loc":{"start":{"line":29,"column":6},"end":{"line":31,"column":7}},"type":"if","locations":[{"start":{"line":29,"column":6},"end":{"line":31,"column":7}},{"start":{},"end":{}}]},"3":{"loc":{"start":{"line":29,"column":10},"end":{"line":29,"column":43}},"type":"binary-expr","locations":[{"start":{"line":29,"column":10},"end":{"line":29,"column":21}},{"start":{"line":29,"column":25},"end":{"line":29,"column":43}}]},"4":{"loc":{"start":{"line":33,"column":6},"end":{"line":35,"column":7}},"type":"if","locations":[{"start":{"line":33,"column":6},"end":{"line":35,"column":7}},{"start":{},"end":{}}]},"5":{"loc":{"start":{"line":54,"column":23},"end":{"line":57,"column":66}},"type":"binary-expr","locations":[{"start":{"line":54,"column":23},"end":{"line":54,"column":57}},{"start":{"line":55,"column":22},"end":{"line":55,"column":61}},{"start":{"line":56,"column":22},"end":{"line":56,"column":51}},{"start":{"line":57,"column":23},"end":{"line":57,"column":66}}]},"6":{"loc":{"start":{"line":59,"column":6},"end":{"line":61,"column":7}},"type":"if","locations":[{"start":{"line":59,"column":6},"end":{"line":61,"column":7}},{"start":{},"end":{}}]},"7":{"loc":{"start":{"line":81,"column":6},"end":{"line":91,"column":7}},"type":"if","locations":[{"start":{"line":81,"column":6},"end":{"line":91,"column":7}},{"start":{},"end":{}}]},"8":{"loc":{"start":{"line":81,"column":10},"end":{"line":83,"column":48}},"type":"binary-expr","locations":[{"start":{"line":81,"column":10},"end":{"line":81,"column":15}},{"start":{"line":81,"column":19},"end":{"line":81,"column":34}},{"start":{"line":82,"column":10},"end":{"line":82,"column":38}},{"start":{"line":83,"column":10},"end":{"line":83,"column":48}}]},"9":{"loc":{"start":{"line":85,"column":26},"end":{"line":85,"column":66}},"type":"cond-expr","locations":[{"start":{"line":85,"column":50},"end":{"line":85,"column":57}},{"start":{"line":85,"column":60},"end":{"line":85,"column":66}}]},"10":{"loc":{"start":{"line":86,"column":24},"end":{"line":86,"column":74}},"type":"cond-expr","locations":[{"start":{"line":86,"column":58},"end":{"line":86,"column":65}},{"start":{"line":86,"column":68},"end":{"line":86,"column":74}}]},"11":{"loc":{"start":{"line":88,"column":8},"end":{"line":90,"column":9}},"type":"if","locations":[{"start":{"line":88,"column":8},"end":{"line":90,"column":9}},{"start":{},"end":{}}]},"12":{"loc":{"start":{"line":109,"column":6},"end":{"line":111,"column":7}},"type":"if","locations":[{"start":{"line":109,"column":6},"end":{"line":111,"column":7}},{"start":{},"end":{}}]},"13":{"loc":{"start":{"line":109,"column":10},"end":{"line":109,"column":44}},"type":"binary-expr","locations":[{"start":{"line":109,"column":10},"end":{"line":109,"column":18}},{"start":{"line":109,"column":22},"end":{"line":109,"column":44}}]},"14":{"loc":{"start":{"line":125,"column":4},"end":{"line":127,"column":5}},"type":"if","locations":[{"start":{"line":125,"column":4},"end":{"line":127,"column":5}},{"start":{},"end":{}}]},"15":{"loc":{"start":{"line":164,"column":0},"end":{"line":167,"column":1}},"type":"if","locations":[{"start":{"line":164,"column":0},"end":{"line":167,"column":1}},{"start":{},"end":{}}]}},"s":{"0":0,"1":0,"2":0,"3":0,"4":0,"5":0,"6":0,"7":0,"8":0,"9":0,"10":0,"11":0,"12":0,"13":0,"14":0,"15":0,"16":0,"17":0,"18":0,"19":0,"20":0,"21":0,"22":0,"23":0,"24":0,"25":0,"26":0,"27":0,"28":0,"29":0,"30":0,"31":0,"32":0,"33":0,"34":0,"35":0,"36":0,"37":0,"38":0,"39":0,"40":0,"41":0,"42":0,"43":0,"44":0,"45":0,"46":0,"47":0,"48":0,"49":0,"50":0,"51":0,"52":0,"53":0,"54":0,"55":0,"56":0,"57":0,"58":0},"f":{"0":0,"1":0,"2":0,"3":0,"4":0,"5":0,"6":0,"7":0,"8":0,"9":0,"10":0,"11":0,"12":0,"13":0},"b":{"0":[0,0],"1":[0,0],"2":[0,0],"3":[0,0],"4":[0,0],"5":[0,0,0,0],"6":[0,0],"7":[0,0],"8":[0,0,0,0],"9":[0,0],"10":[0,0],"11":[0,0],"12":[0,0],"13":[0,0],"14":[0,0],"15":[0,0]}}
}
