TN:
SF:src/components/cards/SignalCard.tsx
FN:25,(anonymous_9)
FN:28,(anonymous_10)
FN:62,(anonymous_11)
FN:149,(anonymous_12)
FN:175,(anonymous_13)
FN:214,(anonymous_14)
FN:265,(anonymous_15)
FN:325,(anonymous_16)
FN:326,(anonymous_17)
FN:330,(anonymous_18)
FN:336,(anonymous_19)
FN:342,(anonymous_20)
FN:347,(anonymous_21)
FN:352,(anonymous_22)
FN:357,(anonymous_23)
FNF:15
FNH:0
FNDA:0,(anonymous_9)
FNDA:0,(anonymous_10)
FNDA:0,(anonymous_11)
FNDA:0,(anonymous_12)
FNDA:0,(anonymous_13)
FNDA:0,(anonymous_14)
FNDA:0,(anonymous_15)
FNDA:0,(anonymous_16)
FNDA:0,(anonymous_17)
FNDA:0,(anonymous_18)
FNDA:0,(anonymous_19)
FNDA:0,(anonymous_20)
FNDA:0,(anonymous_21)
FNDA:0,(anonymous_22)
FNDA:0,(anonymous_23)
DA:1,0
DA:2,0
DA:3,0
DA:4,0
DA:14,0
DA:25,0
DA:29,0
DA:31,0
DA:36,0
DA:41,0
DA:46,0
DA:51,0
DA:63,0
DA:65,0
DA:69,0
DA:73,0
DA:77,0
DA:89,0
DA:96,0
DA:102,0
DA:115,0
DA:120,0
DA:128,0
DA:134,0
DA:140,0
DA:146,0
DA:150,0
DA:151,0
DA:152,0
DA:153,0
DA:157,0
DA:161,0
DA:168,0
DA:176,0
DA:179,0
DA:186,0
DA:192,0
DA:198,0
DA:207,0
DA:215,0
DA:217,0
DA:222,0
DA:227,0
DA:235,0
DA:245,0
DA:253,0
DA:258,0
DA:264,0
DA:265,0
DA:270,0
DA:276,0
DA:282,0
DA:288,0
DA:322,0
DA:325,0
DA:326,0
DA:330,0
DA:336,0
DA:337,0
DA:338,0
DA:342,0
DA:343,0
DA:347,0
DA:348,0
DA:352,0
DA:357,0
DA:361,0
DA:362,0
DA:372,0
DA:434,0
DA:436,0
LF:71
LH:0
BRDA:25,0,0,0
BRDA:25,0,1,0
BRDA:29,1,0,0
BRDA:29,1,1,0
BRDA:29,1,2,0
BRDA:29,1,3,0
BRDA:29,1,4,0
BRDA:63,2,0,0
BRDA:63,2,1,0
BRDA:63,2,2,0
BRDA:63,2,3,0
BRDA:150,3,0,0
BRDA:150,3,1,0
BRDA:151,4,0,0
BRDA:151,4,1,0
BRDA:152,5,0,0
BRDA:152,5,1,0
BRDA:176,6,0,0
BRDA:176,6,1,0
BRDA:176,6,2,0
BRDA:176,6,3,0
BRDA:176,6,4,0
BRDA:176,6,5,0
BRDA:215,7,0,0
BRDA:215,7,1,0
BRDA:215,7,2,0
BRDA:265,8,0,0
BRDA:265,8,1,0
BRDA:334,9,0,0
BRDA:337,10,0,0
BRDA:337,10,1,0
BRDA:337,11,0,0
BRDA:337,11,1,0
BRDA:361,12,0,0
BRDA:361,12,1,0
BRDA:421,13,0,0
BRDA:421,13,1,0
BRF:37
BRH:0
end_of_record
TN:
SF:src/components/cards/index.ts
FN:1,(anonymous_1)
FNF:1
FNH:0
FNDA:0,(anonymous_1)
DA:1,0
LF:1
LH:0
BRF:0
BRH:0
end_of_record
TN:
SF:src/components/charts/index.ts
FN:1,(anonymous_1)
FNF:1
FNH:0
FNDA:0,(anonymous_1)
DA:1,0
LF:1
LH:0
BRF:0
BRH:0
end_of_record
TN:
SF:src/components/common/Accordion.tsx
FN:36,(anonymous_9)
FN:66,(anonymous_10)
FN:68,(anonymous_11)
FN:99,(anonymous_12)
FN:107,(anonymous_13)
FN:126,(anonymous_14)
FN:135,(anonymous_15)
FN:165,(anonymous_16)
FN:183,(anonymous_17)
FN:197,(anonymous_18)
FN:255,(anonymous_19)
FN:265,(anonymous_20)
FN:266,(anonymous_21)
FN:269,(anonymous_22)
FN:279,(anonymous_23)
FN:284,(anonymous_24)
FNF:16
FNH:0
FNDA:0,(anonymous_9)
FNDA:0,(anonymous_10)
FNDA:0,(anonymous_11)
FNDA:0,(anonymous_12)
FNDA:0,(anonymous_13)
FNDA:0,(anonymous_14)
FNDA:0,(anonymous_15)
FNDA:0,(anonymous_16)
FNDA:0,(anonymous_17)
FNDA:0,(anonymous_18)
FNDA:0,(anonymous_19)
FNDA:0,(anonymous_20)
FNDA:0,(anonymous_21)
FNDA:0,(anonymous_22)
FNDA:0,(anonymous_23)
FNDA:0,(anonymous_24)
DA:1,0
DA:2,0
DA:3,0
DA:4,0
DA:31,0
DA:37,0
DA:39,0
DA:45,0
DA:51,0
DA:58,0
DA:66,0
DA:69,0
DA:71,0
DA:81,0
DA:89,0
DA:99,0
DA:108,0
DA:110,0
DA:115,0
DA:126,0
DA:131,0
DA:136,0
DA:138,0
DA:142,0
DA:146,0
DA:153,0
DA:161,0
DA:166,0
DA:168,0
DA:172,0
DA:179,0
DA:184,0
DA:186,0
DA:190,0
DA:197,0
DA:205,0
DA:255,0
DA:263,0
DA:265,0
DA:266,0
DA:267,0
DA:268,0
DA:269,0
DA:272,0
DA:277,0
DA:280,0
DA:284,0
DA:293,0
LF:48
LH:0
BRDA:37,0,0,0
BRDA:37,0,1,0
BRDA:37,0,2,0
BRDA:66,1,0,0
BRDA:66,1,1,0
BRDA:69,2,0,0
BRDA:69,2,1,0
BRDA:99,3,0,0
BRDA:99,3,1,0
BRDA:108,4,0,0
BRDA:108,4,1,0
BRDA:126,5,0,0
BRDA:126,5,1,0
BRDA:136,6,0,0
BRDA:136,6,1,0
BRDA:136,6,2,0
BRDA:166,7,0,0
BRDA:166,7,1,0
BRDA:184,8,0,0
BRDA:184,8,1,0
BRDA:201,9,0,0
BRDA:202,10,0,0
BRDA:226,11,0,0
BRDA:226,11,1,0
BRDA:234,12,0,0
BRDA:234,12,1,0
BRDA:257,13,0,0
BRDA:258,14,0,0
BRDA:259,15,0,0
BRDA:260,16,0,0
BRDA:267,17,0,0
BRDA:267,17,1,0
BRDA:268,18,0,0
BRDA:268,18,1,0
BRDA:272,19,0,0
BRDA:272,19,1,0
BRDA:284,20,0,0
BRDA:284,20,1,0
BRF:38
BRH:0
end_of_record
TN:
SF:src/components/common/AnimatedLoader.tsx
FN:22,(anonymous_1)
FN:32,(anonymous_2)
FN:45,(anonymous_3)
FN:51,(anonymous_4)
FN:70,(anonymous_5)
FN:73,(anonymous_6)
FN:86,(anonymous_7)
FN:89,(anonymous_8)
FN:109,(anonymous_9)
FN:121,(anonymous_10)
FN:130,(anonymous_11)
FN:164,(anonymous_12)
FN:204,(anonymous_13)
FN:226,(anonymous_14)
FNF:14
FNH:0
FNDA:0,(anonymous_1)
FNDA:0,(anonymous_2)
FNDA:0,(anonymous_3)
FNDA:0,(anonymous_4)
FNDA:0,(anonymous_5)
FNDA:0,(anonymous_6)
FNDA:0,(anonymous_7)
FNDA:0,(anonymous_8)
FNDA:0,(anonymous_9)
FNDA:0,(anonymous_10)
FNDA:0,(anonymous_11)
FNDA:0,(anonymous_12)
FNDA:0,(anonymous_13)
FNDA:0,(anonymous_14)
DA:2,0
DA:3,0
DA:4,0
DA:5,0
DA:15,0
DA:22,0
DA:33,0
DA:35,0
DA:37,0
DA:39,0
DA:44,0
DA:45,0
DA:50,0
DA:52,0
DA:54,0
DA:56,0
DA:58,0
DA:63,0
DA:69,0
DA:70,0
DA:74,0
DA:76,0
DA:78,0
DA:80,0
DA:85,0
DA:86,0
DA:90,0
DA:92,0
DA:94,0
DA:96,0
DA:101,0
DA:108,0
DA:109,0
DA:114,0
DA:121,0
DA:128,0
DA:130,0
DA:131,0
DA:132,0
DA:139,0
DA:141,0
DA:162,0
DA:165,0
DA:185,0
DA:202,0
DA:205,0
DA:224,0
DA:227,0
DA:246,0
DA:250,0
DA:262,0
LF:51
LH:0
BRDA:22,0,0,0
BRDA:22,0,1,0
BRDA:33,1,0,0
BRDA:33,1,1,0
BRDA:33,1,2,0
BRDA:45,2,0,0
BRDA:45,2,1,0
BRDA:52,3,0,0
BRDA:52,3,1,0
BRDA:52,3,2,0
BRDA:70,4,0,0
BRDA:70,4,1,0
BRDA:74,5,0,0
BRDA:74,5,1,0
BRDA:74,5,2,0
BRDA:86,6,0,0
BRDA:86,6,1,0
BRDA:90,7,0,0
BRDA:90,7,1,0
BRDA:90,7,2,0
BRDA:109,8,0,0
BRDA:109,8,1,0
BRDA:122,9,0,0
BRDA:123,10,0,0
BRDA:126,11,0,0
BRDA:131,12,0,0
BRDA:131,12,1,0
BRDA:134,13,0,0
BRDA:134,13,1,0
BRDA:139,14,0,0
BRDA:139,14,1,0
BRDA:139,14,2,0
BRDA:139,14,3,0
BRDA:139,14,4,0
BRDA:139,14,5,0
BRDA:147,15,0,0
BRDA:147,15,1,0
BRDA:148,16,0,0
BRDA:148,16,1,0
BRDA:253,17,0,0
BRDA:253,17,1,0
BRF:41
BRH:0
end_of_record
TN:
SF:src/components/common/Button.tsx
FN:52,(anonymous_10)
FN:57,(anonymous_11)
FN:81,(anonymous_12)
FN:156,(anonymous_13)
FNF:4
FNH:0
FNDA:0,(anonymous_10)
FNDA:0,(anonymous_11)
FNDA:0,(anonymous_12)
FNDA:0,(anonymous_13)
DA:2,0
DA:3,0
DA:4,0
DA:18,0
DA:52,0
DA:58,0
DA:60,0
DA:66,0
DA:72,0
DA:82,0
DA:84,0
DA:99,0
DA:109,0
DA:120,0
DA:130,0
DA:142,0
DA:156,0
DA:170,0
DA:181,0
DA:200,0
DA:201,0
DA:204,0
DA:211,0
LF:23
LH:0
BRDA:52,0,0,0
BRDA:52,0,1,0
BRDA:58,1,0,0
BRDA:58,1,1,0
BRDA:58,1,2,0
BRDA:82,2,0,0
BRDA:82,2,1,0
BRDA:82,2,2,0
BRDA:82,2,3,0
BRDA:82,2,4,0
BRDA:157,3,0,0
BRDA:158,4,0,0
BRDA:159,5,0,0
BRDA:160,6,0,0
BRDA:163,7,0,0
BRDA:164,8,0,0
BRDA:165,9,0,0
BRDA:166,10,0,0
BRDA:174,11,0,0
BRDA:174,11,1,0
BRDA:176,12,0,0
BRDA:176,12,1,0
BRDA:182,13,0,0
BRDA:182,13,1,0
BRDA:188,14,0,0
BRDA:188,14,1,0
BRDA:188,15,0,0
BRDA:188,15,1,0
BRDA:200,16,0,0
BRDA:200,16,1,0
BRDA:200,17,0,0
BRDA:200,17,1,0
BRF:32
BRH:0
end_of_record
TN:
SF:src/components/common/Card.tsx
FN:28,(anonymous_9)
FN:45,(anonymous_10)
FN:71,(anonymous_11)
FN:75,(anonymous_12)
FN:86,(anonymous_13)
FN:105,(anonymous_14)
FN:127,(anonymous_15)
FN:148,(anonymous_16)
FN:172,(anonymous_17)
FN:199,(anonymous_18)
FNF:10
FNH:0
FNDA:0,(anonymous_9)
FNDA:0,(anonymous_10)
FNDA:0,(anonymous_11)
FNDA:0,(anonymous_12)
FNDA:0,(anonymous_13)
FNDA:0,(anonymous_14)
FNDA:0,(anonymous_15)
FNDA:0,(anonymous_16)
FNDA:0,(anonymous_17)
FNDA:0,(anonymous_18)
DA:2,0
DA:3,0
DA:4,0
DA:17,0
DA:29,0
DA:31,0
DA:35,0
DA:39,0
DA:46,0
DA:48,0
DA:54,0
DA:59,0
DA:64,0
DA:71,0
DA:75,0
DA:83,0
DA:87,0
DA:89,0
DA:93,0
DA:100,0
DA:106,0
DA:108,0
DA:112,0
DA:116,0
DA:123,0
DA:128,0
DA:130,0
DA:134,0
DA:138,0
DA:145,0
DA:149,0
DA:151,0
DA:155,0
DA:159,0
DA:166,0
DA:173,0
DA:175,0
DA:179,0
DA:186,0
DA:199,0
DA:209,0
DA:215,0
DA:236,0
DA:237,0
DA:238,0
DA:239,0
DA:240,0
DA:241,0
DA:243,0
LF:49
LH:0
BRDA:29,0,0,0
BRDA:29,0,1,0
BRDA:29,0,2,0
BRDA:46,1,0,0
BRDA:46,1,1,0
BRDA:46,1,2,0
BRDA:46,1,3,0
BRDA:71,2,0,0
BRDA:71,2,1,0
BRDA:75,3,0,0
BRDA:75,3,1,0
BRDA:87,4,0,0
BRDA:87,4,1,0
BRDA:106,5,0,0
BRDA:106,5,1,0
BRDA:106,5,2,0
BRDA:128,6,0,0
BRDA:128,6,1,0
BRDA:128,6,2,0
BRDA:149,7,0,0
BRDA:149,7,1,0
BRDA:149,7,2,0
BRDA:173,8,0,0
BRDA:173,8,1,0
BRDA:201,9,0,0
BRDA:202,10,0,0
BRDA:203,11,0,0
BRDA:204,12,0,0
BRDA:211,13,0,0
BRDA:211,13,1,0
BRDA:212,14,0,0
BRDA:212,14,1,0
BRF:32
BRH:0
end_of_record
TN:
SF:src/components/common/Checkbox.tsx
FN:19,(anonymous_9)
FN:26,(anonymous_10)
FN:27,(anonymous_11)
FN:48,(anonymous_12)
FN:53,(anonymous_13)
FN:73,(anonymous_14)
FN:89,(anonymous_15)
FN:97,(anonymous_16)
FN:122,(anonymous_17)
FN:148,(anonymous_18)
FN:168,(anonymous_19)
FN:172,(anonymous_20)
FNF:12
FNH:0
FNDA:0,(anonymous_9)
FNDA:0,(anonymous_10)
FNDA:0,(anonymous_11)
FNDA:0,(anonymous_12)
FNDA:0,(anonymous_13)
FNDA:0,(anonymous_14)
FNDA:0,(anonymous_15)
FNDA:0,(anonymous_16)
FNDA:0,(anonymous_17)
FNDA:0,(anonymous_18)
FNDA:0,(anonymous_19)
FNDA:0,(anonymous_20)
DA:1,0
DA:2,0
DA:3,0
DA:15,0
DA:19,0
DA:22,0
DA:26,0
DA:27,0
DA:30,0
DA:37,0
DA:48,0
DA:54,0
DA:56,0
DA:61,0
DA:66,0
DA:74,0
DA:75,0
DA:81,0
DA:82,0
DA:89,0
DA:93,0
DA:98,0
DA:100,0
DA:105,0
DA:110,0
DA:118,0
DA:123,0
DA:125,0
DA:130,0
DA:135,0
DA:143,0
DA:149,0
DA:151,0
DA:155,0
DA:159,0
DA:166,0
DA:168,0
DA:172,0
DA:184,0
DA:186,0
DA:226,0
DA:228,0
LF:42
LH:0
BRDA:19,0,0,0
BRDA:19,0,1,0
BRDA:26,1,0,0
BRDA:26,1,1,0
BRDA:27,2,0,0
BRDA:27,2,1,0
BRDA:48,3,0,0
BRDA:48,3,1,0
BRDA:54,4,0,0
BRDA:54,4,1,0
BRDA:54,4,2,0
BRDA:74,5,0,0
BRDA:74,5,1,0
BRDA:74,6,0,0
BRDA:74,6,1,0
BRDA:81,7,0,0
BRDA:81,7,1,0
BRDA:89,8,0,0
BRDA:89,8,1,0
BRDA:98,9,0,0
BRDA:98,9,1,0
BRDA:98,9,2,0
BRDA:123,10,0,0
BRDA:123,10,1,0
BRDA:123,10,2,0
BRDA:149,11,0,0
BRDA:149,11,1,0
BRDA:149,11,2,0
BRDA:168,12,0,0
BRDA:168,12,1,0
BRDA:176,13,0,0
BRDA:177,14,0,0
BRDA:178,15,0,0
BRDA:179,16,0,0
BRDA:202,17,0,0
BRDA:202,17,1,0
BRDA:204,18,0,0
BRDA:204,18,1,0
BRDA:215,19,0,0
BRDA:215,19,1,0
BRDA:217,20,0,0
BRDA:217,20,1,0
BRDA:217,20,2,0
BRDA:219,21,0,0
BRDA:219,21,1,0
BRF:45
BRH:0
end_of_record
TN:
SF:src/components/common/ConnectionStatus.tsx
FN:26,(anonymous_9)
FN:40,(anonymous_10)
FN:46,(anonymous_11)
FN:61,(anonymous_12)
FN:81,(anonymous_13)
FNF:5
FNH:0
FNDA:0,(anonymous_9)
FNDA:0,(anonymous_10)
FNDA:0,(anonymous_11)
FNDA:0,(anonymous_12)
FNDA:0,(anonymous_13)
DA:2,0
DA:3,0
DA:4,0
DA:6,0
DA:12,0
DA:22,0
DA:27,0
DA:29,0
DA:31,0
DA:34,0
DA:36,0
DA:40,0
DA:45,0
DA:47,0
DA:49,0
DA:51,0
DA:54,0
DA:56,0
DA:61,0
DA:62,0
DA:64,0
DA:66,0
DA:68,0
DA:70,0
DA:72,0
DA:81,0
DA:85,0
DA:87,0
DA:99,0
LF:29
LH:0
BRDA:27,0,0,0
BRDA:27,0,1,0
BRDA:27,0,2,0
BRDA:27,0,3,0
BRDA:27,0,4,0
BRDA:40,1,0,0
BRDA:40,1,1,0
BRDA:47,2,0,0
BRDA:47,2,1,0
BRDA:47,2,2,0
BRDA:47,2,3,0
BRDA:47,2,4,0
BRDA:62,3,0,0
BRDA:62,3,1,0
BRDA:62,3,2,0
BRDA:62,3,3,0
BRDA:62,3,4,0
BRDA:82,4,0,0
BRDA:90,5,0,0
BRDA:90,5,1,0
BRF:20
BRH:0
end_of_record
TN:
SF:src/components/common/Dialog.tsx
FN:42,(anonymous_1)
FN:98,(anonymous_2)
FN:111,(anonymous_3)
FN:126,(anonymous_4)
FN:171,(anonymous_5)
FNF:5
FNH:0
FNDA:0,(anonymous_1)
FNDA:0,(anonymous_2)
FNDA:0,(anonymous_3)
FNDA:0,(anonymous_4)
FNDA:0,(anonymous_5)
DA:2,0
DA:4,0
DA:5,0
DA:26,0
DA:32,0
DA:43,0
DA:45,0
DA:50,0
DA:55,0
DA:60,0
DA:65,0
DA:73,0
DA:81,0
DA:89,0
DA:98,0
DA:111,0
DA:112,0
DA:114,0
DA:116,0
DA:118,0
DA:120,0
DA:122,0
DA:126,0
DA:127,0
DA:129,0
DA:131,0
DA:133,0
DA:137,0
DA:171,0
DA:172,0
DA:179,0
DA:181,0
LF:32
LH:0
BRDA:43,0,0,0
BRDA:43,0,1,0
BRDA:43,0,2,0
BRDA:43,0,3,0
BRDA:43,0,4,0
BRDA:104,1,0,0
BRDA:105,2,0,0
BRDA:106,3,0,0
BRDA:107,4,0,0
BRDA:108,5,0,0
BRDA:112,6,0,0
BRDA:112,6,1,0
BRDA:112,6,2,0
BRDA:112,6,3,0
BRDA:112,6,4,0
BRDA:127,7,0,0
BRDA:127,7,1,0
BRDA:127,7,2,0
BRDA:152,8,0,0
BRDA:152,8,1,0
BRDA:158,9,0,0
BRDA:158,9,1,0
BRF:22
BRH:0
end_of_record
TN:
SF:src/components/common/ErrorBoundary.tsx
FN:104,(anonymous_1)
FN:176,(anonymous_2)
FN:200,(anonymous_3)
FN:209,(anonymous_4)
FN:213,(anonymous_5)
FN:217,(anonymous_6)
FN:231,(anonymous_7)
FN:233,(anonymous_8)
FN:114,(anonymous_9)
FN:122,(anonymous_10)
FN:151,(anonymous_11)
FN:158,(anonymous_12)
FN:170,(anonymous_13)
FN:242,(anonymous_14)
FNF:14
FNH:0
FNDA:0,(anonymous_1)
FNDA:0,(anonymous_2)
FNDA:0,(anonymous_3)
FNDA:0,(anonymous_4)
FNDA:0,(anonymous_5)
FNDA:0,(anonymous_6)
FNDA:0,(anonymous_7)
FNDA:0,(anonymous_8)
FNDA:0,(anonymous_9)
FNDA:0,(anonymous_10)
FNDA:0,(anonymous_11)
FNDA:0,(anonymous_12)
FNDA:0,(anonymous_13)
FNDA:0,(anonymous_14)
DA:1,0
DA:2,0
DA:3,0
DA:4,0
DA:21,0
DA:35,0
DA:41,0
DA:48,0
DA:56,0
DA:63,0
DA:74,0
DA:86,0
DA:93,0
DA:102,0
DA:105,0
DA:106,0
DA:115,0
DA:123,0
DA:124,0
DA:126,0
DA:132,0
DA:133,0
DA:134,0
DA:135,0
DA:136,0
DA:137,0
DA:141,0
DA:142,0
DA:146,0
DA:147,0
DA:152,0
DA:153,0
DA:155,0
DA:156,0
DA:157,0
DA:158,0
DA:160,0
DA:161,0
DA:165,0
DA:171,0
DA:172,0
DA:176,0
DA:179,0
DA:197,0
DA:200,0
DA:201,0
DA:209,0
DA:210,0
DA:213,0
DA:214,0
DA:217,0
DA:218,0
DA:221,0
DA:228,0
DA:230,0
DA:231,0
DA:232,0
DA:235,0
DA:238,0
DA:243,0
DA:244,0
DA:246,0
DA:248,0
DA:249,0
DA:253,0
DA:290,0
DA:294,0
LF:67
LH:0
BRDA:187,0,0,0
BRDA:187,0,1,0
BRDA:230,1,0,0
BRDA:230,1,1,0
BRDA:132,2,0,0
BRDA:132,2,1,0
BRDA:141,3,0,0
BRDA:141,3,1,0
BRDA:146,4,0,0
BRDA:146,4,1,0
BRDA:155,5,0,0
BRDA:155,5,1,0
BRDA:155,6,0,0
BRDA:155,6,1,0
BRDA:156,7,0,0
BRDA:156,7,1,0
BRDA:160,8,0,0
BRDA:160,8,1,0
BRDA:171,9,0,0
BRDA:171,9,1,0
BRDA:246,10,0,0
BRDA:246,10,1,0
BRDA:248,11,0,0
BRDA:248,11,1,0
BRDA:273,12,0,0
BRDA:273,12,1,0
BRDA:273,12,2,0
BRF:27
BRH:0
end_of_record
TN:
SF:src/components/common/Footer.tsx
FN:155,(anonymous_1)
FNF:1
FNH:0
FNDA:0,(anonymous_1)
DA:2,0
DA:3,0
DA:4,0
DA:6,0
DA:12,0
DA:22,0
DA:35,0
DA:41,0
DA:48,0
DA:59,0
DA:65,0
DA:75,0
DA:94,0
DA:108,0
DA:113,0
DA:123,0
DA:134,0
DA:143,0
DA:155,0
DA:156,0
DA:214,0
LF:21
LH:0
BRF:0
BRH:0
end_of_record
TN:
SF:src/components/common/Header.tsx
FN:81,(anonymous_1)
FN:94,(anonymous_2)
FN:216,(anonymous_3)
FN:226,(anonymous_4)
FN:250,(anonymous_5)
FN:265,(anonymous_6)
FN:278,(anonymous_7)
FN:335,(anonymous_8)
FN:340,(anonymous_9)
FNF:9
FNH:0
FNDA:0,(anonymous_1)
FNDA:0,(anonymous_2)
FNDA:0,(anonymous_3)
FNDA:0,(anonymous_4)
FNDA:0,(anonymous_5)
FNDA:0,(anonymous_6)
FNDA:0,(anonymous_7)
FNDA:0,(anonymous_8)
FNDA:0,(anonymous_9)
DA:1,0
DA:2,0
DA:3,0
DA:4,0
DA:5,0
DA:7,0
DA:19,0
DA:32,0
DA:51,0
DA:70,0
DA:80,0
DA:81,0
DA:94,0
DA:109,0
DA:119,0
DA:135,0
DA:146,0
DA:167,0
DA:186,0
DA:207,0
DA:216,0
DA:224,0
DA:226,0
DA:250,0
DA:251,0
DA:252,0
DA:254,0
DA:265,0
DA:266,0
DA:269,0
DA:279,0
DA:336,0
DA:340,0
DA:350,0
LF:34
LH:0
BRDA:81,0,0,0
BRDA:81,0,1,0
BRDA:94,1,0,0
BRDA:94,1,1,0
BRDA:216,2,0,0
BRDA:216,2,1,0
BRDA:226,3,0,0
BRDA:226,3,1,0
BRDA:250,4,0,0
BRDA:283,5,0,0
BRDA:283,5,1,0
BRDA:294,6,0,0
BRDA:294,6,1,0
BRDA:299,7,0,0
BRDA:299,7,1,0
BRDA:305,8,0,0
BRDA:305,8,1,0
BRDA:310,9,0,0
BRDA:310,9,1,0
BRDA:313,10,0,0
BRDA:313,10,1,0
BRDA:319,11,0,0
BRDA:319,11,1,0
BRF:23
BRH:0
end_of_record
TN:
SF:src/components/common/HoverEffect.tsx
FN:13,(anonymous_0)
FN:95,(anonymous_1)
FNF:2
FNH:0
FNDA:0,(anonymous_0)
FNDA:0,(anonymous_1)
DA:2,0
DA:3,0
DA:13,0
DA:14,0
DA:15,0
DA:20,0
DA:26,0
DA:28,0
DA:40,0
DA:51,0
DA:62,0
DA:74,0
DA:89,0
DA:95,0
DA:102,0
DA:103,0
DA:105,0
DA:106,0
DA:109,0
DA:121,0
LF:20
LH:0
BRDA:14,0,0,0
BRDA:14,0,1,0
BRDA:14,1,0,0
BRDA:14,1,1,0
BRDA:26,2,0,0
BRDA:26,2,1,0
BRDA:26,2,2,0
BRDA:26,2,3,0
BRDA:26,2,4,0
BRDA:26,2,5,0
BRDA:97,3,0,0
BRDA:98,4,0,0
BRDA:100,5,0,0
BRDA:105,6,0,0
BRDA:105,6,1,0
BRDA:105,7,0,0
BRDA:105,7,1,0
BRF:17
BRH:0
end_of_record
TN:
SF:src/components/common/KimchiPremium.tsx
FN:94,(anonymous_9)
FN:124,(anonymous_10)
FN:139,(anonymous_11)
FN:201,(anonymous_12)
FN:231,(anonymous_13)
FN:240,(anonymous_14)
FN:246,(anonymous_15)
FN:258,(anonymous_16)
FN:264,(anonymous_17)
FN:267,(anonymous_18)
FN:276,(anonymous_19)
FN:283,(anonymous_20)
FNF:12
FNH:0
FNDA:0,(anonymous_9)
FNDA:0,(anonymous_10)
FNDA:0,(anonymous_11)
FNDA:0,(anonymous_12)
FNDA:0,(anonymous_13)
FNDA:0,(anonymous_14)
FNDA:0,(anonymous_15)
FNDA:0,(anonymous_16)
FNDA:0,(anonymous_17)
FNDA:0,(anonymous_18)
FNDA:0,(anonymous_19)
FNDA:0,(anonymous_20)
DA:1,0
DA:2,0
DA:3,0
DA:4,0
DA:5,0
DA:24,0
DA:30,0
DA:45,0
DA:52,0
DA:62,0
DA:68,0
DA:79,0
DA:85,0
DA:93,0
DA:94,0
DA:102,0
DA:114,0
DA:123,0
DA:124,0
DA:133,0
DA:140,0
DA:141,0
DA:142,0
DA:143,0
DA:148,0
DA:158,0
DA:162,0
DA:171,0
DA:177,0
DA:188,0
DA:194,0
DA:201,0
DA:202,0
DA:211,0
DA:212,0
DA:213,0
DA:215,0
DA:216,0
DA:218,0
DA:231,0
DA:235,0
DA:236,0
DA:237,0
DA:238,0
DA:240,0
DA:241,0
DA:242,0
DA:243,0
DA:246,0
DA:248,0
DA:249,0
DA:251,0
DA:253,0
DA:254,0
DA:258,0
DA:259,0
DA:262,0
DA:264,0
DA:267,0
DA:268,0
DA:276,0
DA:277,0
DA:283,0
DA:284,0
DA:290,0
DA:291,0
DA:312,0
DA:313,0
DA:323,0
DA:325,0
DA:326,0
DA:328,0
DA:429,0
LF:73
LH:0
BRDA:94,0,0,0
BRDA:94,0,1,0
BRDA:124,1,0,0
BRDA:124,1,1,0
BRDA:140,2,0,0
BRDA:140,2,1,0
BRDA:140,2,2,0
BRDA:211,3,0,0
BRDA:211,3,1,0
BRDA:232,4,0,0
BRDA:290,5,0,0
BRDA:290,5,1,0
BRDA:312,6,0,0
BRDA:312,6,1,0
BRDA:323,7,0,0
BRDA:323,7,1,0
BRDA:326,8,0,0
BRDA:326,8,1,0
BRDA:326,9,0,0
BRDA:326,9,1,0
BRDA:379,10,0,0
BRDA:379,10,1,0
BRDA:382,11,0,0
BRDA:382,11,1,0
BRDA:382,12,0,0
BRDA:382,12,1,0
BRDA:391,13,0,0
BRDA:391,13,1,0
BRDA:404,14,0,0
BRDA:404,14,1,0
BRF:30
BRH:0
end_of_record
TN:
SF:src/components/common/Layout.tsx
FN:47,(anonymous_1)
FN:61,(anonymous_2)
FN:64,(anonymous_3)
FN:67,(anonymous_4)
FN:72,(anonymous_5)
FNF:5
FNH:0
FNDA:0,(anonymous_1)
FNDA:0,(anonymous_2)
FNDA:0,(anonymous_3)
FNDA:0,(anonymous_4)
FNDA:0,(anonymous_5)
DA:2,0
DA:3,0
DA:4,0
DA:5,0
DA:6,0
DA:8,0
DA:9,0
DA:10,0
DA:11,0
DA:12,0
DA:13,0
DA:15,0
DA:22,0
DA:28,0
DA:47,0
DA:53,0
DA:54,0
DA:56,0
DA:60,0
DA:62,0
DA:65,0
DA:68,0
DA:72,0
DA:73,0
DA:77,0
DA:120,0
LF:26
LH:0
BRDA:50,0,0,0
BRF:1
BRH:0
end_of_record
TN:
SF:src/components/common/LazyImage.tsx
FN:28,(anonymous_1)
FN:29,(anonymous_2)
FN:41,(anonymous_3)
FN:43,(anonymous_4)
FN:47,(anonymous_5)
FN:52,(anonymous_6)
FN:69,(anonymous_7)
FN:112,(anonymous_8)
FN:116,(anonymous_9)
FN:141,(anonymous_10)
FN:145,(anonymous_11)
FN:146,(anonymous_12)
FN:164,(anonymous_13)
FN:172,(anonymous_14)
FN:178,(anonymous_15)
FN:184,(anonymous_16)
FN:194,(anonymous_17)
FN:201,(anonymous_18)
FN:241,(anonymous_19)
FN:246,(anonymous_20)
FNF:20
FNH:0
FNDA:0,(anonymous_1)
FNDA:0,(anonymous_2)
FNDA:0,(anonymous_3)
FNDA:0,(anonymous_4)
FNDA:0,(anonymous_5)
FNDA:0,(anonymous_6)
FNDA:0,(anonymous_7)
FNDA:0,(anonymous_8)
FNDA:0,(anonymous_9)
FNDA:0,(anonymous_10)
FNDA:0,(anonymous_11)
FNDA:0,(anonymous_12)
FNDA:0,(anonymous_13)
FNDA:0,(anonymous_14)
FNDA:0,(anonymous_15)
FNDA:0,(anonymous_16)
FNDA:0,(anonymous_17)
FNDA:0,(anonymous_18)
FNDA:0,(anonymous_19)
FNDA:0,(anonymous_20)
DA:1,0
DA:2,0
DA:3,0
DA:22,0
DA:28,0
DA:29,0
DA:32,0
DA:41,0
DA:43,0
DA:47,0
DA:52,0
DA:57,0
DA:69,0
DA:82,0
DA:97,0
DA:103,0
DA:112,0
DA:116,0
DA:132,0
DA:133,0
DA:134,0
DA:135,0
DA:136,0
DA:137,0
DA:138,0
DA:141,0
DA:142,0
DA:144,0
DA:146,0
DA:147,0
DA:148,0
DA:149,0
DA:159,0
DA:160,0
DA:161,0
DA:164,0
DA:165,0
DA:166,0
DA:172,0
DA:173,0
DA:175,0
DA:176,0
DA:178,0
DA:179,0
DA:180,0
DA:181,0
DA:184,0
DA:185,0
DA:186,0
DA:187,0
DA:190,0
DA:194,0
DA:195,0
DA:196,0
DA:197,0
DA:201,0
DA:204,0
DA:210,0
DA:213,0
DA:215,0
DA:242,0
DA:243,0
DA:244,0
DA:247,0
DA:248,0
DA:249,0
DA:293,0
LF:67
LH:0
BRDA:28,0,0,0
BRDA:28,0,1,0
BRDA:28,1,0,0
BRDA:28,1,1,0
BRDA:29,2,0,0
BRDA:29,2,1,0
BRDA:29,3,0,0
BRDA:29,3,1,0
BRDA:41,4,0,0
BRDA:41,4,1,0
BRDA:43,5,0,0
BRDA:43,5,1,0
BRDA:43,5,2,0
BRDA:47,6,0,0
BRDA:47,6,1,0
BRDA:52,7,0,0
BRDA:52,7,1,0
BRDA:69,8,0,0
BRDA:69,8,1,0
BRDA:112,9,0,0
BRDA:112,9,1,0
BRDA:126,10,0,0
BRDA:127,11,0,0
BRDA:128,12,0,0
BRDA:129,13,0,0
BRDA:142,14,0,0
BRDA:142,14,1,0
BRDA:142,15,0,0
BRDA:142,15,1,0
BRDA:147,16,0,0
BRDA:147,16,1,0
BRDA:159,17,0,0
BRDA:159,17,1,0
BRDA:165,18,0,0
BRDA:165,18,1,0
BRDA:173,19,0,0
BRDA:173,19,1,0
BRDA:173,20,0,0
BRDA:173,20,1,0
BRDA:173,20,2,0
BRDA:223,21,0,0
BRDA:223,21,1,0
BRDA:223,21,2,0
BRDA:233,22,0,0
BRDA:233,22,1,0
BRDA:236,23,0,0
BRDA:236,23,1,0
BRDA:255,24,0,0
BRDA:255,24,1,0
BRDA:255,24,2,0
BRDA:261,25,0,0
BRDA:261,25,1,0
BRDA:266,26,0,0
BRDA:266,26,1,0
BRDA:270,27,0,0
BRDA:270,27,1,0
BRF:56
BRH:0
end_of_record
TN:
SF:src/components/common/Loading.tsx
FN:31,(anonymous_10)
FN:61,(anonymous_11)
FN:62,(anonymous_12)
FN:79,(anonymous_13)
FNF:4
FNH:0
FNDA:0,(anonymous_10)
FNDA:0,(anonymous_11)
FNDA:0,(anonymous_12)
FNDA:0,(anonymous_13)
DA:2,0
DA:3,0
DA:4,0
DA:6,0
DA:11,0
DA:16,0
DA:25,0
DA:32,0
DA:34,0
DA:36,0
DA:38,0
DA:43,0
DA:49,0
DA:56,0
DA:61,0
DA:62,0
DA:65,0
DA:79,0
DA:85,0
DA:86,0
DA:104,0
DA:112,0
DA:122,0
LF:23
LH:0
BRDA:32,0,0,0
BRDA:32,0,1,0
BRDA:32,0,2,0
BRDA:61,1,0,0
BRDA:61,1,1,0
BRDA:62,2,0,0
BRDA:62,2,1,0
BRDA:80,3,0,0
BRDA:81,4,0,0
BRDA:82,5,0,0
BRDA:83,6,0,0
BRDA:85,7,0,0
BRDA:85,7,1,0
BRDA:115,8,0,0
BRDA:115,8,1,0
BRF:15
BRH:0
end_of_record
TN:
SF:src/components/common/Modal.tsx
FN:49,(anonymous_9)
FN:82,(anonymous_10)
FN:159,(anonymous_11)
FN:176,(anonymous_12)
FN:179,(anonymous_13)
FN:185,(anonymous_14)
FN:197,(anonymous_15)
FN:204,(anonymous_16)
FN:246,(anonymous_17)
FNF:9
FNH:0
FNDA:0,(anonymous_9)
FNDA:0,(anonymous_10)
FNDA:0,(anonymous_11)
FNDA:0,(anonymous_12)
FNDA:0,(anonymous_13)
FNDA:0,(anonymous_14)
FNDA:0,(anonymous_15)
FNDA:0,(anonymous_16)
FNDA:0,(anonymous_17)
DA:1,0
DA:2,0
DA:3,0
DA:4,0
DA:5,0
DA:22,0
DA:36,0
DA:50,0
DA:52,0
DA:57,0
DA:62,0
DA:67,0
DA:75,0
DA:83,0
DA:85,0
DA:95,0
DA:99,0
DA:106,0
DA:115,0
DA:122,0
DA:142,0
DA:149,0
DA:159,0
DA:173,0
DA:174,0
DA:176,0
DA:177,0
DA:179,0
DA:180,0
DA:181,0
DA:185,0
DA:186,0
DA:187,0
DA:191,0
DA:192,0
DA:195,0
DA:197,0
DA:198,0
DA:199,0
DA:200,0
DA:204,0
DA:205,0
DA:206,0
DA:210,0
DA:216,0
DA:234,0
DA:247,0
DA:248,0
DA:285,0
LF:49
LH:0
BRDA:50,0,0,0
BRDA:50,0,1,0
BRDA:50,0,2,0
BRDA:50,0,3,0
BRDA:50,0,4,0
BRDA:83,1,0,0
BRDA:83,1,1,0
BRDA:83,1,2,0
BRDA:164,2,0,0
BRDA:165,3,0,0
BRDA:166,4,0,0
BRDA:167,5,0,0
BRDA:168,6,0,0
BRDA:177,7,0,0
BRDA:177,7,1,0
BRDA:180,8,0,0
BRDA:180,8,1,0
BRDA:180,9,0,0
BRDA:180,9,1,0
BRDA:186,10,0,0
BRDA:186,10,1,0
BRDA:205,11,0,0
BRDA:205,11,1,0
BRDA:205,12,0,0
BRDA:205,12,1,0
BRDA:220,13,0,0
BRDA:220,13,1,0
BRDA:230,14,0,0
BRDA:230,14,1,0
BRDA:236,15,0,0
BRDA:236,15,1,0
BRDA:247,16,0,0
BRDA:247,16,1,0
BRDA:248,17,0,0
BRDA:248,17,1,0
BRDA:261,18,0,0
BRDA:261,18,1,0
BRDA:262,19,0,0
BRDA:262,19,1,0
BRDA:265,20,0,0
BRDA:265,20,1,0
BRDA:268,21,0,0
BRDA:268,21,1,0
BRF:43
BRH:0
end_of_record
TN:
SF:src/components/common/PageTransition.tsx
FN:14,(anonymous_0)
FN:124,(anonymous_1)
FN:168,(anonymous_2)
FN:177,(anonymous_3)
FN:182,(anonymous_4)
FNF:5
FNH:0
FNDA:0,(anonymous_0)
FNDA:0,(anonymous_1)
FNDA:0,(anonymous_2)
FNDA:0,(anonymous_3)
FNDA:0,(anonymous_4)
DA:1,0
DA:2,0
DA:3,0
DA:4,0
DA:14,0
DA:15,0
DA:16,0
DA:24,0
DA:26,0
DA:27,0
DA:44,0
DA:47,0
DA:66,0
DA:85,0
DA:107,0
DA:124,0
DA:125,0
DA:126,0
DA:133,0
DA:139,0
DA:141,0
DA:146,0
DA:151,0
DA:156,0
DA:161,0
DA:168,0
DA:174,0
DA:175,0
DA:177,0
DA:178,0
DA:182,0
DA:183,0
DA:187,0
DA:207,0
LF:34
LH:0
BRDA:15,0,0,0
BRDA:15,0,1,0
BRDA:24,1,0,0
BRDA:24,1,1,0
BRDA:24,1,2,0
BRDA:24,1,3,0
BRDA:24,1,4,0
BRDA:30,2,0,0
BRDA:30,2,1,0
BRDA:30,3,0,0
BRDA:30,3,1,0
BRDA:31,4,0,0
BRDA:31,4,1,0
BRDA:31,5,0,0
BRDA:31,5,1,0
BRDA:40,6,0,0
BRDA:40,6,1,0
BRDA:40,7,0,0
BRDA:40,7,1,0
BRDA:41,8,0,0
BRDA:41,8,1,0
BRDA:41,9,0,0
BRDA:41,9,1,0
BRDA:125,10,0,0
BRDA:125,10,1,0
BRDA:139,11,0,0
BRDA:139,11,1,0
BRDA:139,11,2,0
BRDA:139,11,3,0
BRDA:139,11,4,0
BRDA:170,12,0,0
BRDA:171,13,0,0
BRDA:172,14,0,0
BRF:33
BRH:0
end_of_record
TN:
SF:src/components/common/RealtimeAlerts.tsx
FN:25,(anonymous_1)
FN:105,(anonymous_2)
FN:110,(anonymous_3)
FN:114,(anonymous_4)
FNF:4
FNH:0
FNDA:0,(anonymous_1)
FNDA:0,(anonymous_2)
FNDA:0,(anonymous_3)
FNDA:0,(anonymous_4)
DA:2,0
DA:3,0
DA:4,0
DA:6,0
DA:24,0
DA:26,0
DA:28,0
DA:30,0
DA:32,0
DA:35,0
DA:69,0
DA:76,0
DA:83,0
DA:98,0
DA:105,0
DA:106,0
DA:108,0
DA:111,0
DA:114,0
DA:125,0
LF:20
LH:0
BRDA:26,0,0,0
BRDA:26,0,1,0
BRDA:26,0,2,0
BRDA:26,0,3,0
BRDA:26,0,4,0
BRF:5
BRH:0
end_of_record
TN:
SF:src/components/common/Select.tsx
FN:33,(anonymous_9)
FN:54,(anonymous_10)
FN:55,(anonymous_11)
FN:58,(anonymous_12)
FN:75,(anonymous_13)
FN:111,(anonymous_14)
FN:126,(anonymous_15)
FN:143,(anonymous_16)
FN:176,(anonymous_17)
FN:177,(anonymous_18)
FN:179,(anonymous_19)
FN:181,(anonymous_20)
FN:200,(anonymous_21)
FN:220,(anonymous_22)
FN:256,(anonymous_23)
FN:260,(anonymous_24)
FN:281,(anonymous_25)
FN:283,(anonymous_26)
FN:288,(anonymous_27)
FN:289,(anonymous_28)
FN:297,(anonymous_29)
FN:300,(anonymous_30)
FN:308,(anonymous_31)
FN:325,(anonymous_32)
FN:360,(anonymous_33)
FN:361,(anonymous_34)
FN:364,(anonymous_35)
FN:370,(anonymous_36)
FNF:28
FNH:0
FNDA:0,(anonymous_9)
FNDA:0,(anonymous_10)
FNDA:0,(anonymous_11)
FNDA:0,(anonymous_12)
FNDA:0,(anonymous_13)
FNDA:0,(anonymous_14)
FNDA:0,(anonymous_15)
FNDA:0,(anonymous_16)
FNDA:0,(anonymous_17)
FNDA:0,(anonymous_18)
FNDA:0,(anonymous_19)
FNDA:0,(anonymous_20)
FNDA:0,(anonymous_21)
FNDA:0,(anonymous_22)
FNDA:0,(anonymous_23)
FNDA:0,(anonymous_24)
FNDA:0,(anonymous_25)
FNDA:0,(anonymous_26)
FNDA:0,(anonymous_27)
FNDA:0,(anonymous_28)
FNDA:0,(anonymous_29)
FNDA:0,(anonymous_30)
FNDA:0,(anonymous_31)
FNDA:0,(anonymous_32)
FNDA:0,(anonymous_33)
FNDA:0,(anonymous_34)
FNDA:0,(anonymous_35)
FNDA:0,(anonymous_36)
DA:1,0
DA:2,0
DA:3,0
DA:4,0
DA:29,0
DA:33,0
DA:37,0
DA:44,0
DA:54,0
DA:55,0
DA:59,0
DA:61,0
DA:65,0
DA:69,0
DA:76,0
DA:78,0
DA:89,0
DA:99,0
DA:111,0
DA:117,0
DA:127,0
DA:129,0
DA:134,0
DA:142,0
DA:143,0
DA:148,0
DA:155,0
DA:170,0
DA:176,0
DA:177,0
DA:179,0
DA:182,0
DA:184,0
DA:189,0
DA:200,0
DA:206,0
DA:221,0
DA:223,0
DA:228,0
DA:236,0
DA:254,0
DA:256,0
DA:260,0
DA:276,0
DA:277,0
DA:278,0
DA:279,0
DA:281,0
DA:282,0
DA:284,0
DA:288,0
DA:289,0
DA:290,0
DA:291,0
DA:292,0
DA:296,0
DA:297,0
DA:300,0
DA:301,0
DA:302,0
DA:304,0
DA:305,0
DA:308,0
DA:309,0
DA:310,0
DA:311,0
DA:315,0
DA:325,0
DA:360,0
DA:361,0
DA:365,0
DA:370,0
DA:388,0
DA:390,0
LF:74
LH:0
BRDA:33,0,0,0
BRDA:33,0,1,0
BRDA:54,1,0,0
BRDA:54,1,1,0
BRDA:55,2,0,0
BRDA:55,2,1,0
BRDA:59,3,0,0
BRDA:59,3,1,0
BRDA:59,3,2,0
BRDA:76,4,0,0
BRDA:76,4,1,0
BRDA:76,4,2,0
BRDA:92,5,0,0
BRDA:92,5,1,0
BRDA:95,6,0,0
BRDA:95,6,1,0
BRDA:102,7,0,0
BRDA:102,7,1,0
BRDA:105,8,0,0
BRDA:105,8,1,0
BRDA:111,9,0,0
BRDA:111,9,1,0
BRDA:112,10,0,0
BRDA:112,10,1,0
BRDA:113,11,0,0
BRDA:113,11,1,0
BRDA:127,12,0,0
BRDA:127,12,1,0
BRDA:143,13,0,0
BRDA:143,13,1,0
BRDA:176,14,0,0
BRDA:176,14,1,0
BRDA:177,15,0,0
BRDA:177,15,1,0
BRDA:179,16,0,0
BRDA:179,16,1,0
BRDA:182,17,0,0
BRDA:182,17,1,0
BRDA:200,18,0,0
BRDA:200,18,1,0
BRDA:221,19,0,0
BRDA:221,19,1,0
BRDA:256,20,0,0
BRDA:256,20,1,0
BRDA:264,21,0,0
BRDA:268,22,0,0
BRDA:269,23,0,0
BRDA:270,24,0,0
BRDA:271,25,0,0
BRDA:272,26,0,0
BRDA:273,27,0,0
BRDA:282,28,0,0
BRDA:282,28,1,0
BRDA:290,29,0,0
BRDA:290,29,1,0
BRDA:290,30,0,0
BRDA:290,30,1,0
BRDA:301,31,0,0
BRDA:301,31,1,0
BRDA:310,32,0,0
BRDA:310,32,1,0
BRDA:317,33,0,0
BRDA:317,33,1,0
BRDA:325,34,0,0
BRDA:325,34,1,0
BRDA:329,35,0,0
BRDA:329,35,1,0
BRDA:332,36,0,0
BRDA:332,36,1,0
BRDA:332,36,2,0
BRDA:338,37,0,0
BRDA:338,37,1,0
BRDA:347,38,0,0
BRDA:347,38,1,0
BRDA:355,39,0,0
BRDA:355,39,1,0
BRDA:370,40,0,0
BRDA:370,40,1,0
BRDA:379,41,0,0
BRDA:379,41,1,0
BRDA:379,41,2,0
BRDA:381,42,0,0
BRDA:381,42,1,0
BRF:83
BRH:0
end_of_record
TN:
SF:src/components/common/SignalSorting.tsx
FN:55,(anonymous_1)
FN:57,(anonymous_2)
FN:58,(anonymous_3)
FN:69,(anonymous_4)
FN:78,(anonymous_5)
FN:93,(anonymous_6)
FN:97,(anonymous_7)
FN:115,(anonymous_8)
FN:122,(anonymous_9)
FNF:9
FNH:0
FNDA:0,(anonymous_1)
FNDA:0,(anonymous_2)
FNDA:0,(anonymous_3)
FNDA:0,(anonymous_4)
FNDA:0,(anonymous_5)
FNDA:0,(anonymous_6)
FNDA:0,(anonymous_7)
FNDA:0,(anonymous_8)
FNDA:0,(anonymous_9)
DA:2,0
DA:3,0
DA:4,0
DA:13,0
DA:26,0
DA:33,0
DA:45,0
DA:53,0
DA:55,0
DA:57,0
DA:58,0
DA:69,0
DA:78,0
DA:84,0
DA:93,0
DA:94,0
DA:97,0
DA:98,0
DA:101,0
DA:115,0
DA:122,0
DA:131,0
LF:22
LH:0
BRDA:55,0,0,0
BRDA:55,0,1,0
BRDA:57,1,0,0
BRDA:57,1,1,0
BRDA:58,2,0,0
BRDA:58,2,1,0
BRDA:69,3,0,0
BRDA:69,3,1,0
BRF:8
BRH:0
end_of_record
TN:
SF:src/components/common/Skeleton.tsx
FN:64,(anonymous_9)
FN:74,(anonymous_10)
FN:99,(anonymous_11)
FN:134,(anonymous_12)
FN:144,(anonymous_13)
FN:149,(anonymous_14)
FN:183,(anonymous_15)
FN:201,(anonymous_16)
FN:211,(anonymous_17)
FN:224,(anonymous_18)
FNF:10
FNH:0
FNDA:0,(anonymous_9)
FNDA:0,(anonymous_10)
FNDA:0,(anonymous_11)
FNDA:0,(anonymous_12)
FNDA:0,(anonymous_13)
FNDA:0,(anonymous_14)
FNDA:0,(anonymous_15)
FNDA:0,(anonymous_16)
FNDA:0,(anonymous_17)
FNDA:0,(anonymous_18)
DA:2,0
DA:3,0
DA:31,0
DA:40,0
DA:52,0
DA:65,0
DA:66,0
DA:68,0
DA:75,0
DA:77,0
DA:81,0
DA:85,0
DA:89,0
DA:93,0
DA:100,0
DA:102,0
DA:113,0
DA:117,0
DA:121,0
DA:128,0
DA:135,0
DA:136,0
DA:140,0
DA:145,0
DA:146,0
DA:149,0
DA:154,0
DA:164,0
DA:170,0
DA:176,0
DA:183,0
DA:190,0
DA:201,0
DA:209,0
DA:212,0
DA:224,0
DA:232,0
DA:285,0
DA:290,0
DA:291,0
DA:293,0
LF:41
LH:0
BRDA:65,0,0,0
BRDA:65,0,1,0
BRDA:65,1,0,0
BRDA:65,1,1,0
BRDA:66,2,0,0
BRDA:66,2,1,0
BRDA:66,3,0,0
BRDA:66,3,1,0
BRDA:75,4,0,0
BRDA:75,4,1,0
BRDA:75,4,2,0
BRDA:75,4,3,0
BRDA:75,4,4,0
BRDA:100,5,0,0
BRDA:100,5,1,0
BRDA:100,5,2,0
BRDA:100,5,3,0
BRDA:135,6,0,0
BRDA:135,6,1,0
BRDA:135,7,0,0
BRDA:135,7,1,0
BRDA:145,8,0,0
BRDA:145,8,1,0
BRDA:145,9,0,0
BRDA:145,9,1,0
BRDA:149,10,0,0
BRDA:149,10,1,0
BRDA:186,11,0,0
BRDA:187,12,0,0
BRDA:202,13,0,0
BRDA:203,14,0,0
BRDA:204,15,0,0
BRDA:205,16,0,0
BRDA:206,17,0,0
BRDA:225,18,0,0
BRDA:226,19,0,0
BRDA:227,20,0,0
BRDA:228,21,0,0
BRDA:229,22,0,0
BRDA:234,23,0,0
BRDA:234,23,1,0
BRDA:242,24,0,0
BRDA:242,24,1,0
BRDA:254,25,0,0
BRDA:254,25,1,0
BRDA:264,26,0,0
BRDA:264,26,1,0
BRF:47
BRH:0
end_of_record
TN:
SF:src/components/common/Tabs.tsx
FN:26,(anonymous_9)
FN:39,(anonymous_10)
FN:43,(anonymous_11)
FN:75,(anonymous_12)
FN:76,(anonymous_13)
FN:80,(anonymous_14)
FN:82,(anonymous_15)
FN:102,(anonymous_16)
FN:134,(anonymous_17)
FN:145,(anonymous_18)
FN:164,(anonymous_19)
FN:168,(anonymous_20)
FN:187,(anonymous_21)
FN:189,(anonymous_22)
FN:204,(anonymous_23)
FN:212,(anonymous_24)
FN:260,(anonymous_25)
FN:263,(anonymous_26)
FN:269,(anonymous_27)
FN:270,(anonymous_28)
FN:289,(anonymous_29)
FNF:21
FNH:0
FNDA:0,(anonymous_9)
FNDA:0,(anonymous_10)
FNDA:0,(anonymous_11)
FNDA:0,(anonymous_12)
FNDA:0,(anonymous_13)
FNDA:0,(anonymous_14)
FNDA:0,(anonymous_15)
FNDA:0,(anonymous_16)
FNDA:0,(anonymous_17)
FNDA:0,(anonymous_18)
FNDA:0,(anonymous_19)
FNDA:0,(anonymous_20)
FNDA:0,(anonymous_21)
FNDA:0,(anonymous_22)
FNDA:0,(anonymous_23)
FNDA:0,(anonymous_24)
FNDA:0,(anonymous_25)
FNDA:0,(anonymous_26)
FNDA:0,(anonymous_27)
FNDA:0,(anonymous_28)
FNDA:0,(anonymous_29)
DA:1,0
DA:2,0
DA:3,0
DA:4,0
DA:25,0
DA:26,0
DA:29,0
DA:39,0
DA:44,0
DA:46,0
DA:54,0
DA:59,0
DA:66,0
DA:75,0
DA:76,0
DA:80,0
DA:83,0
DA:85,0
DA:90,0
DA:95,0
DA:103,0
DA:105,0
DA:116,0
DA:124,0
DA:134,0
DA:140,0
DA:146,0
DA:148,0
DA:152,0
DA:156,0
DA:163,0
DA:164,0
DA:168,0
DA:178,0
DA:181,0
DA:182,0
DA:183,0
DA:185,0
DA:187,0
DA:188,0
DA:189,0
DA:190,0
DA:192,0
DA:193,0
DA:194,0
DA:196,0
DA:204,0
DA:205,0
DA:206,0
DA:208,0
DA:212,0
DA:213,0
DA:215,0
DA:216,0
DA:217,0
DA:218,0
DA:219,0
DA:220,0
DA:222,0
DA:224,0
DA:225,0
DA:226,0
DA:227,0
DA:228,0
DA:229,0
DA:231,0
DA:233,0
DA:234,0
DA:235,0
DA:236,0
DA:237,0
DA:239,0
DA:241,0
DA:242,0
DA:243,0
DA:244,0
DA:245,0
DA:247,0
DA:251,0
DA:261,0
DA:263,0
DA:269,0
DA:270,0
DA:290,0
DA:305,0
LF:85
LH:0
BRDA:26,0,0,0
BRDA:26,0,1,0
BRDA:39,1,0,0
BRDA:39,1,1,0
BRDA:44,2,0,0
BRDA:44,2,1,0
BRDA:44,2,2,0
BRDA:75,3,0,0
BRDA:75,3,1,0
BRDA:76,4,0,0
BRDA:76,4,1,0
BRDA:80,5,0,0
BRDA:80,5,1,0
BRDA:83,6,0,0
BRDA:83,6,1,0
BRDA:83,6,2,0
BRDA:103,7,0,0
BRDA:103,7,1,0
BRDA:103,7,2,0
BRDA:107,8,0,0
BRDA:107,8,1,0
BRDA:108,9,0,0
BRDA:108,9,1,0
BRDA:111,10,0,0
BRDA:111,10,1,0
BRDA:112,11,0,0
BRDA:112,11,1,0
BRDA:134,12,0,0
BRDA:134,12,1,0
BRDA:146,13,0,0
BRDA:146,13,1,0
BRDA:146,13,2,0
BRDA:164,14,0,0
BRDA:164,14,1,0
BRDA:173,15,0,0
BRDA:174,16,0,0
BRDA:175,17,0,0
BRDA:179,18,0,0
BRDA:179,18,1,0
BRDA:179,18,2,0
BRDA:179,18,3,0
BRDA:185,19,0,0
BRDA:185,19,1,0
BRDA:188,20,0,0
BRDA:188,20,1,0
BRDA:188,21,0,0
BRDA:188,21,1,0
BRDA:192,22,0,0
BRDA:192,22,1,0
BRDA:205,23,0,0
BRDA:205,23,1,0
BRDA:213,24,0,0
BRDA:213,24,1,0
BRDA:213,24,2,0
BRDA:213,24,3,0
BRDA:216,25,0,0
BRDA:216,25,1,0
BRDA:218,26,0,0
BRDA:218,26,1,0
BRDA:225,27,0,0
BRDA:225,27,1,0
BRDA:227,28,0,0
BRDA:227,28,1,0
BRDA:235,29,0,0
BRDA:235,29,1,0
BRDA:243,30,0,0
BRDA:243,30,1,0
BRDA:269,31,0,0
BRDA:269,31,1,0
BRDA:275,32,0,0
BRDA:275,32,1,0
BRDA:280,33,0,0
BRDA:280,33,1,0
BRF:73
BRH:0
end_of_record
TN:
SF:src/components/common/Toggle.tsx
FN:19,(anonymous_9)
FN:26,(anonymous_10)
FN:27,(anonymous_11)
FN:48,(anonymous_12)
FN:68,(anonymous_13)
FN:83,(anonymous_14)
FN:94,(anonymous_15)
FN:126,(anonymous_16)
FN:146,(anonymous_17)
FN:150,(anonymous_18)
FN:164,(anonymous_19)
FNF:11
FNH:0
FNDA:0,(anonymous_9)
FNDA:0,(anonymous_10)
FNDA:0,(anonymous_11)
FNDA:0,(anonymous_12)
FNDA:0,(anonymous_13)
FNDA:0,(anonymous_14)
FNDA:0,(anonymous_15)
FNDA:0,(anonymous_16)
FNDA:0,(anonymous_17)
FNDA:0,(anonymous_18)
FNDA:0,(anonymous_19)
DA:1,0
DA:2,0
DA:3,0
DA:4,0
DA:15,0
DA:19,0
DA:22,0
DA:26,0
DA:27,0
DA:30,0
DA:37,0
DA:49,0
DA:51,0
DA:56,0
DA:61,0
DA:69,0
DA:70,0
DA:75,0
DA:83,0
DA:87,0
DA:95,0
DA:97,0
DA:104,0
DA:111,0
DA:121,0
DA:127,0
DA:129,0
DA:133,0
DA:137,0
DA:144,0
DA:146,0
DA:150,0
DA:161,0
DA:162,0
DA:164,0
DA:165,0
DA:167,0
DA:169,0
DA:171,0
DA:175,0
DA:207,0
DA:209,0
LF:42
LH:0
BRDA:19,0,0,0
BRDA:19,0,1,0
BRDA:26,1,0,0
BRDA:26,1,1,0
BRDA:27,2,0,0
BRDA:27,2,1,0
BRDA:49,3,0,0
BRDA:49,3,1,0
BRDA:49,3,2,0
BRDA:69,4,0,0
BRDA:69,4,1,0
BRDA:76,5,0,0
BRDA:76,5,1,0
BRDA:77,6,0,0
BRDA:77,6,1,0
BRDA:83,7,0,0
BRDA:83,7,1,0
BRDA:95,8,0,0
BRDA:95,8,1,0
BRDA:95,8,2,0
BRDA:127,9,0,0
BRDA:127,9,1,0
BRDA:127,9,2,0
BRDA:146,10,0,0
BRDA:146,10,1,0
BRDA:154,11,0,0
BRDA:155,12,0,0
BRDA:156,13,0,0
BRDA:165,14,0,0
BRDA:165,14,1,0
BRDA:165,14,2,0
BRDA:167,15,0,0
BRDA:167,15,1,0
BRDA:169,16,0,0
BRDA:169,16,1,0
BRDA:171,17,0,0
BRDA:171,17,1,0
BRDA:196,18,0,0
BRDA:196,18,1,0
BRDA:198,19,0,0
BRDA:198,19,1,0
BRDA:198,19,2,0
BRDA:200,20,0,0
BRDA:200,20,1,0
BRF:44
BRH:0
end_of_record
TN:
SF:src/components/common/index.ts
FN:1,(anonymous_5)
FN:2,(anonymous_6)
FN:3,(anonymous_7)
FN:4,(anonymous_8)
FN:5,(anonymous_9)
FN:6,(anonymous_10)
FN:7,(anonymous_11)
FN:8,(anonymous_12)
FN:9,(anonymous_13)
FN:10,(anonymous_14)
FN:11,(anonymous_15)
FN:12,(anonymous_16)
FN:13,(anonymous_17)
FN:14,(anonymous_18)
FN:15,(anonymous_19)
FN:15,(anonymous_20)
FN:15,(anonymous_21)
FN:16,(anonymous_22)
FN:17,(anonymous_23)
FN:18,(anonymous_24)
FN:19,(anonymous_25)
FN:20,(anonymous_26)
FN:32,(anonymous_27)
FN:33,(anonymous_28)
FN:36,(anonymous_29)
FN:39,(anonymous_30)
FN:39,(anonymous_31)
FN:39,(anonymous_32)
FN:39,(anonymous_33)
FN:40,(anonymous_34)
FN:41,(anonymous_35)
FN:42,(anonymous_36)
FN:43,(anonymous_37)
FN:44,(anonymous_38)
FN:45,(anonymous_39)
FN:46,(anonymous_40)
FN:48,(anonymous_41)
FN:49,(anonymous_42)
FN:50,(anonymous_43)
FN:51,(anonymous_44)
FN:52,(anonymous_45)
FN:53,(anonymous_46)
FN:54,(anonymous_47)
FN:56,(anonymous_48)
FN:57,(anonymous_49)
FNF:45
FNH:0
FNDA:0,(anonymous_5)
FNDA:0,(anonymous_6)
FNDA:0,(anonymous_7)
FNDA:0,(anonymous_8)
FNDA:0,(anonymous_9)
FNDA:0,(anonymous_10)
FNDA:0,(anonymous_11)
FNDA:0,(anonymous_12)
FNDA:0,(anonymous_13)
FNDA:0,(anonymous_14)
FNDA:0,(anonymous_15)
FNDA:0,(anonymous_16)
FNDA:0,(anonymous_17)
FNDA:0,(anonymous_18)
FNDA:0,(anonymous_19)
FNDA:0,(anonymous_20)
FNDA:0,(anonymous_21)
FNDA:0,(anonymous_22)
FNDA:0,(anonymous_23)
FNDA:0,(anonymous_24)
FNDA:0,(anonymous_25)
FNDA:0,(anonymous_26)
FNDA:0,(anonymous_27)
FNDA:0,(anonymous_28)
FNDA:0,(anonymous_29)
FNDA:0,(anonymous_30)
FNDA:0,(anonymous_31)
FNDA:0,(anonymous_32)
FNDA:0,(anonymous_33)
FNDA:0,(anonymous_34)
FNDA:0,(anonymous_35)
FNDA:0,(anonymous_36)
FNDA:0,(anonymous_37)
FNDA:0,(anonymous_38)
FNDA:0,(anonymous_39)
FNDA:0,(anonymous_40)
FNDA:0,(anonymous_41)
FNDA:0,(anonymous_42)
FNDA:0,(anonymous_43)
FNDA:0,(anonymous_44)
FNDA:0,(anonymous_45)
FNDA:0,(anonymous_46)
FNDA:0,(anonymous_47)
FNDA:0,(anonymous_48)
FNDA:0,(anonymous_49)
DA:1,0
DA:2,0
DA:3,0
DA:4,0
DA:5,0
DA:6,0
DA:7,0
DA:8,0
DA:9,0
DA:10,0
DA:11,0
DA:12,0
DA:13,0
DA:14,0
DA:15,0
DA:16,0
DA:17,0
DA:18,0
DA:19,0
DA:20,0
DA:23,0
DA:26,0
DA:29,0
DA:32,0
DA:33,0
DA:36,0
DA:39,0
DA:40,0
DA:41,0
DA:42,0
DA:43,0
DA:44,0
DA:45,0
DA:46,0
DA:47,0
DA:48,0
DA:49,0
DA:50,0
DA:51,0
DA:52,0
DA:53,0
DA:54,0
DA:56,0
DA:57,0
LF:44
LH:0
BRF:0
BRH:0
end_of_record
TN:
SF:src/components/modals/index.ts
FN:1,(anonymous_1)
FNF:1
FNH:0
FNDA:0,(anonymous_1)
DA:1,0
LF:1
LH:0
BRF:0
BRH:0
end_of_record
TN:
SF:src/hooks/index.ts
FN:8,(anonymous_5)
FN:12,(anonymous_6)
FN:13,(anonymous_7)
FN:15,(anonymous_8)
FN:16,(anonymous_9)
FN:17,(anonymous_10)
FN:18,(anonymous_11)
FN:20,(anonymous_12)
FN:21,(anonymous_13)
FNF:9
FNH:0
FNDA:0,(anonymous_5)
FNDA:0,(anonymous_6)
FNDA:0,(anonymous_7)
FNDA:0,(anonymous_8)
FNDA:0,(anonymous_9)
FNDA:0,(anonymous_10)
FNDA:0,(anonymous_11)
FNDA:0,(anonymous_12)
FNDA:0,(anonymous_13)
DA:2,0
DA:3,0
DA:4,0
DA:5,0
DA:8,0
DA:11,0
DA:12,0
DA:13,0
DA:14,0
DA:15,0
DA:16,0
DA:17,0
DA:18,0
DA:20,0
DA:21,0
LF:15
LH:0
BRF:0
BRH:0
end_of_record
TN:
SF:src/hooks/useAccessibility.ts
FN:4,(anonymous_0)
FN:8,(anonymous_1)
FN:26,(anonymous_2)
FN:49,(anonymous_3)
FN:62,(anonymous_4)
FN:75,(anonymous_5)
FN:150,(anonymous_6)
FN:155,(anonymous_7)
FN:162,(anonymous_8)
FN:163,(anonymous_9)
FN:173,(anonymous_10)
FN:184,(anonymous_11)
FN:187,(anonymous_12)
FN:194,(anonymous_13)
FN:210,(anonymous_14)
FN:211,(anonymous_15)
FN:215,(anonymous_16)
FN:227,(anonymous_17)
FN:237,(anonymous_18)
FN:238,(anonymous_19)
FN:242,(anonymous_20)
FN:244,(anonymous_21)
FN:247,(anonymous_22)
FN:254,(anonymous_23)
FNF:24
FNH:0
FNDA:0,(anonymous_0)
FNDA:0,(anonymous_1)
FNDA:0,(anonymous_2)
FNDA:0,(anonymous_3)
FNDA:0,(anonymous_4)
FNDA:0,(anonymous_5)
FNDA:0,(anonymous_6)
FNDA:0,(anonymous_7)
FNDA:0,(anonymous_8)
FNDA:0,(anonymous_9)
FNDA:0,(anonymous_10)
FNDA:0,(anonymous_11)
FNDA:0,(anonymous_12)
FNDA:0,(anonymous_13)
FNDA:0,(anonymous_14)
FNDA:0,(anonymous_15)
FNDA:0,(anonymous_16)
FNDA:0,(anonymous_17)
FNDA:0,(anonymous_18)
FNDA:0,(anonymous_19)
FNDA:0,(anonymous_20)
FNDA:0,(anonymous_21)
FNDA:0,(anonymous_22)
FNDA:0,(anonymous_23)
DA:1,0
DA:4,0
DA:5,0
DA:6,0
DA:8,0
DA:9,0
DA:11,0
DA:12,0
DA:15,0
DA:16,0
DA:19,0
DA:22,0
DA:23,0
DA:26,0
DA:27,0
DA:29,0
DA:30,0
DA:31,0
DA:34,0
DA:35,0
DA:36,0
DA:37,0
DA:40,0
DA:41,0
DA:42,0
DA:47,0
DA:49,0
DA:50,0
DA:52,0
DA:53,0
DA:58,0
DA:62,0
DA:71,0
DA:72,0
DA:73,0
DA:75,0
DA:76,0
DA:78,0
DA:80,0
DA:82,0
DA:83,0
DA:84,0
DA:85,0
DA:86,0
DA:90,0
DA:93,0
DA:94,0
DA:95,0
DA:96,0
DA:97,0
DA:101,0
DA:104,0
DA:105,0
DA:106,0
DA:107,0
DA:108,0
DA:112,0
DA:115,0
DA:116,0
DA:117,0
DA:118,0
DA:119,0
DA:123,0
DA:126,0
DA:127,0
DA:128,0
DA:131,0
DA:132,0
DA:133,0
DA:137,0
DA:138,0
DA:139,0
DA:142,0
DA:145,0
DA:146,0
DA:150,0
DA:151,0
DA:152,0
DA:154,0
DA:155,0
DA:158,0
DA:162,0
DA:163,0
DA:164,0
DA:165,0
DA:166,0
DA:167,0
DA:168,0
DA:170,0
DA:173,0
DA:174,0
DA:175,0
DA:180,0
DA:184,0
DA:185,0
DA:187,0
DA:188,0
DA:190,0
DA:191,0
DA:192,0
DA:193,0
DA:194,0
DA:195,0
DA:196,0
DA:197,0
DA:198,0
DA:199,0
DA:203,0
DA:206,0
DA:210,0
DA:211,0
DA:212,0
DA:215,0
DA:216,0
DA:217,0
DA:218,0
DA:220,0
DA:221,0
DA:223,0
DA:227,0
DA:228,0
DA:229,0
DA:233,0
DA:237,0
DA:238,0
DA:239,0
DA:242,0
DA:243,0
DA:244,0
DA:246,0
DA:247,0
DA:250,0
DA:254,0
DA:255,0
DA:257,0
DA:258,0
DA:261,0
DA:264,0
LF:138
LH:0
BRDA:9,0,0,0
BRDA:9,0,1,0
BRDA:9,1,0,0
BRDA:9,1,1,0
BRDA:22,2,0,0
BRDA:22,2,1,0
BRDA:27,3,0,0
BRDA:27,3,1,0
BRDA:29,4,0,0
BRDA:29,4,1,0
BRDA:34,5,0,0
BRDA:34,5,1,0
BRDA:35,6,0,0
BRDA:35,6,1,0
BRDA:40,7,0,0
BRDA:40,7,1,0
BRDA:52,8,0,0
BRDA:52,8,1,0
BRDA:64,9,0,0
BRDA:71,10,0,0
BRDA:71,11,0,0
BRDA:71,12,0,0
BRDA:76,13,0,0
BRDA:76,13,1,0
BRDA:80,14,0,0
BRDA:80,14,1,0
BRDA:80,14,2,0
BRDA:80,14,3,0
BRDA:80,14,4,0
BRDA:80,14,5,0
BRDA:80,14,6,0
BRDA:80,14,7,0
BRDA:80,14,8,0
BRDA:83,15,0,0
BRDA:83,15,1,0
BRDA:85,16,0,0
BRDA:85,16,1,0
BRDA:86,17,0,0
BRDA:86,17,1,0
BRDA:94,18,0,0
BRDA:94,18,1,0
BRDA:96,19,0,0
BRDA:96,19,1,0
BRDA:97,20,0,0
BRDA:97,20,1,0
BRDA:105,21,0,0
BRDA:105,21,1,0
BRDA:107,22,0,0
BRDA:107,22,1,0
BRDA:108,23,0,0
BRDA:108,23,1,0
BRDA:116,24,0,0
BRDA:116,24,1,0
BRDA:118,25,0,0
BRDA:118,25,1,0
BRDA:119,26,0,0
BRDA:119,26,1,0
BRDA:145,27,0,0
BRDA:145,27,1,0
BRDA:152,28,0,0
BRDA:152,28,1,0
BRDA:163,29,0,0
BRDA:174,30,0,0
BRDA:174,30,1,0
BRDA:188,31,0,0
BRDA:188,31,1,0
BRDA:197,32,0,0
BRDA:197,32,1,0
BRDA:220,33,0,0
BRDA:220,33,1,0
BRDA:228,34,0,0
BRDA:228,34,1,0
BRDA:257,35,0,0
BRDA:257,35,1,0
BRDA:258,36,0,0
BRDA:258,36,1,0
BRF:76
BRH:0
end_of_record
TN:
SF:src/hooks/useApiCache.ts
FN:31,(anonymous_0)
FN:36,(anonymous_1)
FN:57,(anonymous_2)
FN:72,(anonymous_3)
FN:80,(anonymous_4)
FN:84,(anonymous_5)
FN:88,(anonymous_6)
FN:92,(anonymous_7)
FN:96,(anonymous_8)
FN:101,(anonymous_9)
FN:111,(anonymous_10)
FN:136,(anonymous_11)
FN:147,(anonymous_12)
FN:148,(anonymous_13)
FN:149,(anonymous_14)
FN:154,(anonymous_15)
FN:161,(anonymous_16)
FN:162,(anonymous_17)
FN:166,(anonymous_18)
FN:170,(anonymous_19)
FN:176,(anonymous_20)
FN:188,(anonymous_21)
FN:193,(anonymous_22)
FN:198,(anonymous_23)
FN:212,(anonymous_24)
FN:215,(anonymous_25)
FN:245,(anonymous_26)
FN:250,(anonymous_27)
FN:254,(anonymous_28)
FN:266,(anonymous_29)
FN:271,(anonymous_30)
FN:276,(anonymous_31)
FN:290,(anonymous_32)
FN:303,(anonymous_33)
FN:316,(anonymous_34)
FN:317,(anonymous_35)
FN:318,(anonymous_36)
FNF:37
FNH:0
FNDA:0,(anonymous_0)
FNDA:0,(anonymous_1)
FNDA:0,(anonymous_2)
FNDA:0,(anonymous_3)
FNDA:0,(anonymous_4)
FNDA:0,(anonymous_5)
FNDA:0,(anonymous_6)
FNDA:0,(anonymous_7)
FNDA:0,(anonymous_8)
FNDA:0,(anonymous_9)
FNDA:0,(anonymous_10)
FNDA:0,(anonymous_11)
FNDA:0,(anonymous_12)
FNDA:0,(anonymous_13)
FNDA:0,(anonymous_14)
FNDA:0,(anonymous_15)
FNDA:0,(anonymous_16)
FNDA:0,(anonymous_17)
FNDA:0,(anonymous_18)
FNDA:0,(anonymous_19)
FNDA:0,(anonymous_20)
FNDA:0,(anonymous_21)
FNDA:0,(anonymous_22)
FNDA:0,(anonymous_23)
FNDA:0,(anonymous_24)
FNDA:0,(anonymous_25)
FNDA:0,(anonymous_26)
FNDA:0,(anonymous_27)
FNDA:0,(anonymous_28)
FNDA:0,(anonymous_29)
FNDA:0,(anonymous_30)
FNDA:0,(anonymous_31)
FNDA:0,(anonymous_32)
FNDA:0,(anonymous_33)
FNDA:0,(anonymous_34)
FNDA:0,(anonymous_35)
FNDA:0,(anonymous_36)
DA:1,0
DA:27,0
DA:32,0
DA:33,0
DA:37,0
DA:38,0
DA:40,0
DA:49,0
DA:50,0
DA:51,0
DA:54,0
DA:58,0
DA:59,0
DA:61,0
DA:64,0
DA:65,0
DA:66,0
DA:69,0
DA:73,0
DA:74,0
DA:76,0
DA:77,0
DA:81,0
DA:85,0
DA:89,0
DA:93,0
DA:97,0
DA:102,0
DA:103,0
DA:104,0
DA:105,0
DA:112,0
DA:113,0
DA:114,0
DA:116,0
DA:117,0
DA:118,0
DA:120,0
DA:124,0
DA:134,0
DA:136,0
DA:141,0
DA:143,0
DA:144,0
DA:147,0
DA:148,0
DA:149,0
DA:151,0
DA:152,0
DA:154,0
DA:155,0
DA:156,0
DA:161,0
DA:162,0
DA:163,0
DA:166,0
DA:170,0
DA:171,0
DA:172,0
DA:176,0
DA:181,0
DA:188,0
DA:189,0
DA:193,0
DA:194,0
DA:198,0
DA:203,0
DA:204,0
DA:207,0
DA:209,0
DA:211,0
DA:213,0
DA:216,0
DA:220,0
DA:224,0
DA:225,0
DA:226,0
DA:230,0
DA:231,0
DA:232,0
DA:233,0
DA:236,0
DA:237,0
DA:238,0
DA:240,0
DA:245,0
DA:246,0
DA:250,0
DA:251,0
DA:252,0
DA:254,0
DA:255,0
DA:256,0
DA:257,0
DA:262,0
DA:266,0
DA:267,0
DA:271,0
DA:272,0
DA:276,0
DA:281,0
DA:282,0
DA:283,0
DA:285,0
DA:290,0
DA:297,0
DA:298,0
DA:299,0
DA:303,0
DA:304,0
DA:305,0
DA:306,0
DA:308,0
DA:312,0
DA:316,0
DA:317,0
DA:318,0
DA:319,0
DA:323,0
DA:339,0
LF:120
LH:0
BRDA:31,0,0,0
BRDA:31,1,0,0
BRDA:36,2,0,0
BRDA:38,3,0,0
BRDA:38,3,1,0
BRDA:49,4,0,0
BRDA:49,4,1,0
BRDA:59,5,0,0
BRDA:59,5,1,0
BRDA:64,6,0,0
BRDA:64,6,1,0
BRDA:72,7,0,0
BRDA:74,8,0,0
BRDA:74,8,1,0
BRDA:81,9,0,0
BRDA:81,9,1,0
BRDA:104,10,0,0
BRDA:104,10,1,0
BRDA:117,11,0,0
BRDA:117,11,1,0
BRDA:136,12,0,0
BRDA:138,13,0,0
BRDA:139,14,0,0
BRDA:140,15,0,0
BRDA:172,16,0,0
BRDA:172,16,1,0
BRDA:179,17,0,0
BRDA:182,18,0,0
BRDA:182,18,1,0
BRDA:201,19,0,0
BRDA:207,20,0,0
BRDA:207,20,1,0
BRDA:207,21,0,0
BRDA:207,21,1,0
BRDA:209,22,0,0
BRDA:209,22,1,0
BRDA:209,23,0,0
BRDA:209,23,1,0
BRDA:224,24,0,0
BRDA:224,24,1,0
BRDA:224,25,0,0
BRDA:224,25,1,0
BRDA:224,25,2,0
BRDA:236,26,0,0
BRDA:236,26,1,0
BRDA:236,27,0,0
BRDA:236,27,1,0
BRDA:255,28,0,0
BRDA:255,28,1,0
BRDA:255,29,0,0
BRDA:255,29,1,0
BRDA:256,30,0,0
BRDA:256,30,1,0
BRDA:279,31,0,0
BRDA:294,32,0,0
BRDA:298,33,0,0
BRDA:298,33,1,0
BRF:57
BRH:0
end_of_record
TN:
SF:src/hooks/useErrorLogger.ts
FN:26,(anonymous_0)
FN:36,(anonymous_1)
FN:40,(anonymous_2)
FN:49,(anonymous_3)
FN:53,(anonymous_4)
FN:75,(anonymous_5)
FN:91,(anonymous_6)
FN:103,(anonymous_7)
FN:119,(anonymous_8)
FN:132,(anonymous_9)
FN:147,(anonymous_10)
FN:160,(anonymous_11)
FN:169,(anonymous_12)
FN:177,(anonymous_13)
FNF:14
FNH:0
FNDA:0,(anonymous_0)
FNDA:0,(anonymous_1)
FNDA:0,(anonymous_2)
FNDA:0,(anonymous_3)
FNDA:0,(anonymous_4)
FNDA:0,(anonymous_5)
FNDA:0,(anonymous_6)
FNDA:0,(anonymous_7)
FNDA:0,(anonymous_8)
FNDA:0,(anonymous_9)
FNDA:0,(anonymous_10)
FNDA:0,(anonymous_11)
FNDA:0,(anonymous_12)
FNDA:0,(anonymous_13)
DA:1,0
DA:26,0
DA:34,0
DA:36,0
DA:37,0
DA:40,0
DA:41,0
DA:42,0
DA:43,0
DA:44,0
DA:46,0
DA:49,0
DA:50,0
DA:53,0
DA:60,0
DA:75,0
DA:76,0
DA:78,0
DA:81,0
DA:82,0
DA:83,0
DA:84,0
DA:85,0
DA:86,0
DA:87,0
DA:88,0
DA:91,0
DA:92,0
DA:94,0
DA:95,0
DA:96,0
DA:97,0
DA:99,0
DA:103,0
DA:104,0
DA:106,0
DA:107,0
DA:115,0
DA:119,0
DA:125,0
DA:127,0
DA:128,0
DA:129,0
DA:132,0
DA:138,0
DA:140,0
DA:142,0
DA:143,0
DA:144,0
DA:147,0
DA:151,0
DA:153,0
DA:155,0
DA:156,0
DA:157,0
DA:160,0
DA:161,0
DA:162,0
DA:164,0
DA:165,0
DA:169,0
DA:170,0
DA:171,0
DA:173,0
DA:177,0
DA:178,0
DA:179,0
DA:185,0
DA:189,0
DA:190,0
DA:191,0
DA:192,0
DA:193,0
DA:194,0
DA:195,0
DA:196,0
DA:199,0
DA:209,0
LF:78
LH:0
BRDA:26,0,0,0
BRDA:28,1,0,0
BRDA:29,2,0,0
BRDA:30,3,0,0
BRDA:31,4,0,0
BRDA:32,5,0,0
BRDA:33,6,0,0
BRDA:42,7,0,0
BRDA:42,7,1,0
BRDA:50,8,0,0
BRDA:50,8,1,0
BRDA:76,9,0,0
BRDA:76,9,1,0
BRDA:78,10,0,0
BRDA:78,10,1,0
BRDA:79,11,0,0
BRDA:79,11,1,0
BRDA:83,12,0,0
BRDA:83,12,1,0
BRDA:84,13,0,0
BRDA:84,13,1,0
BRDA:85,14,0,0
BRDA:85,14,1,0
BRDA:92,15,0,0
BRDA:92,15,1,0
BRDA:95,16,0,0
BRDA:95,16,1,0
BRDA:104,17,0,0
BRDA:104,17,1,0
BRDA:138,18,0,0
BRDA:138,18,1,0
BRDA:151,19,0,0
BRDA:151,19,1,0
BRDA:162,20,0,0
BRDA:162,20,1,0
BRF:35
BRH:0
end_of_record
TN:
SF:src/hooks/useErrorRecovery.ts
FN:18,(anonymous_0)
FN:24,(anonymous_1)
FN:41,(anonymous_2)
FN:46,(anonymous_3)
FN:58,(anonymous_4)
FN:79,(anonymous_5)
FN:87,(anonymous_6)
FN:97,(anonymous_7)
FN:106,(anonymous_8)
FN:112,(anonymous_9)
FN:126,(anonymous_10)
FN:143,(anonymous_11)
FN:148,(anonymous_12)
FN:158,(anonymous_13)
FN:163,(anonymous_14)
FN:173,(anonymous_15)
FN:178,(anonymous_16)
FNF:17
FNH:0
FNDA:0,(anonymous_0)
FNDA:0,(anonymous_1)
FNDA:0,(anonymous_2)
FNDA:0,(anonymous_3)
FNDA:0,(anonymous_4)
FNDA:0,(anonymous_5)
FNDA:0,(anonymous_6)
FNDA:0,(anonymous_7)
FNDA:0,(anonymous_8)
FNDA:0,(anonymous_9)
FNDA:0,(anonymous_10)
FNDA:0,(anonymous_11)
FNDA:0,(anonymous_12)
FNDA:0,(anonymous_13)
FNDA:0,(anonymous_14)
FNDA:0,(anonymous_15)
FNDA:0,(anonymous_16)
DA:1,0
DA:18,0
DA:26,0
DA:30,0
DA:32,0
DA:39,0
DA:41,0
DA:42,0
DA:43,0
DA:46,0
DA:50,0
DA:51,0
DA:52,0
DA:54,0
DA:56,0
DA:57,0
DA:58,0
DA:65,0
DA:68,0
DA:75,0
DA:77,0
DA:79,0
DA:86,0
DA:87,0
DA:92,0
DA:96,0
DA:97,0
DA:98,0
DA:103,0
DA:106,0
DA:109,0
DA:112,0
DA:113,0
DA:114,0
DA:115,0
DA:118,0
DA:126,0
DA:127,0
DA:128,0
DA:130,0
DA:133,0
DA:143,0
DA:144,0
DA:150,0
DA:158,0
DA:159,0
DA:165,0
DA:173,0
DA:174,0
DA:180,0
DA:187,0
LF:51
LH:0
BRDA:18,0,0,0
BRDA:20,1,0,0
BRDA:21,2,0,0
BRDA:22,3,0,0
BRDA:23,4,0,0
BRDA:24,5,0,0
BRDA:26,6,0,0
BRDA:26,6,1,0
BRDA:26,6,2,0
BRDA:26,6,3,0
BRDA:51,7,0,0
BRDA:51,7,1,0
BRDA:52,8,0,0
BRDA:52,8,1,0
BRDA:82,9,0,0
BRDA:82,9,1,0
BRDA:86,10,0,0
BRDA:86,10,1,0
BRDA:86,11,0,0
BRDA:86,11,1,0
BRDA:113,12,0,0
BRDA:113,12,1,0
BRDA:127,13,0,0
BRDA:127,13,1,0
BRDA:130,14,0,0
BRDA:130,14,1,0
BRDA:150,15,0,0
BRDA:150,15,1,0
BRDA:150,15,2,0
BRDA:150,15,3,0
BRDA:165,16,0,0
BRDA:165,16,1,0
BRDA:165,16,2,0
BRDA:180,17,0,0
BRDA:180,17,1,0
BRDA:180,17,2,0
BRF:36
BRH:0
end_of_record
TN:
SF:src/hooks/useNetworkStatus.ts
FN:19,(anonymous_0)
FN:36,(anonymous_1)
FN:72,(anonymous_2)
FN:77,(anonymous_3)
FN:78,(anonymous_4)
FN:92,(anonymous_5)
FNF:6
FNH:0
FNDA:0,(anonymous_0)
FNDA:0,(anonymous_1)
FNDA:0,(anonymous_2)
FNDA:0,(anonymous_3)
FNDA:0,(anonymous_4)
FNDA:0,(anonymous_5)
DA:1,0
DA:19,0
DA:25,0
DA:27,0
DA:36,0
DA:37,0
DA:41,0
DA:42,0
DA:43,0
DA:44,0
DA:45,0
DA:47,0
DA:49,0
DA:58,0
DA:61,0
DA:62,0
DA:63,0
DA:64,0
DA:67,0
DA:68,0
DA:72,0
DA:74,0
DA:77,0
DA:78,0
DA:80,0
DA:81,0
DA:84,0
DA:88,0
DA:89,0
DA:92,0
DA:93,0
DA:94,0
DA:96,0
DA:97,0
DA:102,0
DA:105,0
LF:36
LH:0
BRDA:19,0,0,0
BRDA:24,1,0,0
BRDA:37,2,0,0
BRDA:37,2,1,0
BRDA:37,2,2,0
BRDA:42,3,0,0
BRDA:42,3,1,0
BRDA:43,4,0,0
BRDA:43,4,1,0
BRDA:44,5,0,0
BRDA:44,5,1,0
BRDA:45,6,0,0
BRDA:45,6,1,0
BRDA:47,7,0,0
BRDA:47,7,1,0
BRDA:61,8,0,0
BRDA:61,8,1,0
BRDA:61,9,0,0
BRDA:61,9,1,0
BRDA:63,10,0,0
BRDA:63,10,1,0
BRDA:63,11,0,0
BRDA:63,11,1,0
BRDA:67,12,0,0
BRDA:67,12,1,0
BRDA:67,13,0,0
BRDA:67,13,1,0
BRDA:84,14,0,0
BRDA:84,14,1,0
BRDA:84,14,2,0
BRDA:88,15,0,0
BRDA:88,15,1,0
BRDA:96,16,0,0
BRDA:96,16,1,0
BRF:34
BRH:0
end_of_record
TN:
SF:src/hooks/usePerformanceMetrics.ts
FN:29,(anonymous_0)
FN:44,(anonymous_1)
FN:61,(anonymous_2)
FN:75,(anonymous_3)
FN:89,(anonymous_4)
FN:103,(anonymous_5)
FN:116,(anonymous_6)
FN:127,(anonymous_7)
FN:139,(anonymous_8)
FN:148,(anonymous_9)
FN:152,(anonymous_10)
FN:162,(anonymous_11)
FN:170,(anonymous_12)
FN:179,(anonymous_13)
FN:189,(anonymous_14)
FN:198,(anonymous_15)
FN:202,(anonymous_16)
FN:214,(anonymous_17)
FN:229,(anonymous_18)
FN:237,(anonymous_19)
FN:242,(anonymous_20)
FN:247,(anonymous_21)
FN:248,(anonymous_22)
FN:252,(anonymous_23)
FN:254,(anonymous_24)
FN:255,(anonymous_25)
FN:259,(anonymous_26)
FN:264,(anonymous_27)
FN:273,(anonymous_28)
FN:274,(anonymous_29)
FN:278,(anonymous_30)
FN:279,(anonymous_31)
FN:289,(anonymous_32)
FN:293,(anonymous_33)
FN:314,(anonymous_34)
FNF:35
FNH:0
FNDA:0,(anonymous_0)
FNDA:0,(anonymous_1)
FNDA:0,(anonymous_2)
FNDA:0,(anonymous_3)
FNDA:0,(anonymous_4)
FNDA:0,(anonymous_5)
FNDA:0,(anonymous_6)
FNDA:0,(anonymous_7)
FNDA:0,(anonymous_8)
FNDA:0,(anonymous_9)
FNDA:0,(anonymous_10)
FNDA:0,(anonymous_11)
FNDA:0,(anonymous_12)
FNDA:0,(anonymous_13)
FNDA:0,(anonymous_14)
FNDA:0,(anonymous_15)
FNDA:0,(anonymous_16)
FNDA:0,(anonymous_17)
FNDA:0,(anonymous_18)
FNDA:0,(anonymous_19)
FNDA:0,(anonymous_20)
FNDA:0,(anonymous_21)
FNDA:0,(anonymous_22)
FNDA:0,(anonymous_23)
FNDA:0,(anonymous_24)
FNDA:0,(anonymous_25)
FNDA:0,(anonymous_26)
FNDA:0,(anonymous_27)
FNDA:0,(anonymous_28)
FNDA:0,(anonymous_29)
FNDA:0,(anonymous_30)
FNDA:0,(anonymous_31)
FNDA:0,(anonymous_32)
FNDA:0,(anonymous_33)
FNDA:0,(anonymous_34)
DA:1,0
DA:29,0
DA:37,0
DA:39,0
DA:40,0
DA:41,0
DA:44,0
DA:50,0
DA:52,0
DA:61,0
DA:62,0
DA:63,0
DA:67,0
DA:68,0
DA:69,0
DA:70,0
DA:75,0
DA:80,0
DA:81,0
DA:82,0
DA:84,0
DA:85,0
DA:89,0
DA:94,0
DA:95,0
DA:96,0
DA:98,0
DA:99,0
DA:103,0
DA:104,0
DA:105,0
DA:106,0
DA:112,0
DA:116,0
DA:117,0
DA:118,0
DA:119,0
DA:127,0
DA:128,0
DA:130,0
DA:131,0
DA:132,0
DA:139,0
DA:140,0
DA:141,0
DA:148,0
DA:149,0
DA:152,0
DA:153,0
DA:154,0
DA:155,0
DA:159,0
DA:162,0
DA:163,0
DA:164,0
DA:165,0
DA:167,0
DA:170,0
DA:171,0
DA:172,0
DA:175,0
DA:178,0
DA:179,0
DA:180,0
DA:181,0
DA:182,0
DA:185,0
DA:187,0
DA:189,0
DA:190,0
DA:191,0
DA:192,0
DA:193,0
DA:198,0
DA:199,0
DA:201,0
DA:202,0
DA:203,0
DA:204,0
DA:205,0
DA:214,0
DA:215,0
DA:217,0
DA:220,0
DA:221,0
DA:224,0
DA:227,0
DA:229,0
DA:230,0
DA:231,0
DA:232,0
DA:237,0
DA:238,0
DA:242,0
DA:243,0
DA:247,0
DA:248,0
DA:252,0
DA:253,0
DA:254,0
DA:255,0
DA:257,0
DA:259,0
DA:260,0
DA:264,0
DA:265,0
DA:266,0
DA:267,0
DA:269,0
DA:273,0
DA:274,0
DA:278,0
DA:279,0
DA:289,0
DA:290,0
DA:293,0
DA:299,0
DA:303,0
DA:304,0
DA:305,0
DA:306,0
DA:307,0
DA:308,0
DA:309,0
DA:310,0
DA:314,0
DA:315,0
DA:316,0
DA:319,0
DA:336,0
LF:130
LH:0
BRDA:29,0,0,0
BRDA:31,1,0,0
BRDA:32,2,0,0
BRDA:33,3,0,0
BRDA:34,4,0,0
BRDA:35,5,0,0
BRDA:36,6,0,0
BRDA:47,7,0,0
BRDA:50,8,0,0
BRDA:50,8,1,0
BRDA:67,9,0,0
BRDA:67,9,1,0
BRDA:67,10,0,0
BRDA:67,10,1,0
BRDA:69,11,0,0
BRDA:69,11,1,0
BRDA:69,12,0,0
BRDA:69,12,1,0
BRDA:78,13,0,0
BRDA:92,14,0,0
BRDA:104,15,0,0
BRDA:104,15,1,0
BRDA:118,16,0,0
BRDA:118,16,1,0
BRDA:128,17,0,0
BRDA:128,17,1,0
BRDA:131,18,0,0
BRDA:131,18,1,0
BRDA:140,19,0,0
BRDA:140,19,1,0
BRDA:149,20,0,0
BRDA:149,20,1,0
BRDA:154,21,0,0
BRDA:154,21,1,0
BRDA:181,22,0,0
BRDA:181,22,1,0
BRDA:199,23,0,0
BRDA:199,23,1,0
BRDA:204,24,0,0
BRDA:204,24,1,0
BRDA:215,25,0,0
BRDA:215,25,1,0
BRDA:253,26,0,0
BRDA:253,26,1,0
BRDA:254,27,0,0
BRDA:254,27,1,0
BRDA:257,28,0,0
BRDA:257,28,1,0
BRDA:273,29,0,0
BRDA:273,29,1,0
BRDA:278,30,0,0
BRDA:278,30,1,0
BRDA:283,31,0,0
BRDA:283,31,1,0
BRF:54
BRH:0
end_of_record
TN:
SF:src/hooks/useSignals.ts
FN:9,(anonymous_0)
FN:10,(anonymous_1)
FN:11,(anonymous_2)
FN:12,(anonymous_3)
FN:13,(anonymous_4)
FN:14,(anonymous_5)
FN:15,(anonymous_6)
FN:16,(anonymous_7)
FN:17,(anonymous_8)
FN:21,(anonymous_9)
FN:24,(anonymous_10)
FN:31,(anonymous_11)
FN:34,(anonymous_12)
FN:41,(anonymous_13)
FN:44,(anonymous_14)
FN:51,(anonymous_15)
FN:54,(anonymous_16)
FN:61,(anonymous_17)
FN:64,(anonymous_18)
FN:71,(anonymous_19)
FN:74,(anonymous_20)
FN:81,(anonymous_21)
FN:84,(anonymous_22)
FN:91,(anonymous_23)
FN:94,(anonymous_24)
FN:101,(anonymous_25)
FN:104,(anonymous_26)
FN:112,(anonymous_27)
FN:116,(anonymous_28)
FN:120,(anonymous_29)
FN:122,(anonymous_30)
FN:139,(anonymous_31)
FN:143,(anonymous_32)
FN:147,(anonymous_33)
FN:159,(anonymous_34)
FN:163,(anonymous_35)
FN:164,(anonymous_36)
FN:165,(anonymous_37)
FN:166,(anonymous_38)
FNF:39
FNH:0
FNDA:0,(anonymous_0)
FNDA:0,(anonymous_1)
FNDA:0,(anonymous_2)
FNDA:0,(anonymous_3)
FNDA:0,(anonymous_4)
FNDA:0,(anonymous_5)
FNDA:0,(anonymous_6)
FNDA:0,(anonymous_7)
FNDA:0,(anonymous_8)
FNDA:0,(anonymous_9)
FNDA:0,(anonymous_10)
FNDA:0,(anonymous_11)
FNDA:0,(anonymous_12)
FNDA:0,(anonymous_13)
FNDA:0,(anonymous_14)
FNDA:0,(anonymous_15)
FNDA:0,(anonymous_16)
FNDA:0,(anonymous_17)
FNDA:0,(anonymous_18)
FNDA:0,(anonymous_19)
FNDA:0,(anonymous_20)
FNDA:0,(anonymous_21)
FNDA:0,(anonymous_22)
FNDA:0,(anonymous_23)
FNDA:0,(anonymous_24)
FNDA:0,(anonymous_25)
FNDA:0,(anonymous_26)
FNDA:0,(anonymous_27)
FNDA:0,(anonymous_28)
FNDA:0,(anonymous_29)
FNDA:0,(anonymous_30)
FNDA:0,(anonymous_31)
FNDA:0,(anonymous_32)
FNDA:0,(anonymous_33)
FNDA:0,(anonymous_34)
FNDA:0,(anonymous_35)
FNDA:0,(anonymous_36)
FNDA:0,(anonymous_37)
FNDA:0,(anonymous_38)
DA:1,0
DA:2,0
DA:7,0
DA:9,0
DA:10,0
DA:11,0
DA:12,0
DA:13,0
DA:14,0
DA:15,0
DA:16,0
DA:17,0
DA:21,0
DA:22,0
DA:24,0
DA:31,0
DA:32,0
DA:34,0
DA:41,0
DA:42,0
DA:44,0
DA:51,0
DA:52,0
DA:54,0
DA:61,0
DA:62,0
DA:64,0
DA:71,0
DA:72,0
DA:74,0
DA:81,0
DA:82,0
DA:84,0
DA:91,0
DA:92,0
DA:94,0
DA:101,0
DA:102,0
DA:104,0
DA:112,0
DA:113,0
DA:115,0
DA:118,0
DA:122,0
DA:123,0
DA:124,0
DA:129,0
DA:133,0
DA:134,0
DA:139,0
DA:140,0
DA:142,0
DA:145,0
DA:149,0
DA:152,0
DA:153,0
DA:159,0
DA:160,0
DA:162,0
DA:163,0
DA:164,0
DA:165,0
DA:166,0
LF:63
LH:0
BRDA:21,0,0,0
BRDA:31,1,0,0
BRDA:41,2,0,0
BRDA:123,3,0,0
BRDA:123,3,1,0
BRF:5
BRH:0
end_of_record
TN:
SF:src/hooks/useWebSocket.ts
FN:19,(anonymous_0)
FN:35,(anonymous_1)
FN:50,(anonymous_2)
FN:63,(anonymous_3)
FN:72,(anonymous_4)
FN:73,(anonymous_5)
FN:86,(anonymous_6)
FN:98,(anonymous_7)
FN:109,(anonymous_8)
FN:146,(anonymous_9)
FN:151,(anonymous_10)
FN:180,(anonymous_11)
FN:181,(anonymous_12)
FN:189,(anonymous_13)
FN:191,(anonymous_14)
FN:195,(anonymous_15)
FN:217,(anonymous_16)
FN:222,(anonymous_17)
FN:229,(anonymous_18)
FN:233,(anonymous_19)
FN:234,(anonymous_20)
FN:239,(anonymous_21)
FN:247,(anonymous_22)
FNF:23
FNH:0
FNDA:0,(anonymous_0)
FNDA:0,(anonymous_1)
FNDA:0,(anonymous_2)
FNDA:0,(anonymous_3)
FNDA:0,(anonymous_4)
FNDA:0,(anonymous_5)
FNDA:0,(anonymous_6)
FNDA:0,(anonymous_7)
FNDA:0,(anonymous_8)
FNDA:0,(anonymous_9)
FNDA:0,(anonymous_10)
FNDA:0,(anonymous_11)
FNDA:0,(anonymous_12)
FNDA:0,(anonymous_13)
FNDA:0,(anonymous_14)
FNDA:0,(anonymous_15)
FNDA:0,(anonymous_16)
FNDA:0,(anonymous_17)
FNDA:0,(anonymous_18)
FNDA:0,(anonymous_19)
FNDA:0,(anonymous_20)
FNDA:0,(anonymous_21)
FNDA:0,(anonymous_22)
DA:1,0
DA:2,0
DA:11,0
DA:12,0
DA:19,0
DA:20,0
DA:22,0
DA:23,0
DA:24,0
DA:25,0
DA:27,0
DA:28,0
DA:31,0
DA:32,0
DA:35,0
DA:36,0
DA:37,0
DA:38,0
DA:39,0
DA:40,0
DA:42,0
DA:43,0
DA:44,0
DA:45,0
DA:50,0
DA:51,0
DA:52,0
DA:53,0
DA:56,0
DA:57,0
DA:58,0
DA:63,0
DA:64,0
DA:65,0
DA:67,0
DA:72,0
DA:73,0
DA:74,0
DA:75,0
DA:76,0
DA:78,0
DA:86,0
DA:87,0
DA:88,0
DA:90,0
DA:98,0
DA:99,0
DA:101,0
DA:109,0
DA:110,0
DA:112,0
DA:114,0
DA:116,0
DA:117,0
DA:122,0
DA:125,0
DA:126,0
DA:129,0
DA:130,0
DA:133,0
DA:134,0
DA:140,0
DA:143,0
DA:146,0
DA:147,0
DA:151,0
DA:152,0
DA:157,0
DA:158,0
DA:159,0
DA:160,0
DA:161,0
DA:162,0
DA:165,0
DA:175,0
DA:176,0
DA:180,0
DA:181,0
DA:182,0
DA:183,0
DA:189,0
DA:190,0
DA:191,0
DA:192,0
DA:195,0
DA:199,0
DA:217,0
DA:222,0
DA:223,0
DA:224,0
DA:229,0
DA:230,0
DA:231,0
DA:233,0
DA:234,0
DA:235,0
DA:236,0
DA:239,0
DA:240,0
DA:241,0
DA:244,0
DA:245,0
DA:247,0
DA:248,0
DA:249,0
DA:253,0
LF:106
LH:0
BRDA:19,0,0,0
BRDA:20,1,0,0
BRDA:20,2,0,0
BRDA:56,3,0,0
BRDA:56,3,1,0
BRDA:64,4,0,0
BRDA:64,4,1,0
BRDA:99,5,0,0
BRDA:99,5,1,0
BRDA:104,6,0,0
BRDA:104,6,1,0
BRDA:114,7,0,0
BRDA:114,7,1,0
BRDA:114,7,2,0
BRDA:114,7,3,0
BRDA:175,8,0,0
BRDA:175,8,1,0
BRDA:175,9,0,0
BRDA:175,9,1,0
BRDA:182,10,0,0
BRDA:182,10,1,0
BRDA:190,11,0,0
BRDA:190,11,1,0
BRDA:190,12,0,0
BRDA:190,12,1,0
BRDA:220,13,0,0
BRF:26
BRH:0
end_of_record
TN:
SF:src/pages/Analytics.tsx
FN:114,(anonymous_1)
FN:194,(anonymous_2)
FN:206,(anonymous_3)
FN:271,(anonymous_4)
FN:278,(anonymous_5)
FN:311,(anonymous_6)
FN:338,(anonymous_7)
FN:365,(anonymous_8)
FN:389,(anonymous_9)
FN:391,(anonymous_10)
FN:395,(anonymous_11)
FN:398,(anonymous_12)
FN:403,(anonymous_13)
FN:408,(anonymous_14)
FN:417,(anonymous_15)
FN:428,(anonymous_16)
FN:437,(anonymous_17)
FN:552,(anonymous_18)
FN:562,(anonymous_19)
FN:638,(anonymous_20)
FN:648,(anonymous_21)
FN:714,(anonymous_22)
FN:724,(anonymous_23)
FN:790,(anonymous_24)
FN:800,(anonymous_25)
FNF:25
FNH:0
FNDA:0,(anonymous_1)
FNDA:0,(anonymous_2)
FNDA:0,(anonymous_3)
FNDA:0,(anonymous_4)
FNDA:0,(anonymous_5)
FNDA:0,(anonymous_6)
FNDA:0,(anonymous_7)
FNDA:0,(anonymous_8)
FNDA:0,(anonymous_9)
FNDA:0,(anonymous_10)
FNDA:0,(anonymous_11)
FNDA:0,(anonymous_12)
FNDA:0,(anonymous_13)
FNDA:0,(anonymous_14)
FNDA:0,(anonymous_15)
FNDA:0,(anonymous_16)
FNDA:0,(anonymous_17)
FNDA:0,(anonymous_18)
FNDA:0,(anonymous_19)
FNDA:0,(anonymous_20)
FNDA:0,(anonymous_21)
FNDA:0,(anonymous_22)
FNDA:0,(anonymous_23)
FNDA:0,(anonymous_24)
FNDA:0,(anonymous_25)
DA:1,0
DA:2,0
DA:3,0
DA:4,0
DA:5,0
DA:7,0
DA:17,0
DA:21,0
DA:32,0
DA:38,0
DA:44,0
DA:51,0
DA:55,0
DA:65,0
DA:71,0
DA:83,0
DA:90,0
DA:96,0
DA:103,0
DA:111,0
DA:115,0
DA:116,0
DA:117,0
DA:122,0
DA:129,0
DA:137,0
DA:144,0
DA:151,0
DA:168,0
DA:191,0
DA:195,0
DA:196,0
DA:197,0
DA:198,0
DA:205,0
DA:207,0
DA:208,0
DA:209,0
DA:216,0
DA:226,0
DA:271,0
DA:272,0
DA:273,0
DA:274,0
DA:275,0
DA:278,0
DA:311,0
DA:338,0
DA:365,0
DA:389,0
DA:391,0
DA:392,0
DA:395,0
DA:398,0
DA:399,0
DA:400,0
DA:403,0
DA:404,0
DA:405,0
DA:408,0
DA:409,0
DA:410,0
DA:411,0
DA:412,0
DA:414,0
DA:417,0
DA:418,0
DA:419,0
DA:420,0
DA:422,0
DA:423,0
DA:424,0
DA:425,0
DA:428,0
DA:429,0
DA:430,0
DA:431,0
DA:432,0
DA:433,0
DA:437,0
DA:438,0
DA:439,0
DA:440,0
DA:441,0
DA:442,0
DA:446,0
DA:447,0
DA:455,0
DA:553,0
DA:563,0
DA:639,0
DA:649,0
DA:715,0
DA:725,0
DA:791,0
DA:801,0
DA:836,0
LF:97
LH:0
BRDA:115,0,0,0
BRDA:115,0,1,0
BRDA:116,1,0,0
BRDA:116,1,1,0
BRDA:195,2,0,0
BRDA:195,2,1,0
BRDA:195,2,2,0
BRDA:207,3,0,0
BRDA:207,3,1,0
BRDA:208,4,0,0
BRDA:208,4,1,0
BRDA:409,5,0,0
BRDA:409,5,1,0
BRDA:411,6,0,0
BRDA:411,6,1,0
BRDA:422,7,0,0
BRDA:422,7,1,0
BRDA:423,8,0,0
BRDA:423,8,1,0
BRDA:424,9,0,0
BRDA:424,9,1,0
BRDA:429,10,0,0
BRDA:429,10,1,0
BRDA:429,10,2,0
BRDA:429,10,3,0
BRDA:438,11,0,0
BRDA:438,11,1,0
BRDA:438,11,2,0
BRDA:438,11,3,0
BRDA:446,12,0,0
BRDA:446,12,1,0
BRDA:529,13,0,0
BRDA:529,13,1,0
BRDA:551,14,0,0
BRDA:551,14,1,0
BRDA:561,15,0,0
BRDA:561,15,1,0
BRDA:567,16,0,0
BRDA:567,16,1,0
BRDA:568,17,0,0
BRDA:568,17,1,0
BRDA:637,18,0,0
BRDA:637,18,1,0
BRDA:647,19,0,0
BRDA:647,19,1,0
BRDA:652,20,0,0
BRDA:652,20,1,0
BRDA:653,21,0,0
BRDA:653,21,1,0
BRDA:713,22,0,0
BRDA:713,22,1,0
BRDA:723,23,0,0
BRDA:723,23,1,0
BRDA:728,24,0,0
BRDA:728,24,1,0
BRDA:729,25,0,0
BRDA:729,25,1,0
BRDA:789,26,0,0
BRDA:789,26,1,0
BRDA:799,27,0,0
BRDA:799,27,1,0
BRF:61
BRH:0
end_of_record
TN:
SF:src/pages/AnimationDemo.tsx
FN:74,(anonymous_1)
FN:106,(anonymous_2)
FN:120,(anonymous_3)
FN:135,(anonymous_4)
FN:150,(anonymous_5)
FN:162,(anonymous_6)
FN:174,(anonymous_7)
FN:197,(anonymous_8)
FNF:8
FNH:0
FNDA:0,(anonymous_1)
FNDA:0,(anonymous_2)
FNDA:0,(anonymous_3)
FNDA:0,(anonymous_4)
FNDA:0,(anonymous_5)
FNDA:0,(anonymous_6)
FNDA:0,(anonymous_7)
FNDA:0,(anonymous_8)
DA:1,0
DA:2,0
DA:3,0
DA:4,0
DA:12,0
DA:18,0
DA:26,0
DA:33,0
DA:40,0
DA:48,0
DA:55,0
DA:61,0
DA:66,0
DA:74,0
DA:75,0
DA:76,0
DA:77,0
DA:78,0
DA:79,0
DA:81,0
DA:90,0
DA:106,0
DA:120,0
DA:135,0
DA:150,0
DA:162,0
DA:175,0
DA:198,0
DA:240,0
LF:29
LH:0
BRDA:165,0,0,0
BRDA:165,0,1,0
BRDA:211,1,0,0
BRDA:211,1,1,0
BRF:4
BRH:0
end_of_record
TN:
SF:src/pages/Components.tsx
FN:67,(anonymous_1)
FN:205,(anonymous_2)
FN:220,(anonymous_3)
FN:316,(anonymous_4)
FN:321,(anonymous_5)
FN:325,(anonymous_6)
FN:351,(anonymous_7)
FN:363,(anonymous_8)
FN:429,(anonymous_9)
FN:492,(anonymous_10)
FN:495,(anonymous_11)
FN:504,(anonymous_12)
FN:508,(anonymous_13)
FN:515,(anonymous_14)
FN:521,(anonymous_15)
FN:524,(anonymous_16)
FN:585,(anonymous_17)
FN:588,(anonymous_18)
FN:591,(anonymous_19)
FN:594,(anonymous_20)
FNF:20
FNH:0
FNDA:0,(anonymous_1)
FNDA:0,(anonymous_2)
FNDA:0,(anonymous_3)
FNDA:0,(anonymous_4)
FNDA:0,(anonymous_5)
FNDA:0,(anonymous_6)
FNDA:0,(anonymous_7)
FNDA:0,(anonymous_8)
FNDA:0,(anonymous_9)
FNDA:0,(anonymous_10)
FNDA:0,(anonymous_11)
FNDA:0,(anonymous_12)
FNDA:0,(anonymous_13)
FNDA:0,(anonymous_14)
FNDA:0,(anonymous_15)
FNDA:0,(anonymous_16)
FNDA:0,(anonymous_17)
FNDA:0,(anonymous_18)
FNDA:0,(anonymous_19)
FNDA:0,(anonymous_20)
DA:1,0
DA:2,0
DA:3,0
DA:4,0
DA:5,0
DA:21,0
DA:28,0
DA:33,0
DA:43,0
DA:49,0
DA:54,0
DA:58,0
DA:66,0
DA:67,0
DA:73,0
DA:78,0
DA:86,0
DA:93,0
DA:99,0
DA:106,0
DA:110,0
DA:117,0
DA:123,0
DA:135,0
DA:141,0
DA:150,0
DA:157,0
DA:166,0
DA:170,0
DA:174,0
DA:178,0
DA:183,0
DA:185,0
DA:187,0
DA:193,0
DA:197,0
DA:205,0
DA:206,0
DA:207,0
DA:208,0
DA:209,0
DA:211,0
DA:220,0
DA:221,0
DA:225,0
DA:232,0
DA:238,0
DA:244,0
DA:250,0
DA:268,0
DA:301,0
DA:316,0
DA:322,0
DA:325,0
DA:352,0
DA:364,0
DA:430,0
DA:492,0
DA:495,0
DA:504,0
DA:508,0
DA:515,0
DA:521,0
DA:524,0
DA:585,0
DA:588,0
DA:591,0
DA:594,0
DA:607,0
LF:69
LH:0
BRDA:67,0,0,0
BRDA:67,0,1,0
BRDA:221,1,0,0
BRDA:221,1,1,0
BRDA:324,2,0,0
BRDA:324,2,1,0
BRDA:334,3,0,0
BRDA:334,3,1,0
BRDA:413,4,0,0
BRDA:413,4,1,0
BRDA:457,5,0,0
BRDA:457,5,1,0
BRDA:532,6,0,0
BRDA:532,6,1,0
BRDA:559,7,0,0
BRDA:559,7,1,0
BRF:16
BRH:0
end_of_record
TN:
SF:src/pages/Dashboard.tsx
FN:248,(anonymous_1)
FN:324,(anonymous_2)
FN:338,(anonymous_3)
FN:409,(anonymous_4)
FN:420,(anonymous_5)
FN:426,(anonymous_6)
FN:525,(anonymous_7)
FN:572,(anonymous_8)
FN:580,(anonymous_9)
FN:589,(anonymous_10)
FN:601,(anonymous_11)
FN:618,(anonymous_12)
FNF:12
FNH:0
FNDA:0,(anonymous_1)
FNDA:0,(anonymous_2)
FNDA:0,(anonymous_3)
FNDA:0,(anonymous_4)
FNDA:0,(anonymous_5)
FNDA:0,(anonymous_6)
FNDA:0,(anonymous_7)
FNDA:0,(anonymous_8)
FNDA:0,(anonymous_9)
FNDA:0,(anonymous_10)
FNDA:0,(anonymous_11)
FNDA:0,(anonymous_12)
DA:1,0
DA:2,0
DA:3,0
DA:4,0
DA:5,0
DA:6,0
DA:9,0
DA:17,0
DA:22,0
DA:33,0
DA:40,0
DA:48,0
DA:54,0
DA:59,0
DA:68,0
DA:76,0
DA:80,0
DA:84,0
DA:95,0
DA:99,0
DA:111,0
DA:125,0
DA:132,0
DA:140,0
DA:144,0
DA:149,0
DA:164,0
DA:174,0
DA:202,0
DA:212,0
DA:223,0
DA:227,0
DA:238,0
DA:249,0
DA:251,0
DA:256,0
DA:261,0
DA:266,0
DA:271,0
DA:281,0
DA:286,0
DA:293,0
DA:299,0
DA:307,0
DA:311,0
DA:317,0
DA:323,0
DA:325,0
DA:327,0
DA:329,0
DA:331,0
DA:333,0
DA:335,0
DA:339,0
DA:341,0
DA:343,0
DA:345,0
DA:347,0
DA:349,0
DA:372,0
DA:376,0
DA:380,0
DA:387,0
DA:393,0
DA:399,0
DA:409,0
DA:410,0
DA:411,0
DA:412,0
DA:415,0
DA:416,0
DA:417,0
DA:420,0
DA:421,0
DA:426,0
DA:427,0
DA:428,0
DA:430,0
DA:431,0
DA:432,0
DA:436,0
DA:440,0
DA:445,0
DA:454,0
DA:493,0
DA:526,0
DA:572,0
DA:581,0
DA:590,0
DA:601,0
DA:619,0
DA:696,0
LF:92
LH:0
BRDA:249,0,0,0
BRDA:249,0,1,0
BRDA:249,0,2,0
BRDA:249,0,3,0
BRDA:249,0,4,0
BRDA:325,1,0,0
BRDA:325,1,1,0
BRDA:325,1,2,0
BRDA:325,1,3,0
BRDA:325,1,4,0
BRDA:339,2,0,0
BRDA:339,2,1,0
BRDA:339,2,2,0
BRDA:339,2,3,0
BRDA:339,2,4,0
BRDA:428,3,0,0
BRDA:428,3,1,0
BRDA:431,4,0,0
BRDA:431,4,1,0
BRDA:432,5,0,0
BRDA:432,5,1,0
BRDA:524,6,0,0
BRDA:524,6,1,0
BRDA:535,7,0,0
BRDA:535,7,1,0
BRDA:541,8,0,0
BRDA:541,8,1,0
BRDA:547,9,0,0
BRDA:547,9,1,0
BRDA:553,10,0,0
BRDA:553,10,1,0
BRDA:579,11,0,0
BRDA:579,11,1,0
BRDA:602,12,0,0
BRDA:602,12,1,0
BRDA:602,13,0,0
BRDA:602,13,1,0
BRDA:671,14,0,0
BRDA:671,14,1,0
BRF:39
BRH:0
end_of_record
TN:
SF:src/pages/ErrorHandlingDemo.tsx
FN:64,(anonymous_1)
FN:70,(anonymous_2)
FN:84,(anonymous_3)
FN:90,(anonymous_4)
FN:96,(anonymous_5)
FN:140,(anonymous_6)
FN:146,(anonymous_7)
FN:150,(anonymous_8)
FN:154,(anonymous_9)
FN:206,(anonymous_10)
FN:255,(anonymous_11)
FNF:11
FNH:0
FNDA:0,(anonymous_1)
FNDA:0,(anonymous_2)
FNDA:0,(anonymous_3)
FNDA:0,(anonymous_4)
FNDA:0,(anonymous_5)
FNDA:0,(anonymous_6)
FNDA:0,(anonymous_7)
FNDA:0,(anonymous_8)
FNDA:0,(anonymous_9)
FNDA:0,(anonymous_10)
FNDA:0,(anonymous_11)
DA:1,0
DA:2,0
DA:3,0
DA:4,0
DA:15,0
DA:17,0
DA:23,0
DA:31,0
DA:38,0
DA:45,0
DA:53,0
DA:60,0
DA:64,0
DA:70,0
DA:71,0
DA:72,0
DA:75,0
DA:84,0
DA:85,0
DA:86,0
DA:87,0
DA:88,0
DA:90,0
DA:91,0
DA:92,0
DA:94,0
DA:96,0
DA:98,0
DA:99,0
DA:101,0
DA:104,0
DA:105,0
DA:107,0
DA:111,0
DA:140,0
DA:141,0
DA:142,0
DA:143,0
DA:144,0
DA:146,0
DA:147,0
DA:150,0
DA:151,0
DA:154,0
DA:155,0
DA:158,0
DA:160,0
DA:206,0
DA:256,0
DA:290,0
LF:50
LH:0
BRDA:64,0,0,0
BRDA:64,0,1,0
BRDA:71,1,0,0
BRDA:71,1,1,0
BRDA:98,2,0,0
BRDA:98,2,1,0
BRDA:117,3,0,0
BRDA:117,3,1,0
BRDA:118,4,0,0
BRDA:118,4,1,0
BRDA:118,5,0,0
BRDA:118,5,1,0
BRDA:122,6,0,0
BRDA:122,6,1,0
BRDA:128,7,0,0
BRDA:128,7,1,0
BRDA:131,8,0,0
BRDA:131,8,1,0
BRDA:167,9,0,0
BRDA:167,9,1,0
BRDA:168,10,0,0
BRDA:168,10,1,0
BRDA:169,11,0,0
BRDA:169,11,1,0
BRDA:207,12,0,0
BRDA:207,12,1,0
BRDA:210,13,0,0
BRDA:210,13,1,0
BRDA:253,14,0,0
BRDA:253,14,1,0
BRDA:261,15,0,0
BRDA:261,15,1,0
BRDA:277,16,0,0
BRDA:277,16,1,0
BRDA:278,17,0,0
BRDA:278,17,1,0
BRDA:279,18,0,0
BRDA:279,18,1,0
BRDA:280,19,0,0
BRDA:280,19,1,0
BRDA:281,20,0,0
BRDA:281,20,1,0
BRDA:282,21,0,0
BRDA:282,21,1,0
BRF:44
BRH:0
end_of_record
TN:
SF:src/pages/NotFound.tsx
FN:65,(anonymous_1)
FN:84,(anonymous_2)
FNF:2
FNH:0
FNDA:0,(anonymous_1)
FNDA:0,(anonymous_2)
DA:2,0
DA:3,0
DA:4,0
DA:5,0
DA:7,0
DA:17,0
DA:29,0
DA:40,0
DA:48,0
DA:61,0
DA:65,0
DA:66,0
DA:84,0
DA:93,0
LF:14
LH:0
BRF:0
BRH:0
end_of_record
TN:
SF:src/pages/Profile.tsx
FN:124,(anonymous_1)
FN:131,(anonymous_2)
FN:316,(anonymous_3)
FN:332,(anonymous_4)
FN:339,(anonymous_5)
FN:340,(anonymous_6)
FN:346,(anonymous_7)
FN:347,(anonymous_8)
FN:353,(anonymous_9)
FN:354,(anonymous_10)
FN:371,(anonymous_11)
FN:379,(anonymous_12)
FN:385,(anonymous_13)
FN:389,(anonymous_14)
FN:395,(anonymous_15)
FN:411,(anonymous_16)
FN:466,(anonymous_17)
FN:481,(anonymous_18)
FN:493,(anonymous_19)
FN:507,(anonymous_20)
FN:519,(anonymous_21)
FN:551,(anonymous_22)
FN:556,(anonymous_23)
FN:560,(anonymous_24)
FN:575,(anonymous_25)
FN:605,(anonymous_26)
FN:621,(anonymous_27)
FN:641,(anonymous_28)
FN:651,(anonymous_29)
FN:670,(anonymous_30)
FN:682,(anonymous_31)
FNF:31
FNH:0
FNDA:0,(anonymous_1)
FNDA:0,(anonymous_2)
FNDA:0,(anonymous_3)
FNDA:0,(anonymous_4)
FNDA:0,(anonymous_5)
FNDA:0,(anonymous_6)
FNDA:0,(anonymous_7)
FNDA:0,(anonymous_8)
FNDA:0,(anonymous_9)
FNDA:0,(anonymous_10)
FNDA:0,(anonymous_11)
FNDA:0,(anonymous_12)
FNDA:0,(anonymous_13)
FNDA:0,(anonymous_14)
FNDA:0,(anonymous_15)
FNDA:0,(anonymous_16)
FNDA:0,(anonymous_17)
FNDA:0,(anonymous_18)
FNDA:0,(anonymous_19)
FNDA:0,(anonymous_20)
FNDA:0,(anonymous_21)
FNDA:0,(anonymous_22)
FNDA:0,(anonymous_23)
FNDA:0,(anonymous_24)
FNDA:0,(anonymous_25)
FNDA:0,(anonymous_26)
FNDA:0,(anonymous_27)
FNDA:0,(anonymous_28)
FNDA:0,(anonymous_29)
FNDA:0,(anonymous_30)
FNDA:0,(anonymous_31)
DA:1,0
DA:2,0
DA:3,0
DA:4,0
DA:8,0
DA:18,0
DA:22,0
DA:33,0
DA:39,0
DA:45,0
DA:52,0
DA:56,0
DA:66,0
DA:72,0
DA:83,0
DA:89,0
DA:95,0
DA:106,0
DA:112,0
DA:120,0
DA:124,0
DA:128,0
DA:131,0
DA:143,0
DA:150,0
DA:158,0
DA:164,0
DA:170,0
DA:180,0
DA:186,0
DA:190,0
DA:197,0
DA:203,0
DA:209,0
DA:215,0
DA:220,0
DA:225,0
DA:231,0
DA:241,0
DA:247,0
DA:260,0
DA:265,0
DA:270,0
DA:275,0
DA:288,0
DA:292,0
DA:296,0
DA:306,0
DA:316,0
DA:317,0
DA:318,0
DA:319,0
DA:320,0
DA:321,0
DA:322,0
DA:328,0
DA:329,0
DA:332,0
DA:333,0
DA:334,0
DA:335,0
DA:339,0
DA:340,0
DA:346,0
DA:347,0
DA:353,0
DA:354,0
DA:355,0
DA:356,0
DA:358,0
DA:371,0
DA:372,0
DA:373,0
DA:374,0
DA:375,0
DA:377,0
DA:379,0
DA:382,0
DA:384,0
DA:385,0
DA:387,0
DA:388,0
DA:389,0
DA:391,0
DA:395,0
DA:396,0
DA:397,0
DA:399,0
DA:400,0
DA:403,0
DA:404,0
DA:412,0
DA:423,0
DA:466,0
DA:481,0
DA:493,0
DA:507,0
DA:520,0
DA:521,0
DA:552,0
DA:557,0
DA:558,0
DA:560,0
DA:561,0
DA:575,0
DA:605,0
DA:621,0
DA:641,0
DA:651,0
DA:670,0
DA:682,0
DA:767,0
LF:112
LH:0
BRDA:333,0,0,0
BRDA:333,0,1,0
BRDA:355,1,0,0
BRDA:355,1,1,0
BRDA:356,2,0,0
BRDA:356,2,1,0
BRDA:396,3,0,0
BRDA:396,3,1,0
BRDA:403,4,0,0
BRDA:403,4,1,0
BRDA:403,5,0,0
BRDA:403,5,1,0
BRDA:434,6,0,0
BRDA:434,6,1,0
BRDA:440,7,0,0
BRDA:440,7,1,0
BRDA:465,8,0,0
BRDA:465,8,1,0
BRDA:480,9,0,0
BRDA:480,9,1,0
BRDA:492,10,0,0
BRDA:492,10,1,0
BRDA:506,11,0,0
BRDA:506,11,1,0
BRDA:516,12,0,0
BRDA:516,12,1,0
BRDA:518,13,0,0
BRDA:518,13,1,0
BRDA:520,14,0,0
BRDA:520,14,1,0
BRDA:520,15,0,0
BRDA:520,15,1,0
BRDA:520,16,0,0
BRDA:520,16,1,0
BRDA:525,17,0,0
BRDA:525,17,1,0
BRDA:555,18,0,0
BRDA:555,18,1,0
BRDA:557,19,0,0
BRDA:557,19,1,0
BRDA:558,20,0,0
BRDA:558,20,1,0
BRDA:574,21,0,0
BRDA:574,21,1,0
BRDA:604,22,0,0
BRDA:604,22,1,0
BRDA:620,23,0,0
BRDA:620,23,1,0
BRDA:640,24,0,0
BRDA:640,24,1,0
BRDA:650,25,0,0
BRDA:650,25,1,0
BRDA:669,26,0,0
BRDA:669,26,1,0
BRDA:681,27,0,0
BRDA:681,27,1,0
BRDA:759,28,0,0
BRDA:759,28,1,0
BRF:58
BRH:0
end_of_record
TN:
SF:src/pages/Signals.tsx
FN:109,(anonymous_10)
FN:140,(anonymous_11)
FN:147,(anonymous_12)
FN:156,(anonymous_13)
FN:160,(anonymous_14)
FN:165,(anonymous_15)
FN:171,(anonymous_16)
FN:177,(anonymous_17)
FN:182,(anonymous_18)
FN:188,(anonymous_19)
FN:209,(anonymous_20)
FN:214,(anonymous_21)
FN:224,(anonymous_22)
FN:225,(anonymous_23)
FN:230,(anonymous_24)
FNF:15
FNH:0
FNDA:0,(anonymous_10)
FNDA:0,(anonymous_11)
FNDA:0,(anonymous_12)
FNDA:0,(anonymous_13)
FNDA:0,(anonymous_14)
FNDA:0,(anonymous_15)
FNDA:0,(anonymous_16)
FNDA:0,(anonymous_17)
FNDA:0,(anonymous_18)
FNDA:0,(anonymous_19)
FNDA:0,(anonymous_20)
FNDA:0,(anonymous_21)
FNDA:0,(anonymous_22)
FNDA:0,(anonymous_23)
FNDA:0,(anonymous_24)
DA:1,0
DA:2,0
DA:3,0
DA:4,0
DA:14,0
DA:15,0
DA:18,0
DA:22,0
DA:29,0
DA:37,0
DA:43,0
DA:48,0
DA:57,0
DA:67,0
DA:76,0
DA:82,0
DA:87,0
DA:91,0
DA:99,0
DA:109,0
DA:111,0
DA:112,0
DA:113,0
DA:114,0
DA:115,0
DA:116,0
DA:119,0
DA:122,0
DA:128,0
DA:140,0
DA:141,0
DA:143,0
DA:146,0
DA:147,0
DA:148,0
DA:153,0
DA:156,0
DA:157,0
DA:160,0
DA:161,0
DA:162,0
DA:165,0
DA:166,0
DA:167,0
DA:168,0
DA:171,0
DA:172,0
DA:174,0
DA:177,0
DA:178,0
DA:179,0
DA:182,0
DA:183,0
DA:184,0
DA:188,0
DA:198,0
DA:209,0
DA:210,0
DA:214,0
DA:215,0
DA:216,0
DA:217,0
DA:218,0
DA:221,0
DA:224,0
DA:225,0
DA:226,0
DA:229,0
DA:230,0
DA:233,0
DA:234,0
DA:245,0
DA:342,0
LF:73
LH:0
BRDA:141,0,0,0
BRDA:141,0,1,0
BRDA:146,1,0,0
BRDA:146,1,1,0
BRDA:148,2,0,0
BRDA:148,2,1,0
BRDA:216,3,0,0
BRDA:216,3,1,0
BRDA:217,4,0,0
BRDA:217,4,1,0
BRDA:233,5,0,0
BRDA:233,5,1,0
BRDA:251,6,0,0
BRDA:251,6,1,0
BRDA:255,7,0,0
BRDA:255,7,1,0
BRDA:255,8,0,0
BRDA:255,8,1,0
BRDA:271,9,0,0
BRDA:271,9,1,0
BRDA:274,10,0,0
BRDA:274,10,1,0
BRDA:278,11,0,0
BRDA:278,11,1,0
BRDA:298,12,0,0
BRDA:298,12,1,0
BRDA:298,12,2,0
BRF:27
BRH:0
end_of_record
TN:
SF:src/pages/index.ts
FN:1,(anonymous_1)
FN:2,(anonymous_2)
FN:3,(anonymous_3)
FN:4,(anonymous_4)
FN:5,(anonymous_5)
FN:6,(anonymous_6)
FN:7,(anonymous_7)
FN:8,(anonymous_8)
FN:9,(anonymous_9)
FN:10,(anonymous_10)
FN:11,(anonymous_11)
FN:12,(anonymous_12)
FN:13,(anonymous_13)
FNF:13
FNH:0
FNDA:0,(anonymous_1)
FNDA:0,(anonymous_2)
FNDA:0,(anonymous_3)
FNDA:0,(anonymous_4)
FNDA:0,(anonymous_5)
FNDA:0,(anonymous_6)
FNDA:0,(anonymous_7)
FNDA:0,(anonymous_8)
FNDA:0,(anonymous_9)
FNDA:0,(anonymous_10)
FNDA:0,(anonymous_11)
FNDA:0,(anonymous_12)
FNDA:0,(anonymous_13)
DA:1,0
DA:2,0
DA:3,0
DA:4,0
DA:5,0
DA:6,0
DA:7,0
DA:8,0
DA:9,0
DA:10,0
DA:11,0
DA:12,0
DA:13,0
LF:13
LH:0
BRF:0
BRH:0
end_of_record
TN:
SF:src/services/alertsApi.ts
FN:48,(anonymous_0)
FN:55,(anonymous_1)
FN:63,(anonymous_2)
FN:67,(anonymous_3)
FN:68,(anonymous_4)
FN:74,(anonymous_5)
FN:75,(anonymous_6)
FN:81,(anonymous_7)
FN:82,(anonymous_8)
FN:88,(anonymous_9)
FN:92,(anonymous_10)
FN:98,(anonymous_11)
FN:99,(anonymous_12)
FN:105,(anonymous_13)
FN:106,(anonymous_14)
FN:112,(anonymous_15)
FN:113,(anonymous_16)
FN:119,(anonymous_17)
FN:120,(anonymous_18)
FN:126,(anonymous_19)
FN:127,(anonymous_20)
FN:133,(anonymous_21)
FN:157,(anonymous_22)
FN:163,(anonymous_23)
FN:167,(anonymous_24)
FN:173,(anonymous_25)
FN:209,(anonymous_26)
FN:215,(anonymous_27)
FN:219,(anonymous_28)
FNF:29
FNH:0
FNDA:0,(anonymous_0)
FNDA:0,(anonymous_1)
FNDA:0,(anonymous_2)
FNDA:0,(anonymous_3)
FNDA:0,(anonymous_4)
FNDA:0,(anonymous_5)
FNDA:0,(anonymous_6)
FNDA:0,(anonymous_7)
FNDA:0,(anonymous_8)
FNDA:0,(anonymous_9)
FNDA:0,(anonymous_10)
FNDA:0,(anonymous_11)
FNDA:0,(anonymous_12)
FNDA:0,(anonymous_13)
FNDA:0,(anonymous_14)
FNDA:0,(anonymous_15)
FNDA:0,(anonymous_16)
FNDA:0,(anonymous_17)
FNDA:0,(anonymous_18)
FNDA:0,(anonymous_19)
FNDA:0,(anonymous_20)
FNDA:0,(anonymous_21)
FNDA:0,(anonymous_22)
FNDA:0,(anonymous_23)
FNDA:0,(anonymous_24)
FNDA:0,(anonymous_25)
FNDA:0,(anonymous_26)
FNDA:0,(anonymous_27)
FNDA:0,(anonymous_28)
DA:1,0
DA:46,0
DA:52,0
DA:53,0
DA:55,0
DA:56,0
DA:57,0
DA:61,0
DA:63,0
DA:68,0
DA:69,0
DA:75,0
DA:76,0
DA:82,0
DA:83,0
DA:92,0
DA:93,0
DA:99,0
DA:100,0
DA:106,0
DA:107,0
DA:113,0
DA:114,0
DA:120,0
DA:121,0
DA:127,0
DA:128,0
DA:157,0
DA:158,0
DA:167,0
DA:168,0
DA:209,0
DA:210,0
DA:219,0
DA:220,0
LF:35
LH:0
BRDA:50,0,0,0
BRDA:56,1,0,0
BRDA:56,1,1,0
BRDA:56,2,0,0
BRDA:56,2,1,0
BRF:5
BRH:0
end_of_record
TN:
SF:src/services/analyticsApi.ts
FN:19,(anonymous_0)
FN:22,(anonymous_1)
FN:30,(anonymous_2)
FN:34,(anonymous_3)
FN:37,(anonymous_4)
FN:45,(anonymous_5)
FN:49,(anonymous_6)
FN:50,(anonymous_7)
FN:56,(anonymous_8)
FN:57,(anonymous_9)
FN:63,(anonymous_10)
FN:64,(anonymous_11)
FN:70,(anonymous_12)
FN:86,(anonymous_13)
FN:94,(anonymous_14)
FN:98,(anonymous_15)
FN:113,(anonymous_16)
FN:121,(anonymous_17)
FN:125,(anonymous_18)
FN:139,(anonymous_19)
FN:147,(anonymous_20)
FN:151,(anonymous_21)
FN:170,(anonymous_22)
FN:176,(anonymous_23)
FN:196,(anonymous_24)
FN:199,(anonymous_25)
FN:208,(anonymous_26)
FN:212,(anonymous_27)
FN:234,(anonymous_28)
FN:237,(anonymous_29)
FN:246,(anonymous_30)
FNF:31
FNH:0
FNDA:0,(anonymous_0)
FNDA:0,(anonymous_1)
FNDA:0,(anonymous_2)
FNDA:0,(anonymous_3)
FNDA:0,(anonymous_4)
FNDA:0,(anonymous_5)
FNDA:0,(anonymous_6)
FNDA:0,(anonymous_7)
FNDA:0,(anonymous_8)
FNDA:0,(anonymous_9)
FNDA:0,(anonymous_10)
FNDA:0,(anonymous_11)
FNDA:0,(anonymous_12)
FNDA:0,(anonymous_13)
FNDA:0,(anonymous_14)
FNDA:0,(anonymous_15)
FNDA:0,(anonymous_16)
FNDA:0,(anonymous_17)
FNDA:0,(anonymous_18)
FNDA:0,(anonymous_19)
FNDA:0,(anonymous_20)
FNDA:0,(anonymous_21)
FNDA:0,(anonymous_22)
FNDA:0,(anonymous_23)
FNDA:0,(anonymous_24)
FNDA:0,(anonymous_25)
FNDA:0,(anonymous_26)
FNDA:0,(anonymous_27)
FNDA:0,(anonymous_28)
FNDA:0,(anonymous_29)
FNDA:0,(anonymous_30)
DA:1,0
DA:17,0
DA:20,0
DA:22,0
DA:23,0
DA:24,0
DA:28,0
DA:30,0
DA:35,0
DA:37,0
DA:38,0
DA:39,0
DA:43,0
DA:45,0
DA:50,0
DA:51,0
DA:57,0
DA:58,0
DA:64,0
DA:65,0
DA:84,0
DA:86,0
DA:87,0
DA:88,0
DA:92,0
DA:94,0
DA:111,0
DA:113,0
DA:114,0
DA:115,0
DA:119,0
DA:121,0
DA:137,0
DA:139,0
DA:140,0
DA:141,0
DA:145,0
DA:147,0
DA:170,0
DA:171,0
DA:194,0
DA:196,0
DA:197,0
DA:198,0
DA:199,0
DA:201,0
DA:206,0
DA:208,0
DA:232,0
DA:234,0
DA:235,0
DA:236,0
DA:237,0
DA:239,0
DA:244,0
DA:246,0
LF:56
LH:0
BRDA:19,0,0,0
BRDA:23,1,0,0
BRDA:23,1,1,0
BRDA:23,2,0,0
BRDA:23,2,1,0
BRDA:28,3,0,0
BRDA:28,3,1,0
BRDA:34,4,0,0
BRDA:38,5,0,0
BRDA:38,5,1,0
BRDA:38,6,0,0
BRDA:38,6,1,0
BRDA:43,7,0,0
BRDA:43,7,1,0
BRDA:70,8,0,0
BRDA:87,9,0,0
BRDA:87,9,1,0
BRDA:87,10,0,0
BRDA:87,10,1,0
BRDA:92,11,0,0
BRDA:92,11,1,0
BRDA:98,12,0,0
BRDA:114,13,0,0
BRDA:114,13,1,0
BRDA:114,14,0,0
BRDA:114,14,1,0
BRDA:119,15,0,0
BRDA:119,15,1,0
BRDA:125,16,0,0
BRDA:140,17,0,0
BRDA:140,17,1,0
BRDA:140,18,0,0
BRDA:140,18,1,0
BRDA:145,19,0,0
BRDA:145,19,1,0
BRDA:176,20,0,0
BRDA:197,21,0,0
BRDA:197,21,1,0
BRDA:197,22,0,0
BRDA:197,22,1,0
BRDA:198,23,0,0
BRDA:198,23,1,0
BRDA:206,24,0,0
BRDA:206,24,1,0
BRDA:212,25,0,0
BRDA:235,26,0,0
BRDA:235,26,1,0
BRDA:235,27,0,0
BRDA:235,27,1,0
BRDA:236,28,0,0
BRDA:236,28,1,0
BRDA:244,29,0,0
BRDA:244,29,1,0
BRF:53
BRH:0
end_of_record
TN:
SF:src/services/index.ts
FN:2,(anonymous_1)
FN:2,(anonymous_2)
FN:2,(anonymous_3)
FN:2,(anonymous_4)
FN:3,(anonymous_5)
FN:4,(anonymous_6)
FN:5,(anonymous_7)
FN:6,(anonymous_8)
FN:7,(anonymous_9)
FN:8,(anonymous_10)
FN:12,(anonymous_11)
FN:13,(anonymous_12)
FN:14,(anonymous_13)
FN:15,(anonymous_14)
FN:16,(anonymous_15)
FN:17,(anonymous_16)
FN:18,(anonymous_17)
FNF:17
FNH:0
FNDA:0,(anonymous_1)
FNDA:0,(anonymous_2)
FNDA:0,(anonymous_3)
FNDA:0,(anonymous_4)
FNDA:0,(anonymous_5)
FNDA:0,(anonymous_6)
FNDA:0,(anonymous_7)
FNDA:0,(anonymous_8)
FNDA:0,(anonymous_9)
FNDA:0,(anonymous_10)
FNDA:0,(anonymous_11)
FNDA:0,(anonymous_12)
FNDA:0,(anonymous_13)
FNDA:0,(anonymous_14)
FNDA:0,(anonymous_15)
FNDA:0,(anonymous_16)
FNDA:0,(anonymous_17)
DA:2,0
DA:3,0
DA:4,0
DA:5,0
DA:6,0
DA:7,0
DA:8,0
DA:11,0
DA:12,0
DA:13,0
DA:14,0
DA:15,0
DA:16,0
DA:17,0
DA:18,0
LF:15
LH:0
BRF:0
BRH:0
end_of_record
TN:
SF:src/services/strategyApi.ts
FN:28,(anonymous_0)
FN:29,(anonymous_1)
FN:35,(anonymous_2)
FN:36,(anonymous_3)
FN:42,(anonymous_4)
FN:43,(anonymous_5)
FN:49,(anonymous_6)
FN:53,(anonymous_7)
FN:59,(anonymous_8)
FN:60,(anonymous_9)
FN:66,(anonymous_10)
FN:97,(anonymous_11)
FN:103,(anonymous_12)
FN:116,(anonymous_13)
FN:122,(anonymous_14)
FN:123,(anonymous_15)
FN:129,(anonymous_16)
FN:130,(anonymous_17)
FN:136,(anonymous_18)
FN:152,(anonymous_19)
FN:158,(anonymous_20)
FN:192,(anonymous_21)
FN:198,(anonymous_22)
FN:206,(anonymous_23)
FNF:24
FNH:0
FNDA:0,(anonymous_0)
FNDA:0,(anonymous_1)
FNDA:0,(anonymous_2)
FNDA:0,(anonymous_3)
FNDA:0,(anonymous_4)
FNDA:0,(anonymous_5)
FNDA:0,(anonymous_6)
FNDA:0,(anonymous_7)
FNDA:0,(anonymous_8)
FNDA:0,(anonymous_9)
FNDA:0,(anonymous_10)
FNDA:0,(anonymous_11)
FNDA:0,(anonymous_12)
FNDA:0,(anonymous_13)
FNDA:0,(anonymous_14)
FNDA:0,(anonymous_15)
FNDA:0,(anonymous_16)
FNDA:0,(anonymous_17)
FNDA:0,(anonymous_18)
FNDA:0,(anonymous_19)
FNDA:0,(anonymous_20)
FNDA:0,(anonymous_21)
FNDA:0,(anonymous_22)
FNDA:0,(anonymous_23)
DA:1,0
DA:26,0
DA:29,0
DA:30,0
DA:36,0
DA:37,0
DA:43,0
DA:44,0
DA:53,0
DA:54,0
DA:60,0
DA:61,0
DA:97,0
DA:98,0
DA:116,0
DA:117,0
DA:123,0
DA:124,0
DA:130,0
DA:131,0
DA:152,0
DA:153,0
DA:192,0
DA:193,0
DA:206,0
DA:207,0
LF:26
LH:0
BRF:0
BRH:0
end_of_record
TN:
SF:src/services/userProfilesApi.ts
FN:42,(anonymous_0)
FN:43,(anonymous_1)
FN:49,(anonymous_2)
FN:53,(anonymous_3)
FN:59,(anonymous_4)
FN:63,(anonymous_5)
FN:69,(anonymous_6)
FN:83,(anonymous_7)
FN:89,(anonymous_8)
FN:98,(anonymous_9)
FN:104,(anonymous_10)
FN:114,(anonymous_11)
FN:120,(anonymous_12)
FN:137,(anonymous_13)
FN:143,(anonymous_14)
FN:152,(anonymous_15)
FN:158,(anonymous_16)
FN:163,(anonymous_17)
FN:169,(anonymous_18)
FN:170,(anonymous_19)
FNF:20
FNH:0
FNDA:0,(anonymous_0)
FNDA:0,(anonymous_1)
FNDA:0,(anonymous_2)
FNDA:0,(anonymous_3)
FNDA:0,(anonymous_4)
FNDA:0,(anonymous_5)
FNDA:0,(anonymous_6)
FNDA:0,(anonymous_7)
FNDA:0,(anonymous_8)
FNDA:0,(anonymous_9)
FNDA:0,(anonymous_10)
FNDA:0,(anonymous_11)
FNDA:0,(anonymous_12)
FNDA:0,(anonymous_13)
FNDA:0,(anonymous_14)
FNDA:0,(anonymous_15)
FNDA:0,(anonymous_16)
FNDA:0,(anonymous_17)
FNDA:0,(anonymous_18)
FNDA:0,(anonymous_19)
DA:1,0
DA:40,0
DA:43,0
DA:44,0
DA:53,0
DA:54,0
DA:63,0
DA:64,0
DA:83,0
DA:84,0
DA:98,0
DA:99,0
DA:114,0
DA:115,0
DA:137,0
DA:138,0
DA:152,0
DA:153,0
DA:163,0
DA:164,0
DA:170,0
DA:171,0
LF:22
LH:0
BRF:0
BRH:0
end_of_record
TN:
SF:src/stores/authStore.ts
FN:39,(anonymous_0)
FN:48,(anonymous_1)
FN:90,(anonymous_2)
FN:103,(anonymous_3)
FN:140,(anonymous_4)
FN:166,(anonymous_5)
FN:170,(anonymous_6)
FN:175,(anonymous_7)
FN:179,(anonymous_8)
FN:183,(anonymous_9)
FN:189,(anonymous_10)
FNF:11
FNH:0
FNDA:0,(anonymous_0)
FNDA:0,(anonymous_1)
FNDA:0,(anonymous_2)
FNDA:0,(anonymous_3)
FNDA:0,(anonymous_4)
FNDA:0,(anonymous_5)
FNDA:0,(anonymous_6)
FNDA:0,(anonymous_7)
FNDA:0,(anonymous_8)
FNDA:0,(anonymous_9)
FNDA:0,(anonymous_10)
DA:1,0
DA:2,0
DA:37,0
DA:39,0
DA:49,0
DA:51,0
DA:56,0
DA:66,0
DA:68,0
DA:77,0
DA:80,0
DA:91,0
DA:100,0
DA:104,0
DA:106,0
DA:111,0
DA:121,0
DA:130,0
DA:141,0
DA:142,0
DA:144,0
DA:146,0
DA:150,0
DA:152,0
DA:159,0
DA:167,0
DA:171,0
DA:172,0
DA:176,0
DA:180,0
DA:184,0
DA:189,0
LF:32
LH:0
BRDA:85,0,0,0
BRDA:85,0,1,0
BRDA:135,1,0,0
BRDA:135,1,1,0
BRDA:142,2,0,0
BRDA:142,2,1,0
BRDA:161,3,0,0
BRDA:161,3,1,0
BRF:8
BRH:0
end_of_record
TN:
SF:src/stores/index.ts
FN:2,(anonymous_0)
FN:3,(anonymous_1)
FN:4,(anonymous_2)
FNF:3
FNH:0
FNDA:0,(anonymous_0)
FNDA:0,(anonymous_1)
FNDA:0,(anonymous_2)
DA:2,0
DA:3,0
DA:4,0
LF:3
LH:0
BRF:0
BRH:0
end_of_record
TN:
SF:src/stores/signalsStore.ts
FN:69,(anonymous_0)
FN:81,(anonymous_1)
FN:85,(anonymous_2)
FN:86,(anonymous_3)
FN:92,(anonymous_4)
FN:93,(anonymous_5)
FN:94,(anonymous_6)
FN:97,(anonymous_7)
FN:107,(anonymous_8)
FN:108,(anonymous_9)
FN:109,(anonymous_10)
FN:110,(anonymous_11)
FN:116,(anonymous_12)
FN:120,(anonymous_13)
FN:125,(anonymous_14)
FN:126,(anonymous_15)
FN:132,(anonymous_16)
FN:137,(anonymous_17)
FN:138,(anonymous_18)
FN:143,(anonymous_19)
FN:144,(anonymous_20)
FN:149,(anonymous_21)
FN:150,(anonymous_22)
FN:156,(anonymous_23)
FN:160,(anonymous_24)
FN:164,(anonymous_25)
FN:169,(anonymous_26)
FN:171,(anonymous_27)
FN:174,(anonymous_28)
FN:176,(anonymous_29)
FN:179,(anonymous_30)
FN:181,(anonymous_31)
FN:184,(anonymous_32)
FN:186,(anonymous_33)
FN:189,(anonymous_34)
FNF:35
FNH:0
FNDA:0,(anonymous_0)
FNDA:0,(anonymous_1)
FNDA:0,(anonymous_2)
FNDA:0,(anonymous_3)
FNDA:0,(anonymous_4)
FNDA:0,(anonymous_5)
FNDA:0,(anonymous_6)
FNDA:0,(anonymous_7)
FNDA:0,(anonymous_8)
FNDA:0,(anonymous_9)
FNDA:0,(anonymous_10)
FNDA:0,(anonymous_11)
FNDA:0,(anonymous_12)
FNDA:0,(anonymous_13)
FNDA:0,(anonymous_14)
FNDA:0,(anonymous_15)
FNDA:0,(anonymous_16)
FNDA:0,(anonymous_17)
FNDA:0,(anonymous_18)
FNDA:0,(anonymous_19)
FNDA:0,(anonymous_20)
FNDA:0,(anonymous_21)
FNDA:0,(anonymous_22)
FNDA:0,(anonymous_23)
FNDA:0,(anonymous_24)
FNDA:0,(anonymous_25)
FNDA:0,(anonymous_26)
FNDA:0,(anonymous_27)
FNDA:0,(anonymous_28)
FNDA:0,(anonymous_29)
FNDA:0,(anonymous_30)
FNDA:0,(anonymous_31)
FNDA:0,(anonymous_32)
FNDA:0,(anonymous_33)
FNDA:0,(anonymous_34)
DA:1,0
DA:53,0
DA:62,0
DA:69,0
DA:82,0
DA:86,0
DA:93,0
DA:95,0
DA:98,0
DA:108,0
DA:109,0
DA:110,0
DA:117,0
DA:121,0
DA:126,0
DA:133,0
DA:138,0
DA:144,0
DA:150,0
DA:157,0
DA:161,0
DA:165,0
DA:170,0
DA:171,0
DA:175,0
DA:176,0
DA:180,0
DA:181,0
DA:185,0
DA:186,0
DA:190,0
LF:31
LH:0
BRDA:95,0,0,0
BRDA:95,0,1,0
BRDA:98,1,0,0
BRDA:98,1,1,0
BRDA:100,2,0,0
BRDA:100,2,1,0
BRDA:111,3,0,0
BRDA:111,3,1,0
BRDA:184,4,0,0
BRF:9
BRH:0
end_of_record
TN:
SF:src/stores/uiStore.ts
FN:83,(anonymous_0)
FN:98,(anonymous_1)
FN:103,(anonymous_2)
FN:111,(anonymous_3)
FN:115,(anonymous_4)
FN:121,(anonymous_5)
FN:125,(anonymous_6)
FN:131,(anonymous_7)
FN:139,(anonymous_8)
FN:144,(anonymous_9)
FN:145,(anonymous_10)
FN:146,(anonymous_11)
FN:150,(anonymous_12)
FN:151,(anonymous_13)
FN:152,(anonymous_14)
FN:158,(anonymous_15)
FN:159,(anonymous_16)
FN:160,(anonymous_17)
FN:164,(anonymous_18)
FN:169,(anonymous_19)
FN:170,(anonymous_20)
FN:175,(anonymous_21)
FN:176,(anonymous_22)
FN:181,(anonymous_23)
FN:182,(anonymous_24)
FN:188,(anonymous_25)
FN:189,(anonymous_26)
FN:194,(anonymous_27)
FN:195,(anonymous_28)
FN:200,(anonymous_29)
FN:201,(anonymous_30)
FN:206,(anonymous_31)
FN:211,(anonymous_32)
FN:217,(anonymous_33)
FN:223,(anonymous_34)
FN:228,(anonymous_35)
FN:229,(anonymous_36)
FN:230,(anonymous_37)
FN:234,(anonymous_38)
FN:240,(anonymous_39)
FNF:40
FNH:0
FNDA:0,(anonymous_0)
FNDA:0,(anonymous_1)
FNDA:0,(anonymous_2)
FNDA:0,(anonymous_3)
FNDA:0,(anonymous_4)
FNDA:0,(anonymous_5)
FNDA:0,(anonymous_6)
FNDA:0,(anonymous_7)
FNDA:0,(anonymous_8)
FNDA:0,(anonymous_9)
FNDA:0,(anonymous_10)
FNDA:0,(anonymous_11)
FNDA:0,(anonymous_12)
FNDA:0,(anonymous_13)
FNDA:0,(anonymous_14)
FNDA:0,(anonymous_15)
FNDA:0,(anonymous_16)
FNDA:0,(anonymous_17)
FNDA:0,(anonymous_18)
FNDA:0,(anonymous_19)
FNDA:0,(anonymous_20)
FNDA:0,(anonymous_21)
FNDA:0,(anonymous_22)
FNDA:0,(anonymous_23)
FNDA:0,(anonymous_24)
FNDA:0,(anonymous_25)
FNDA:0,(anonymous_26)
FNDA:0,(anonymous_27)
FNDA:0,(anonymous_28)
FNDA:0,(anonymous_29)
FNDA:0,(anonymous_30)
FNDA:0,(anonymous_31)
FNDA:0,(anonymous_32)
FNDA:0,(anonymous_33)
FNDA:0,(anonymous_34)
FNDA:0,(anonymous_35)
FNDA:0,(anonymous_36)
FNDA:0,(anonymous_37)
FNDA:0,(anonymous_38)
FNDA:0,(anonymous_39)
DA:1,0
DA:2,0
DA:81,0
DA:83,0
DA:99,0
DA:100,0
DA:104,0
DA:105,0
DA:106,0
DA:107,0
DA:112,0
DA:116,0
DA:117,0
DA:122,0
DA:126,0
DA:127,0
DA:132,0
DA:139,0
DA:145,0
DA:146,0
DA:151,0
DA:153,0
DA:159,0
DA:160,0
DA:165,0
DA:170,0
DA:176,0
DA:182,0
DA:189,0
DA:195,0
DA:201,0
DA:207,0
DA:212,0
DA:217,0
DA:222,0
DA:223,0
DA:224,0
DA:229,0
DA:230,0
DA:235,0
DA:240,0
LF:41
LH:0
BRDA:105,0,0,0
BRDA:105,0,1,0
BRDA:153,1,0,0
BRDA:153,1,1,0
BRDA:222,2,0,0
BRDA:222,2,1,0
BRF:6
BRH:0
end_of_record
TN:
SF:src/styles/GlobalStyles.ts
FNF:0
FNH:0
DA:1,0
DA:2,0
DA:4,0
LF:3
LH:0
BRF:0
BRH:0
end_of_record
TN:
SF:src/styles/theme.ts
FNF:0
FNH:0
DA:3,0
DA:36,0
DA:42,0
LF:3
LH:0
BRF:0
BRH:0
end_of_record
TN:
SF:src/utils/accessibilityTest.ts
FN:4,(anonymous_0)
FN:8,(anonymous_1)
FN:21,(anonymous_2)
FN:26,(anonymous_3)
FN:47,(anonymous_4)
FN:53,(anonymous_5)
FN:71,(anonymous_6)
FN:75,(anonymous_7)
FN:101,(anonymous_8)
FN:107,(anonymous_9)
FN:121,(anonymous_10)
FN:136,(anonymous_11)
FN:146,(anonymous_12)
FN:147,(anonymous_13)
FNF:14
FNH:0
FNDA:0,(anonymous_0)
FNDA:0,(anonymous_1)
FNDA:0,(anonymous_2)
FNDA:0,(anonymous_3)
FNDA:0,(anonymous_4)
FNDA:0,(anonymous_5)
FNDA:0,(anonymous_6)
FNDA:0,(anonymous_7)
FNDA:0,(anonymous_8)
FNDA:0,(anonymous_9)
FNDA:0,(anonymous_10)
FNDA:0,(anonymous_11)
FNDA:0,(anonymous_12)
FNDA:0,(anonymous_13)
DA:2,0
DA:5,0
DA:6,0
DA:8,0
DA:9,0
DA:10,0
DA:14,0
DA:22,0
DA:23,0
DA:24,0
DA:26,0
DA:27,0
DA:29,0
DA:30,0
DA:33,0
DA:34,0
DA:37,0
DA:40,0
DA:48,0
DA:51,0
DA:53,0
DA:54,0
DA:59,0
DA:60,0
DA:64,0
DA:72,0
DA:73,0
DA:75,0
DA:76,0
DA:77,0
DA:78,0
DA:81,0
DA:85,0
DA:86,0
DA:88,0
DA:89,0
DA:94,0
DA:102,0
DA:103,0
DA:107,0
DA:108,0
DA:109,0
DA:110,0
DA:114,0
DA:122,0
DA:123,0
DA:125,0
DA:126,0
DA:129,0
DA:137,0
DA:146,0
DA:147,0
DA:148,0
DA:150,0
DA:164,0
DA:165,0
DA:166,0
LF:57
LH:0
BRDA:9,0,0,0
BRDA:9,0,1,0
BRDA:9,1,0,0
BRDA:9,1,1,0
BRDA:29,2,0,0
BRDA:29,2,1,0
BRDA:29,3,0,0
BRDA:29,3,1,0
BRDA:33,4,0,0
BRDA:33,4,1,0
BRDA:54,5,0,0
BRDA:54,5,1,0
BRDA:54,5,2,0
BRDA:54,5,3,0
BRDA:59,6,0,0
BRDA:59,6,1,0
BRDA:81,7,0,0
BRDA:81,7,1,0
BRDA:81,8,0,0
BRDA:81,8,1,0
BRDA:81,8,2,0
BRDA:81,8,3,0
BRDA:85,9,0,0
BRDA:85,9,1,0
BRDA:86,10,0,0
BRDA:86,10,1,0
BRDA:88,11,0,0
BRDA:88,11,1,0
BRDA:109,12,0,0
BRDA:109,12,1,0
BRDA:109,13,0,0
BRDA:109,13,1,0
BRDA:125,14,0,0
BRDA:125,14,1,0
BRDA:164,15,0,0
BRDA:164,15,1,0
BRF:36
BRH:0
end_of_record
